[0.010s] Invoking command in '/home/kk/github/ros2_control_moveit_6-dor-arm/ros_ws/build/my_robot_controller': CMAKE_PREFIX_PATH=/opt/ros/humble /usr/bin/cmake /home/kk/github/ros2_control_moveit_6-dor-arm/ros_ws/src/my_robot_controller -DAMENT_CMAKE_SYMLINK_INSTALL=1 -DCMAKE_INSTALL_PREFIX=/home/kk/github/ros2_control_moveit_6-dor-arm/ros_ws/install/my_robot_controller
[0.018s] -- Found ament_cmake: 1.3.14 (/opt/ros/humble/share/ament_cmake/cmake)
[0.104s] -- Override CMake install command with custom implementation using symlinks instead of copying resources
[0.110s] -- Found ament_lint_auto: 0.12.15 (/opt/ros/humble/share/ament_lint_auto/cmake)
[0.161s] -- Added test 'lint_cmake' to check CMake code style
[0.162s] -- Added test 'xmllint' to check XML markup files
[0.163s] -- Configuring done
[0.166s] -- Generating done
[0.166s] -- Build files have been written to: /home/kk/github/ros2_control_moveit_6-dor-arm/ros_ws/build/my_robot_controller
[0.169s] Invoked command in '/home/kk/github/ros2_control_moveit_6-dor-arm/ros_ws/build/my_robot_controller' returned '0': CMAKE_PREFIX_PATH=/opt/ros/humble /usr/bin/cmake /home/kk/github/ros2_control_moveit_6-dor-arm/ros_ws/src/my_robot_controller -DAMENT_CMAKE_SYMLINK_INSTALL=1 -DCMAKE_INSTALL_PREFIX=/home/kk/github/ros2_control_moveit_6-dor-arm/ros_ws/install/my_robot_controller
[0.170s] Invoking command in '/home/kk/github/ros2_control_moveit_6-dor-arm/ros_ws/build/my_robot_controller': CMAKE_PREFIX_PATH=/opt/ros/humble /usr/bin/cmake --build /home/kk/github/ros2_control_moveit_6-dor-arm/ros_ws/build/my_robot_controller -- -j16 -l16
[0.205s] Invoked command in '/home/kk/github/ros2_control_moveit_6-dor-arm/ros_ws/build/my_robot_controller' returned '0': CMAKE_PREFIX_PATH=/opt/ros/humble /usr/bin/cmake --build /home/kk/github/ros2_control_moveit_6-dor-arm/ros_ws/build/my_robot_controller -- -j16 -l16
[0.206s] Invoking command in '/home/kk/github/ros2_control_moveit_6-dor-arm/ros_ws/build/my_robot_controller': CMAKE_PREFIX_PATH=/opt/ros/humble /usr/bin/cmake --install /home/kk/github/ros2_control_moveit_6-dor-arm/ros_ws/build/my_robot_controller
[0.212s] -- Install configuration: ""
[0.213s] -- Execute custom install script
[0.213s] -- Symlinking: /home/kk/github/ros2_control_moveit_6-dor-arm/ros_ws/install/my_robot_controller/share/ament_index/resource_index/package_run_dependencies/my_robot_controller
[0.220s] -- Symlinking: /home/kk/github/ros2_control_moveit_6-dor-arm/ros_ws/install/my_robot_controller/share/ament_index/resource_index/parent_prefix_path/my_robot_controller
[0.229s] -- Symlinking: /home/kk/github/ros2_control_moveit_6-dor-arm/ros_ws/install/my_robot_controller/share/my_robot_controller/environment/ament_prefix_path.sh
[0.238s] -- Symlinking: /home/kk/github/ros2_control_moveit_6-dor-arm/ros_ws/install/my_robot_controller/share/my_robot_controller/environment/ament_prefix_path.dsv
[0.246s] -- Symlinking: /home/kk/github/ros2_control_moveit_6-dor-arm/ros_ws/install/my_robot_controller/share/my_robot_controller/environment/path.sh
[0.254s] -- Symlinking: /home/kk/github/ros2_control_moveit_6-dor-arm/ros_ws/install/my_robot_controller/share/my_robot_controller/environment/path.dsv
[0.262s] -- Symlinking: /home/kk/github/ros2_control_moveit_6-dor-arm/ros_ws/install/my_robot_controller/share/my_robot_controller/local_setup.bash
[0.269s] -- Symlinking: /home/kk/github/ros2_control_moveit_6-dor-arm/ros_ws/install/my_robot_controller/share/my_robot_controller/local_setup.sh
[0.277s] -- Symlinking: /home/kk/github/ros2_control_moveit_6-dor-arm/ros_ws/install/my_robot_controller/share/my_robot_controller/local_setup.zsh
[0.285s] -- Symlinking: /home/kk/github/ros2_control_moveit_6-dor-arm/ros_ws/install/my_robot_controller/share/my_robot_controller/local_setup.dsv
[0.293s] -- Symlinking: /home/kk/github/ros2_control_moveit_6-dor-arm/ros_ws/install/my_robot_controller/share/my_robot_controller/package.dsv
[0.301s] -- Symlinking: /home/kk/github/ros2_control_moveit_6-dor-arm/ros_ws/install/my_robot_controller/share/ament_index/resource_index/packages/my_robot_controller
[0.308s] -- Symlinking: /home/kk/github/ros2_control_moveit_6-dor-arm/ros_ws/install/my_robot_controller/share/my_robot_controller/cmake/my_robot_controllerConfig.cmake
[0.316s] -- Symlinking: /home/kk/github/ros2_control_moveit_6-dor-arm/ros_ws/install/my_robot_controller/share/my_robot_controller/cmake/my_robot_controllerConfig-version.cmake
[0.324s] -- Symlinking: /home/kk/github/ros2_control_moveit_6-dor-arm/ros_ws/install/my_robot_controller/share/my_robot_controller/package.xml
[0.338s] Invoked command in '/home/kk/github/ros2_control_moveit_6-dor-arm/ros_ws/build/my_robot_controller' returned '0': CMAKE_PREFIX_PATH=/opt/ros/humble /usr/bin/cmake --install /home/kk/github/ros2_control_moveit_6-dor-arm/ros_ws/build/my_robot_controller
