[0.010s] Invoking command in '/home/kk/github/ros2_control_moveit_6-dor-arm/ros_ws/build/my_robot_bringup': CMAKE_PREFIX_PATH=/opt/ros/humble /usr/bin/cmake /home/kk/github/ros2_control_moveit_6-dor-arm/ros_ws/src/my_robot_bringup -DAMENT_CMAKE_SYMLINK_INSTALL=1 -DCMAKE_INSTALL_PREFIX=/home/kk/github/ros2_control_moveit_6-dor-arm/ros_ws/install/my_robot_bringup
[0.019s] -- Found ament_cmake: 1.3.14 (/opt/ros/humble/share/ament_cmake/cmake)
[0.105s] -- Override CMake install command with custom implementation using symlinks instead of copying resources
[0.158s] -- Configuring done
[0.160s] -- Generating done
[0.161s] -- Build files have been written to: /home/kk/github/ros2_control_moveit_6-dor-arm/ros_ws/build/my_robot_bringup
[0.164s] Invoked command in '/home/kk/github/ros2_control_moveit_6-dor-arm/ros_ws/build/my_robot_bringup' returned '0': CMAKE_PREFIX_PATH=/opt/ros/humble /usr/bin/cmake /home/kk/github/ros2_control_moveit_6-dor-arm/ros_ws/src/my_robot_bringup -DAMENT_CMAKE_SYMLINK_INSTALL=1 -DCMAKE_INSTALL_PREFIX=/home/kk/github/ros2_control_moveit_6-dor-arm/ros_ws/install/my_robot_bringup
[0.166s] Invoking command in '/home/kk/github/ros2_control_moveit_6-dor-arm/ros_ws/build/my_robot_bringup': CMAKE_PREFIX_PATH=/opt/ros/humble /usr/bin/cmake --build /home/kk/github/ros2_control_moveit_6-dor-arm/ros_ws/build/my_robot_bringup -- -j16 -l16
[0.197s] Invoked command in '/home/kk/github/ros2_control_moveit_6-dor-arm/ros_ws/build/my_robot_bringup' returned '0': CMAKE_PREFIX_PATH=/opt/ros/humble /usr/bin/cmake --build /home/kk/github/ros2_control_moveit_6-dor-arm/ros_ws/build/my_robot_bringup -- -j16 -l16
[0.204s] Invoking command in '/home/kk/github/ros2_control_moveit_6-dor-arm/ros_ws/build/my_robot_bringup': CMAKE_PREFIX_PATH=/opt/ros/humble /usr/bin/cmake --install /home/kk/github/ros2_control_moveit_6-dor-arm/ros_ws/build/my_robot_bringup
[0.210s] -- Install configuration: ""
[0.211s] -- Execute custom install script
[0.211s] -- Symlinking: /home/kk/github/ros2_control_moveit_6-dor-arm/ros_ws/install/my_robot_bringup/share/ament_index/resource_index/package_run_dependencies/my_robot_bringup
[0.218s] -- Symlinking: /home/kk/github/ros2_control_moveit_6-dor-arm/ros_ws/install/my_robot_bringup/share/ament_index/resource_index/parent_prefix_path/my_robot_bringup
[0.226s] -- Symlinking: /home/kk/github/ros2_control_moveit_6-dor-arm/ros_ws/install/my_robot_bringup/share/my_robot_bringup/environment/ament_prefix_path.sh
[0.234s] -- Symlinking: /home/kk/github/ros2_control_moveit_6-dor-arm/ros_ws/install/my_robot_bringup/share/my_robot_bringup/environment/ament_prefix_path.dsv
[0.241s] -- Symlinking: /home/kk/github/ros2_control_moveit_6-dor-arm/ros_ws/install/my_robot_bringup/share/my_robot_bringup/environment/path.sh
[0.249s] -- Symlinking: /home/kk/github/ros2_control_moveit_6-dor-arm/ros_ws/install/my_robot_bringup/share/my_robot_bringup/environment/path.dsv
[0.257s] -- Symlinking: /home/kk/github/ros2_control_moveit_6-dor-arm/ros_ws/install/my_robot_bringup/share/my_robot_bringup/local_setup.bash
[0.264s] -- Symlinking: /home/kk/github/ros2_control_moveit_6-dor-arm/ros_ws/install/my_robot_bringup/share/my_robot_bringup/local_setup.sh
[0.272s] -- Symlinking: /home/kk/github/ros2_control_moveit_6-dor-arm/ros_ws/install/my_robot_bringup/share/my_robot_bringup/local_setup.zsh
[0.280s] -- Symlinking: /home/kk/github/ros2_control_moveit_6-dor-arm/ros_ws/install/my_robot_bringup/share/my_robot_bringup/local_setup.dsv
[0.288s] -- Symlinking: /home/kk/github/ros2_control_moveit_6-dor-arm/ros_ws/install/my_robot_bringup/share/my_robot_bringup/package.dsv
[0.295s] -- Symlinking: /home/kk/github/ros2_control_moveit_6-dor-arm/ros_ws/install/my_robot_bringup/share/ament_index/resource_index/packages/my_robot_bringup
[0.303s] -- Symlinking: /home/kk/github/ros2_control_moveit_6-dor-arm/ros_ws/install/my_robot_bringup/share/my_robot_bringup/cmake/my_robot_bringupConfig.cmake
[0.311s] -- Symlinking: /home/kk/github/ros2_control_moveit_6-dor-arm/ros_ws/install/my_robot_bringup/share/my_robot_bringup/cmake/my_robot_bringupConfig-version.cmake
[0.319s] -- Symlinking: /home/kk/github/ros2_control_moveit_6-dor-arm/ros_ws/install/my_robot_bringup/share/my_robot_bringup/package.xml
[0.328s] Invoked command in '/home/kk/github/ros2_control_moveit_6-dor-arm/ros_ws/build/my_robot_bringup' returned '0': CMAKE_PREFIX_PATH=/opt/ros/humble /usr/bin/cmake --install /home/kk/github/ros2_control_moveit_6-dor-arm/ros_ws/build/my_robot_bringup
