[0.064s] DEBUG:colcon:Command line arguments: ['/usr/bin/colcon', 'build', '--symlink-install']
[0.064s] DEBUG:colcon:Parsed command line arguments: Namespace(log_base=None, log_level=None, verb_name='build', build_base='build', install_base='install', merge_install=False, symlink_install=True, test_result_base=None, continue_on_error=False, executor='parallel', parallel_workers=16, event_handlers=None, ignore_user_meta=False, metas=['./colcon.meta'], base_paths=['.'], packages_ignore=None, packages_ignore_regex=None, paths=None, packages_up_to=None, packages_up_to_regex=None, packages_above=None, packages_above_and_dependencies=None, packages_above_depth=None, packages_select_by_dep=None, packages_skip_by_dep=None, packages_skip_up_to=None, packages_select_build_failed=False, packages_skip_build_finished=False, packages_select_test_failures=False, packages_skip_test_passed=False, packages_select=None, packages_skip=None, packages_select_regex=None, packages_skip_regex=None, packages_start=None, packages_end=None, allow_overriding=[], cmake_args=None, cmake_target=None, cmake_target_skip_unavailable=False, cmake_clean_cache=False, cmake_clean_first=False, cmake_force_configure=False, ament_cmake_args=None, catkin_cmake_args=None, catkin_skip_building_tests=False, verb_parser=<colcon_defaults.argument_parser.defaults.DefaultArgumentsDecorator object at 0x77d270545630>, verb_extension=<colcon_core.verb.build.BuildVerb object at 0x77d2705447f0>, main=<bound method BuildVerb.main of <colcon_core.verb.build.BuildVerb object at 0x77d2705447f0>>)
[0.169s] Level 1:colcon.colcon_core.package_discovery:discover_packages(colcon_meta) check parameters
[0.169s] Level 1:colcon.colcon_core.package_discovery:discover_packages(recursive) check parameters
[0.169s] Level 1:colcon.colcon_core.package_discovery:discover_packages(ignore) check parameters
[0.169s] Level 1:colcon.colcon_core.package_discovery:discover_packages(path) check parameters
[0.170s] Level 1:colcon.colcon_core.package_discovery:discover_packages(colcon_meta) discover
[0.170s] Level 1:colcon.colcon_core.package_discovery:discover_packages(recursive) discover
[0.170s] INFO:colcon.colcon_core.package_discovery:Crawling recursively for packages in '/home/kk/github/ros2_control_moveit_6-dor-arm/ros_ws'
[0.170s] Level 1:colcon.colcon_core.package_identification:_identify(.) by extensions ['ignore', 'ignore_ament_install']
[0.170s] Level 1:colcon.colcon_core.package_identification:_identify(.) by extension 'ignore'
[0.170s] Level 1:colcon.colcon_core.package_identification:_identify(.) by extension 'ignore_ament_install'
[0.170s] Level 1:colcon.colcon_core.package_identification:_identify(.) by extensions ['colcon_pkg']
[0.170s] Level 1:colcon.colcon_core.package_identification:_identify(.) by extension 'colcon_pkg'
[0.170s] Level 1:colcon.colcon_core.package_identification:_identify(.) by extensions ['colcon_meta']
[0.170s] Level 1:colcon.colcon_core.package_identification:_identify(.) by extension 'colcon_meta'
[0.170s] Level 1:colcon.colcon_core.package_identification:_identify(.) by extensions ['ros']
[0.170s] Level 1:colcon.colcon_core.package_identification:_identify(.) by extension 'ros'
[0.176s] Level 1:colcon.colcon_core.package_identification:_identify(.) by extensions ['cmake', 'python']
[0.176s] Level 1:colcon.colcon_core.package_identification:_identify(.) by extension 'cmake'
[0.176s] Level 1:colcon.colcon_core.package_identification:_identify(.) by extension 'python'
[0.176s] Level 1:colcon.colcon_core.package_identification:_identify(.) by extensions ['python_setup_py']
[0.176s] Level 1:colcon.colcon_core.package_identification:_identify(.) by extension 'python_setup_py'
[0.177s] Level 1:colcon.colcon_core.package_identification:_identify(build) by extensions ['ignore', 'ignore_ament_install']
[0.177s] Level 1:colcon.colcon_core.package_identification:_identify(build) by extension 'ignore'
[0.177s] Level 1:colcon.colcon_core.package_identification:_identify(build) ignored
[0.177s] Level 1:colcon.colcon_core.package_identification:_identify(install) by extensions ['ignore', 'ignore_ament_install']
[0.177s] Level 1:colcon.colcon_core.package_identification:_identify(install) by extension 'ignore'
[0.177s] Level 1:colcon.colcon_core.package_identification:_identify(install) ignored
[0.177s] Level 1:colcon.colcon_core.package_identification:_identify(log) by extensions ['ignore', 'ignore_ament_install']
[0.177s] Level 1:colcon.colcon_core.package_identification:_identify(log) by extension 'ignore'
[0.177s] Level 1:colcon.colcon_core.package_identification:_identify(log) ignored
[0.177s] Level 1:colcon.colcon_core.package_identification:_identify(src) by extensions ['ignore', 'ignore_ament_install']
[0.177s] Level 1:colcon.colcon_core.package_identification:_identify(src) by extension 'ignore'
[0.177s] Level 1:colcon.colcon_core.package_identification:_identify(src) by extension 'ignore_ament_install'
[0.177s] Level 1:colcon.colcon_core.package_identification:_identify(src) by extensions ['colcon_pkg']
[0.177s] Level 1:colcon.colcon_core.package_identification:_identify(src) by extension 'colcon_pkg'
[0.177s] Level 1:colcon.colcon_core.package_identification:_identify(src) by extensions ['colcon_meta']
[0.177s] Level 1:colcon.colcon_core.package_identification:_identify(src) by extension 'colcon_meta'
[0.177s] Level 1:colcon.colcon_core.package_identification:_identify(src) by extensions ['ros']
[0.177s] Level 1:colcon.colcon_core.package_identification:_identify(src) by extension 'ros'
[0.177s] Level 1:colcon.colcon_core.package_identification:_identify(src) by extensions ['cmake', 'python']
[0.177s] Level 1:colcon.colcon_core.package_identification:_identify(src) by extension 'cmake'
[0.177s] Level 1:colcon.colcon_core.package_identification:_identify(src) by extension 'python'
[0.177s] Level 1:colcon.colcon_core.package_identification:_identify(src) by extensions ['python_setup_py']
[0.177s] Level 1:colcon.colcon_core.package_identification:_identify(src) by extension 'python_setup_py'
[0.177s] Level 1:colcon.colcon_core.package_identification:_identify(src/my_robot_bringup) by extensions ['ignore', 'ignore_ament_install']
[0.177s] Level 1:colcon.colcon_core.package_identification:_identify(src/my_robot_bringup) by extension 'ignore'
[0.177s] Level 1:colcon.colcon_core.package_identification:_identify(src/my_robot_bringup) by extension 'ignore_ament_install'
[0.177s] Level 1:colcon.colcon_core.package_identification:_identify(src/my_robot_bringup) by extensions ['colcon_pkg']
[0.177s] Level 1:colcon.colcon_core.package_identification:_identify(src/my_robot_bringup) by extension 'colcon_pkg'
[0.177s] Level 1:colcon.colcon_core.package_identification:_identify(src/my_robot_bringup) by extensions ['colcon_meta']
[0.177s] Level 1:colcon.colcon_core.package_identification:_identify(src/my_robot_bringup) by extension 'colcon_meta'
[0.177s] Level 1:colcon.colcon_core.package_identification:_identify(src/my_robot_bringup) by extensions ['ros']
[0.177s] Level 1:colcon.colcon_core.package_identification:_identify(src/my_robot_bringup) by extension 'ros'
[0.179s] DEBUG:colcon.colcon_core.package_identification:Package 'src/my_robot_bringup' with type 'ros.ament_cmake' and name 'my_robot_bringup'
[0.179s] Level 1:colcon.colcon_core.package_identification:_identify(src/my_robot_controller) by extensions ['ignore', 'ignore_ament_install']
[0.179s] Level 1:colcon.colcon_core.package_identification:_identify(src/my_robot_controller) by extension 'ignore'
[0.179s] Level 1:colcon.colcon_core.package_identification:_identify(src/my_robot_controller) by extension 'ignore_ament_install'
[0.179s] Level 1:colcon.colcon_core.package_identification:_identify(src/my_robot_controller) by extensions ['colcon_pkg']
[0.179s] Level 1:colcon.colcon_core.package_identification:_identify(src/my_robot_controller) by extension 'colcon_pkg'
[0.179s] Level 1:colcon.colcon_core.package_identification:_identify(src/my_robot_controller) by extensions ['colcon_meta']
[0.179s] Level 1:colcon.colcon_core.package_identification:_identify(src/my_robot_controller) by extension 'colcon_meta'
[0.179s] Level 1:colcon.colcon_core.package_identification:_identify(src/my_robot_controller) by extensions ['ros']
[0.179s] Level 1:colcon.colcon_core.package_identification:_identify(src/my_robot_controller) by extension 'ros'
[0.180s] DEBUG:colcon.colcon_core.package_identification:Package 'src/my_robot_controller' with type 'ros.ament_cmake' and name 'my_robot_controller'
[0.180s] Level 1:colcon.colcon_core.package_identification:_identify(src/my_robot_description) by extensions ['ignore', 'ignore_ament_install']
[0.180s] Level 1:colcon.colcon_core.package_identification:_identify(src/my_robot_description) by extension 'ignore'
[0.180s] Level 1:colcon.colcon_core.package_identification:_identify(src/my_robot_description) by extension 'ignore_ament_install'
[0.180s] Level 1:colcon.colcon_core.package_identification:_identify(src/my_robot_description) by extensions ['colcon_pkg']
[0.180s] Level 1:colcon.colcon_core.package_identification:_identify(src/my_robot_description) by extension 'colcon_pkg'
[0.180s] Level 1:colcon.colcon_core.package_identification:_identify(src/my_robot_description) by extensions ['colcon_meta']
[0.180s] Level 1:colcon.colcon_core.package_identification:_identify(src/my_robot_description) by extension 'colcon_meta'
[0.180s] Level 1:colcon.colcon_core.package_identification:_identify(src/my_robot_description) by extensions ['ros']
[0.180s] Level 1:colcon.colcon_core.package_identification:_identify(src/my_robot_description) by extension 'ros'
[0.180s] DEBUG:colcon.colcon_core.package_identification:Package 'src/my_robot_description' with type 'ros.ament_cmake' and name 'my_robot_description'
[0.181s] Level 1:colcon.colcon_core.package_identification:_identify(src/my_robot_hardware_interface) by extensions ['ignore', 'ignore_ament_install']
[0.181s] Level 1:colcon.colcon_core.package_identification:_identify(src/my_robot_hardware_interface) by extension 'ignore'
[0.181s] Level 1:colcon.colcon_core.package_identification:_identify(src/my_robot_hardware_interface) by extension 'ignore_ament_install'
[0.181s] Level 1:colcon.colcon_core.package_identification:_identify(src/my_robot_hardware_interface) by extensions ['colcon_pkg']
[0.181s] Level 1:colcon.colcon_core.package_identification:_identify(src/my_robot_hardware_interface) by extension 'colcon_pkg'
[0.181s] Level 1:colcon.colcon_core.package_identification:_identify(src/my_robot_hardware_interface) by extensions ['colcon_meta']
[0.181s] Level 1:colcon.colcon_core.package_identification:_identify(src/my_robot_hardware_interface) by extension 'colcon_meta'
[0.181s] Level 1:colcon.colcon_core.package_identification:_identify(src/my_robot_hardware_interface) by extensions ['ros']
[0.181s] Level 1:colcon.colcon_core.package_identification:_identify(src/my_robot_hardware_interface) by extension 'ros'
[0.181s] DEBUG:colcon.colcon_core.package_identification:Package 'src/my_robot_hardware_interface' with type 'ros.ament_cmake' and name 'my_robot_hardware_interface'
[0.181s] Level 1:colcon.colcon_core.package_identification:_identify(src/my_robot_moveit_config) by extensions ['ignore', 'ignore_ament_install']
[0.181s] Level 1:colcon.colcon_core.package_identification:_identify(src/my_robot_moveit_config) by extension 'ignore'
[0.181s] Level 1:colcon.colcon_core.package_identification:_identify(src/my_robot_moveit_config) by extension 'ignore_ament_install'
[0.181s] Level 1:colcon.colcon_core.package_identification:_identify(src/my_robot_moveit_config) by extensions ['colcon_pkg']
[0.181s] Level 1:colcon.colcon_core.package_identification:_identify(src/my_robot_moveit_config) by extension 'colcon_pkg'
[0.181s] Level 1:colcon.colcon_core.package_identification:_identify(src/my_robot_moveit_config) by extensions ['colcon_meta']
[0.181s] Level 1:colcon.colcon_core.package_identification:_identify(src/my_robot_moveit_config) by extension 'colcon_meta'
[0.181s] Level 1:colcon.colcon_core.package_identification:_identify(src/my_robot_moveit_config) by extensions ['ros']
[0.181s] Level 1:colcon.colcon_core.package_identification:_identify(src/my_robot_moveit_config) by extension 'ros'
[0.182s] DEBUG:colcon.colcon_core.package_identification:Package 'src/my_robot_moveit_config' with type 'ros.ament_cmake' and name 'my_robot_moveit_config'
[0.182s] Level 1:colcon.colcon_core.package_discovery:discover_packages(recursive) using defaults
[0.182s] Level 1:colcon.colcon_core.package_discovery:discover_packages(ignore) discover
[0.182s] Level 1:colcon.colcon_core.package_discovery:discover_packages(ignore) using defaults
[0.182s] Level 1:colcon.colcon_core.package_discovery:discover_packages(path) discover
[0.182s] Level 1:colcon.colcon_core.package_discovery:discover_packages(path) using defaults
[0.204s] Level 1:colcon.colcon_core.package_discovery:discover_packages(prefix_path) check parameters
[0.204s] Level 1:colcon.colcon_core.package_discovery:discover_packages(prefix_path) discover
[0.206s] DEBUG:colcon.colcon_installed_package_information.package_discovery:Found 371 installed packages in /opt/ros/humble
[0.207s] Level 1:colcon.colcon_core.package_discovery:discover_packages(prefix_path) using defaults
[0.234s] Level 5:colcon.colcon_core.verb:set package 'my_robot_bringup' build argument 'cmake_args' from command line to 'None'
[0.234s] Level 5:colcon.colcon_core.verb:set package 'my_robot_bringup' build argument 'cmake_target' from command line to 'None'
[0.234s] Level 5:colcon.colcon_core.verb:set package 'my_robot_bringup' build argument 'cmake_target_skip_unavailable' from command line to 'False'
[0.234s] Level 5:colcon.colcon_core.verb:set package 'my_robot_bringup' build argument 'cmake_clean_cache' from command line to 'False'
[0.235s] Level 5:colcon.colcon_core.verb:set package 'my_robot_bringup' build argument 'cmake_clean_first' from command line to 'False'
[0.235s] Level 5:colcon.colcon_core.verb:set package 'my_robot_bringup' build argument 'cmake_force_configure' from command line to 'False'
[0.235s] Level 5:colcon.colcon_core.verb:set package 'my_robot_bringup' build argument 'ament_cmake_args' from command line to 'None'
[0.235s] Level 5:colcon.colcon_core.verb:set package 'my_robot_bringup' build argument 'catkin_cmake_args' from command line to 'None'
[0.235s] Level 5:colcon.colcon_core.verb:set package 'my_robot_bringup' build argument 'catkin_skip_building_tests' from command line to 'False'
[0.235s] DEBUG:colcon.colcon_core.verb:Building package 'my_robot_bringup' with the following arguments: {'ament_cmake_args': None, 'build_base': '/home/kk/github/ros2_control_moveit_6-dor-arm/ros_ws/build/my_robot_bringup', 'catkin_cmake_args': None, 'catkin_skip_building_tests': False, 'cmake_args': None, 'cmake_clean_cache': False, 'cmake_clean_first': False, 'cmake_force_configure': False, 'cmake_target': None, 'cmake_target_skip_unavailable': False, 'install_base': '/home/kk/github/ros2_control_moveit_6-dor-arm/ros_ws/install/my_robot_bringup', 'merge_install': False, 'path': '/home/kk/github/ros2_control_moveit_6-dor-arm/ros_ws/src/my_robot_bringup', 'symlink_install': True, 'test_result_base': None}
[0.235s] Level 5:colcon.colcon_core.verb:set package 'my_robot_controller' build argument 'cmake_args' from command line to 'None'
[0.235s] Level 5:colcon.colcon_core.verb:set package 'my_robot_controller' build argument 'cmake_target' from command line to 'None'
[0.235s] Level 5:colcon.colcon_core.verb:set package 'my_robot_controller' build argument 'cmake_target_skip_unavailable' from command line to 'False'
[0.235s] Level 5:colcon.colcon_core.verb:set package 'my_robot_controller' build argument 'cmake_clean_cache' from command line to 'False'
[0.235s] Level 5:colcon.colcon_core.verb:set package 'my_robot_controller' build argument 'cmake_clean_first' from command line to 'False'
[0.235s] Level 5:colcon.colcon_core.verb:set package 'my_robot_controller' build argument 'cmake_force_configure' from command line to 'False'
[0.235s] Level 5:colcon.colcon_core.verb:set package 'my_robot_controller' build argument 'ament_cmake_args' from command line to 'None'
[0.235s] Level 5:colcon.colcon_core.verb:set package 'my_robot_controller' build argument 'catkin_cmake_args' from command line to 'None'
[0.235s] Level 5:colcon.colcon_core.verb:set package 'my_robot_controller' build argument 'catkin_skip_building_tests' from command line to 'False'
[0.235s] DEBUG:colcon.colcon_core.verb:Building package 'my_robot_controller' with the following arguments: {'ament_cmake_args': None, 'build_base': '/home/kk/github/ros2_control_moveit_6-dor-arm/ros_ws/build/my_robot_controller', 'catkin_cmake_args': None, 'catkin_skip_building_tests': False, 'cmake_args': None, 'cmake_clean_cache': False, 'cmake_clean_first': False, 'cmake_force_configure': False, 'cmake_target': None, 'cmake_target_skip_unavailable': False, 'install_base': '/home/kk/github/ros2_control_moveit_6-dor-arm/ros_ws/install/my_robot_controller', 'merge_install': False, 'path': '/home/kk/github/ros2_control_moveit_6-dor-arm/ros_ws/src/my_robot_controller', 'symlink_install': True, 'test_result_base': None}
[0.235s] Level 5:colcon.colcon_core.verb:set package 'my_robot_description' build argument 'cmake_args' from command line to 'None'
[0.235s] Level 5:colcon.colcon_core.verb:set package 'my_robot_description' build argument 'cmake_target' from command line to 'None'
[0.235s] Level 5:colcon.colcon_core.verb:set package 'my_robot_description' build argument 'cmake_target_skip_unavailable' from command line to 'False'
[0.235s] Level 5:colcon.colcon_core.verb:set package 'my_robot_description' build argument 'cmake_clean_cache' from command line to 'False'
[0.235s] Level 5:colcon.colcon_core.verb:set package 'my_robot_description' build argument 'cmake_clean_first' from command line to 'False'
[0.235s] Level 5:colcon.colcon_core.verb:set package 'my_robot_description' build argument 'cmake_force_configure' from command line to 'False'
[0.235s] Level 5:colcon.colcon_core.verb:set package 'my_robot_description' build argument 'ament_cmake_args' from command line to 'None'
[0.235s] Level 5:colcon.colcon_core.verb:set package 'my_robot_description' build argument 'catkin_cmake_args' from command line to 'None'
[0.235s] Level 5:colcon.colcon_core.verb:set package 'my_robot_description' build argument 'catkin_skip_building_tests' from command line to 'False'
[0.235s] DEBUG:colcon.colcon_core.verb:Building package 'my_robot_description' with the following arguments: {'ament_cmake_args': None, 'build_base': '/home/kk/github/ros2_control_moveit_6-dor-arm/ros_ws/build/my_robot_description', 'catkin_cmake_args': None, 'catkin_skip_building_tests': False, 'cmake_args': None, 'cmake_clean_cache': False, 'cmake_clean_first': False, 'cmake_force_configure': False, 'cmake_target': None, 'cmake_target_skip_unavailable': False, 'install_base': '/home/kk/github/ros2_control_moveit_6-dor-arm/ros_ws/install/my_robot_description', 'merge_install': False, 'path': '/home/kk/github/ros2_control_moveit_6-dor-arm/ros_ws/src/my_robot_description', 'symlink_install': True, 'test_result_base': None}
[0.235s] Level 5:colcon.colcon_core.verb:set package 'my_robot_hardware_interface' build argument 'cmake_args' from command line to 'None'
[0.235s] Level 5:colcon.colcon_core.verb:set package 'my_robot_hardware_interface' build argument 'cmake_target' from command line to 'None'
[0.235s] Level 5:colcon.colcon_core.verb:set package 'my_robot_hardware_interface' build argument 'cmake_target_skip_unavailable' from command line to 'False'
[0.235s] Level 5:colcon.colcon_core.verb:set package 'my_robot_hardware_interface' build argument 'cmake_clean_cache' from command line to 'False'
[0.235s] Level 5:colcon.colcon_core.verb:set package 'my_robot_hardware_interface' build argument 'cmake_clean_first' from command line to 'False'
[0.235s] Level 5:colcon.colcon_core.verb:set package 'my_robot_hardware_interface' build argument 'cmake_force_configure' from command line to 'False'
[0.236s] Level 5:colcon.colcon_core.verb:set package 'my_robot_hardware_interface' build argument 'ament_cmake_args' from command line to 'None'
[0.236s] Level 5:colcon.colcon_core.verb:set package 'my_robot_hardware_interface' build argument 'catkin_cmake_args' from command line to 'None'
[0.236s] Level 5:colcon.colcon_core.verb:set package 'my_robot_hardware_interface' build argument 'catkin_skip_building_tests' from command line to 'False'
[0.236s] DEBUG:colcon.colcon_core.verb:Building package 'my_robot_hardware_interface' with the following arguments: {'ament_cmake_args': None, 'build_base': '/home/kk/github/ros2_control_moveit_6-dor-arm/ros_ws/build/my_robot_hardware_interface', 'catkin_cmake_args': None, 'catkin_skip_building_tests': False, 'cmake_args': None, 'cmake_clean_cache': False, 'cmake_clean_first': False, 'cmake_force_configure': False, 'cmake_target': None, 'cmake_target_skip_unavailable': False, 'install_base': '/home/kk/github/ros2_control_moveit_6-dor-arm/ros_ws/install/my_robot_hardware_interface', 'merge_install': False, 'path': '/home/kk/github/ros2_control_moveit_6-dor-arm/ros_ws/src/my_robot_hardware_interface', 'symlink_install': True, 'test_result_base': None}
[0.236s] Level 5:colcon.colcon_core.verb:set package 'my_robot_moveit_config' build argument 'cmake_args' from command line to 'None'
[0.236s] Level 5:colcon.colcon_core.verb:set package 'my_robot_moveit_config' build argument 'cmake_target' from command line to 'None'
[0.236s] Level 5:colcon.colcon_core.verb:set package 'my_robot_moveit_config' build argument 'cmake_target_skip_unavailable' from command line to 'False'
[0.236s] Level 5:colcon.colcon_core.verb:set package 'my_robot_moveit_config' build argument 'cmake_clean_cache' from command line to 'False'
[0.236s] Level 5:colcon.colcon_core.verb:set package 'my_robot_moveit_config' build argument 'cmake_clean_first' from command line to 'False'
[0.236s] Level 5:colcon.colcon_core.verb:set package 'my_robot_moveit_config' build argument 'cmake_force_configure' from command line to 'False'
[0.236s] Level 5:colcon.colcon_core.verb:set package 'my_robot_moveit_config' build argument 'ament_cmake_args' from command line to 'None'
[0.236s] Level 5:colcon.colcon_core.verb:set package 'my_robot_moveit_config' build argument 'catkin_cmake_args' from command line to 'None'
[0.236s] Level 5:colcon.colcon_core.verb:set package 'my_robot_moveit_config' build argument 'catkin_skip_building_tests' from command line to 'False'
[0.236s] DEBUG:colcon.colcon_core.verb:Building package 'my_robot_moveit_config' with the following arguments: {'ament_cmake_args': None, 'build_base': '/home/kk/github/ros2_control_moveit_6-dor-arm/ros_ws/build/my_robot_moveit_config', 'catkin_cmake_args': None, 'catkin_skip_building_tests': False, 'cmake_args': None, 'cmake_clean_cache': False, 'cmake_clean_first': False, 'cmake_force_configure': False, 'cmake_target': None, 'cmake_target_skip_unavailable': False, 'install_base': '/home/kk/github/ros2_control_moveit_6-dor-arm/ros_ws/install/my_robot_moveit_config', 'merge_install': False, 'path': '/home/kk/github/ros2_control_moveit_6-dor-arm/ros_ws/src/my_robot_moveit_config', 'symlink_install': True, 'test_result_base': None}
[0.236s] INFO:colcon.colcon_core.executor:Executing jobs using 'parallel' executor
[0.237s] DEBUG:colcon.colcon_parallel_executor.executor.parallel:run_until_complete
[0.237s] INFO:colcon.colcon_ros.task.ament_cmake.build:Building ROS package in '/home/kk/github/ros2_control_moveit_6-dor-arm/ros_ws/src/my_robot_description' with build type 'ament_cmake'
[0.237s] INFO:colcon.colcon_cmake.task.cmake.build:Building CMake package in '/home/kk/github/ros2_control_moveit_6-dor-arm/ros_ws/src/my_robot_description'
[0.238s] INFO:colcon.colcon_core.plugin_system:Skipping extension 'colcon_core.shell.bat': Not used on non-Windows systems
[0.238s] INFO:colcon.colcon_core.shell:Skip shell extension 'powershell' for command environment: Not usable outside of PowerShell
[0.239s] DEBUG:colcon.colcon_core.shell:Skip shell extension 'dsv' for command environment
[0.241s] INFO:colcon.colcon_ros.task.ament_cmake.build:Building ROS package in '/home/kk/github/ros2_control_moveit_6-dor-arm/ros_ws/src/my_robot_bringup' with build type 'ament_cmake'
[0.241s] INFO:colcon.colcon_cmake.task.cmake.build:Building CMake package in '/home/kk/github/ros2_control_moveit_6-dor-arm/ros_ws/src/my_robot_bringup'
[0.242s] INFO:colcon.colcon_core.shell:Skip shell extension 'powershell' for command environment: Not usable outside of PowerShell
[0.242s] DEBUG:colcon.colcon_core.shell:Skip shell extension 'dsv' for command environment
[0.244s] INFO:colcon.colcon_ros.task.ament_cmake.build:Building ROS package in '/home/kk/github/ros2_control_moveit_6-dor-arm/ros_ws/src/my_robot_controller' with build type 'ament_cmake'
[0.244s] INFO:colcon.colcon_cmake.task.cmake.build:Building CMake package in '/home/kk/github/ros2_control_moveit_6-dor-arm/ros_ws/src/my_robot_controller'
[0.244s] INFO:colcon.colcon_core.shell:Skip shell extension 'powershell' for command environment: Not usable outside of PowerShell
[0.244s] DEBUG:colcon.colcon_core.shell:Skip shell extension 'dsv' for command environment
[0.246s] INFO:colcon.colcon_ros.task.ament_cmake.build:Building ROS package in '/home/kk/github/ros2_control_moveit_6-dor-arm/ros_ws/src/my_robot_hardware_interface' with build type 'ament_cmake'
[0.246s] INFO:colcon.colcon_cmake.task.cmake.build:Building CMake package in '/home/kk/github/ros2_control_moveit_6-dor-arm/ros_ws/src/my_robot_hardware_interface'
[0.246s] INFO:colcon.colcon_core.shell:Skip shell extension 'powershell' for command environment: Not usable outside of PowerShell
[0.246s] DEBUG:colcon.colcon_core.shell:Skip shell extension 'dsv' for command environment
[0.251s] DEBUG:colcon.colcon_core.event_handler.log_command:Invoking command in '/home/kk/github/ros2_control_moveit_6-dor-arm/ros_ws/build/my_robot_description': CMAKE_PREFIX_PATH=/opt/ros/humble /usr/bin/cmake /home/kk/github/ros2_control_moveit_6-dor-arm/ros_ws/src/my_robot_description -DAMENT_CMAKE_SYMLINK_INSTALL=1 -DCMAKE_INSTALL_PREFIX=/home/kk/github/ros2_control_moveit_6-dor-arm/ros_ws/install/my_robot_description
[0.252s] DEBUG:colcon.colcon_core.event_handler.log_command:Invoking command in '/home/kk/github/ros2_control_moveit_6-dor-arm/ros_ws/build/my_robot_bringup': CMAKE_PREFIX_PATH=/opt/ros/humble /usr/bin/cmake /home/kk/github/ros2_control_moveit_6-dor-arm/ros_ws/src/my_robot_bringup -DAMENT_CMAKE_SYMLINK_INSTALL=1 -DCMAKE_INSTALL_PREFIX=/home/kk/github/ros2_control_moveit_6-dor-arm/ros_ws/install/my_robot_bringup
[0.254s] DEBUG:colcon.colcon_core.event_handler.log_command:Invoking command in '/home/kk/github/ros2_control_moveit_6-dor-arm/ros_ws/build/my_robot_controller': CMAKE_PREFIX_PATH=/opt/ros/humble /usr/bin/cmake /home/kk/github/ros2_control_moveit_6-dor-arm/ros_ws/src/my_robot_controller -DAMENT_CMAKE_SYMLINK_INSTALL=1 -DCMAKE_INSTALL_PREFIX=/home/kk/github/ros2_control_moveit_6-dor-arm/ros_ws/install/my_robot_controller
[0.257s] DEBUG:colcon.colcon_core.event_handler.log_command:Invoking command in '/home/kk/github/ros2_control_moveit_6-dor-arm/ros_ws/build/my_robot_hardware_interface': CMAKE_PREFIX_PATH=/opt/ros/humble /usr/bin/cmake /home/kk/github/ros2_control_moveit_6-dor-arm/ros_ws/src/my_robot_hardware_interface -DAMENT_CMAKE_SYMLINK_INSTALL=1 -DCMAKE_INSTALL_PREFIX=/home/kk/github/ros2_control_moveit_6-dor-arm/ros_ws/install/my_robot_hardware_interface
[0.406s] DEBUG:colcon.colcon_core.event_handler.log_command:Invoked command in '/home/kk/github/ros2_control_moveit_6-dor-arm/ros_ws/build/my_robot_bringup' returned '0': CMAKE_PREFIX_PATH=/opt/ros/humble /usr/bin/cmake /home/kk/github/ros2_control_moveit_6-dor-arm/ros_ws/src/my_robot_bringup -DAMENT_CMAKE_SYMLINK_INSTALL=1 -DCMAKE_INSTALL_PREFIX=/home/kk/github/ros2_control_moveit_6-dor-arm/ros_ws/install/my_robot_bringup
[0.407s] DEBUG:colcon.colcon_core.event_handler.log_command:Invoking command in '/home/kk/github/ros2_control_moveit_6-dor-arm/ros_ws/build/my_robot_bringup': CMAKE_PREFIX_PATH=/opt/ros/humble /usr/bin/cmake --build /home/kk/github/ros2_control_moveit_6-dor-arm/ros_ws/build/my_robot_bringup -- -j16 -l16
[0.408s] DEBUG:colcon.colcon_core.event_handler.log_command:Invoked command in '/home/kk/github/ros2_control_moveit_6-dor-arm/ros_ws/build/my_robot_description' returned '0': CMAKE_PREFIX_PATH=/opt/ros/humble /usr/bin/cmake /home/kk/github/ros2_control_moveit_6-dor-arm/ros_ws/src/my_robot_description -DAMENT_CMAKE_SYMLINK_INSTALL=1 -DCMAKE_INSTALL_PREFIX=/home/kk/github/ros2_control_moveit_6-dor-arm/ros_ws/install/my_robot_description
[0.410s] DEBUG:colcon.colcon_core.event_handler.log_command:Invoking command in '/home/kk/github/ros2_control_moveit_6-dor-arm/ros_ws/build/my_robot_description': CMAKE_PREFIX_PATH=/opt/ros/humble /usr/bin/cmake --build /home/kk/github/ros2_control_moveit_6-dor-arm/ros_ws/build/my_robot_description -- -j16 -l16
[0.413s] DEBUG:colcon.colcon_core.event_handler.log_command:Invoked command in '/home/kk/github/ros2_control_moveit_6-dor-arm/ros_ws/build/my_robot_controller' returned '0': CMAKE_PREFIX_PATH=/opt/ros/humble /usr/bin/cmake /home/kk/github/ros2_control_moveit_6-dor-arm/ros_ws/src/my_robot_controller -DAMENT_CMAKE_SYMLINK_INSTALL=1 -DCMAKE_INSTALL_PREFIX=/home/kk/github/ros2_control_moveit_6-dor-arm/ros_ws/install/my_robot_controller
[0.415s] DEBUG:colcon.colcon_core.event_handler.log_command:Invoking command in '/home/kk/github/ros2_control_moveit_6-dor-arm/ros_ws/build/my_robot_controller': CMAKE_PREFIX_PATH=/opt/ros/humble /usr/bin/cmake --build /home/kk/github/ros2_control_moveit_6-dor-arm/ros_ws/build/my_robot_controller -- -j16 -l16
[0.429s] DEBUG:colcon.colcon_core.event_handler.log_command:Invoked command in '/home/kk/github/ros2_control_moveit_6-dor-arm/ros_ws/build/my_robot_hardware_interface' returned '0': CMAKE_PREFIX_PATH=/opt/ros/humble /usr/bin/cmake /home/kk/github/ros2_control_moveit_6-dor-arm/ros_ws/src/my_robot_hardware_interface -DAMENT_CMAKE_SYMLINK_INSTALL=1 -DCMAKE_INSTALL_PREFIX=/home/kk/github/ros2_control_moveit_6-dor-arm/ros_ws/install/my_robot_hardware_interface
[0.431s] DEBUG:colcon.colcon_core.event_handler.log_command:Invoking command in '/home/kk/github/ros2_control_moveit_6-dor-arm/ros_ws/build/my_robot_hardware_interface': CMAKE_PREFIX_PATH=/opt/ros/humble /usr/bin/cmake --build /home/kk/github/ros2_control_moveit_6-dor-arm/ros_ws/build/my_robot_hardware_interface -- -j16 -l16
[0.439s] DEBUG:colcon.colcon_core.event_handler.log_command:Invoked command in '/home/kk/github/ros2_control_moveit_6-dor-arm/ros_ws/build/my_robot_bringup' returned '0': CMAKE_PREFIX_PATH=/opt/ros/humble /usr/bin/cmake --build /home/kk/github/ros2_control_moveit_6-dor-arm/ros_ws/build/my_robot_bringup -- -j16 -l16
[0.446s] DEBUG:colcon.colcon_core.event_handler.log_command:Invoking command in '/home/kk/github/ros2_control_moveit_6-dor-arm/ros_ws/build/my_robot_bringup': CMAKE_PREFIX_PATH=/opt/ros/humble /usr/bin/cmake --install /home/kk/github/ros2_control_moveit_6-dor-arm/ros_ws/build/my_robot_bringup
[0.447s] DEBUG:colcon.colcon_core.event_handler.log_command:Invoked command in '/home/kk/github/ros2_control_moveit_6-dor-arm/ros_ws/build/my_robot_description' returned '0': CMAKE_PREFIX_PATH=/opt/ros/humble /usr/bin/cmake --build /home/kk/github/ros2_control_moveit_6-dor-arm/ros_ws/build/my_robot_description -- -j16 -l16
[0.448s] DEBUG:colcon.colcon_core.event_handler.log_command:Invoking command in '/home/kk/github/ros2_control_moveit_6-dor-arm/ros_ws/build/my_robot_description': CMAKE_PREFIX_PATH=/opt/ros/humble /usr/bin/cmake --install /home/kk/github/ros2_control_moveit_6-dor-arm/ros_ws/build/my_robot_description
[0.449s] DEBUG:colcon.colcon_core.event_handler.log_command:Invoked command in '/home/kk/github/ros2_control_moveit_6-dor-arm/ros_ws/build/my_robot_controller' returned '0': CMAKE_PREFIX_PATH=/opt/ros/humble /usr/bin/cmake --build /home/kk/github/ros2_control_moveit_6-dor-arm/ros_ws/build/my_robot_controller -- -j16 -l16
[0.450s] DEBUG:colcon.colcon_core.event_handler.log_command:Invoking command in '/home/kk/github/ros2_control_moveit_6-dor-arm/ros_ws/build/my_robot_controller': CMAKE_PREFIX_PATH=/opt/ros/humble /usr/bin/cmake --install /home/kk/github/ros2_control_moveit_6-dor-arm/ros_ws/build/my_robot_controller
[0.461s] DEBUG:colcon.colcon_core.event_handler.log_command:Invoked command in '/home/kk/github/ros2_control_moveit_6-dor-arm/ros_ws/build/my_robot_hardware_interface' returned '0': CMAKE_PREFIX_PATH=/opt/ros/humble /usr/bin/cmake --build /home/kk/github/ros2_control_moveit_6-dor-arm/ros_ws/build/my_robot_hardware_interface -- -j16 -l16
[0.463s] DEBUG:colcon.colcon_core.event_handler.log_command:Invoking command in '/home/kk/github/ros2_control_moveit_6-dor-arm/ros_ws/build/my_robot_hardware_interface': CMAKE_PREFIX_PATH=/opt/ros/humble /usr/bin/cmake --install /home/kk/github/ros2_control_moveit_6-dor-arm/ros_ws/build/my_robot_hardware_interface
[0.569s] Level 1:colcon.colcon_core.environment:create_environment_scripts_only(my_robot_bringup)
[0.570s] DEBUG:colcon.colcon_core.event_handler.log_command:Invoked command in '/home/kk/github/ros2_control_moveit_6-dor-arm/ros_ws/build/my_robot_bringup' returned '0': CMAKE_PREFIX_PATH=/opt/ros/humble /usr/bin/cmake --install /home/kk/github/ros2_control_moveit_6-dor-arm/ros_ws/build/my_robot_bringup
[0.571s] Level 1:colcon.colcon_core.environment:checking '/home/kk/github/ros2_control_moveit_6-dor-arm/ros_ws/install/my_robot_bringup' for CMake module files
[0.571s] Level 1:colcon.colcon_core.environment:checking '/home/kk/github/ros2_control_moveit_6-dor-arm/ros_ws/install/my_robot_bringup' for CMake config files
[0.571s] Level 1:colcon.colcon_core.shell:create_environment_hook('my_robot_bringup', 'cmake_prefix_path')
[0.572s] INFO:colcon.colcon_core.shell:Creating environment hook '/home/kk/github/ros2_control_moveit_6-dor-arm/ros_ws/install/my_robot_bringup/share/my_robot_bringup/hook/cmake_prefix_path.ps1'
[0.572s] INFO:colcon.colcon_core.shell:Creating environment descriptor '/home/kk/github/ros2_control_moveit_6-dor-arm/ros_ws/install/my_robot_bringup/share/my_robot_bringup/hook/cmake_prefix_path.dsv'
[0.572s] INFO:colcon.colcon_core.shell:Creating environment hook '/home/kk/github/ros2_control_moveit_6-dor-arm/ros_ws/install/my_robot_bringup/share/my_robot_bringup/hook/cmake_prefix_path.sh'
[0.573s] Level 1:colcon.colcon_core.environment:checking '/home/kk/github/ros2_control_moveit_6-dor-arm/ros_ws/install/my_robot_bringup/bin'
[0.573s] Level 1:colcon.colcon_core.environment:checking '/home/kk/github/ros2_control_moveit_6-dor-arm/ros_ws/install/my_robot_bringup/lib/pkgconfig/my_robot_bringup.pc'
[0.573s] Level 1:colcon.colcon_core.environment:checking '/home/kk/github/ros2_control_moveit_6-dor-arm/ros_ws/install/my_robot_bringup/lib/python3.10/site-packages'
[0.573s] Level 1:colcon.colcon_core.environment:checking '/home/kk/github/ros2_control_moveit_6-dor-arm/ros_ws/install/my_robot_bringup/bin'
[0.574s] INFO:colcon.colcon_core.shell:Creating package script '/home/kk/github/ros2_control_moveit_6-dor-arm/ros_ws/install/my_robot_bringup/share/my_robot_bringup/package.ps1'
[0.575s] INFO:colcon.colcon_core.shell:Creating package descriptor '/home/kk/github/ros2_control_moveit_6-dor-arm/ros_ws/install/my_robot_bringup/share/my_robot_bringup/package.dsv'
[0.575s] INFO:colcon.colcon_core.shell:Creating package script '/home/kk/github/ros2_control_moveit_6-dor-arm/ros_ws/install/my_robot_bringup/share/my_robot_bringup/package.sh'
[0.575s] INFO:colcon.colcon_core.shell:Creating package script '/home/kk/github/ros2_control_moveit_6-dor-arm/ros_ws/install/my_robot_bringup/share/my_robot_bringup/package.bash'
[0.576s] INFO:colcon.colcon_core.shell:Creating package script '/home/kk/github/ros2_control_moveit_6-dor-arm/ros_ws/install/my_robot_bringup/share/my_robot_bringup/package.zsh'
[0.576s] Level 1:colcon.colcon_core.environment:create_file_with_runtime_dependencies(/home/kk/github/ros2_control_moveit_6-dor-arm/ros_ws/install/my_robot_bringup/share/colcon-core/packages/my_robot_bringup)
[0.577s] Level 1:colcon.colcon_core.environment:create_environment_scripts_only(my_robot_bringup)
[0.577s] Level 1:colcon.colcon_core.environment:checking '/home/kk/github/ros2_control_moveit_6-dor-arm/ros_ws/install/my_robot_bringup' for CMake module files
[0.577s] Level 1:colcon.colcon_core.environment:checking '/home/kk/github/ros2_control_moveit_6-dor-arm/ros_ws/install/my_robot_bringup' for CMake config files
[0.577s] Level 1:colcon.colcon_core.shell:create_environment_hook('my_robot_bringup', 'cmake_prefix_path')
[0.578s] INFO:colcon.colcon_core.shell:Creating environment hook '/home/kk/github/ros2_control_moveit_6-dor-arm/ros_ws/install/my_robot_bringup/share/my_robot_bringup/hook/cmake_prefix_path.ps1'
[0.578s] INFO:colcon.colcon_core.shell:Creating environment descriptor '/home/kk/github/ros2_control_moveit_6-dor-arm/ros_ws/install/my_robot_bringup/share/my_robot_bringup/hook/cmake_prefix_path.dsv'
[0.578s] INFO:colcon.colcon_core.shell:Creating environment hook '/home/kk/github/ros2_control_moveit_6-dor-arm/ros_ws/install/my_robot_bringup/share/my_robot_bringup/hook/cmake_prefix_path.sh'
[0.578s] Level 1:colcon.colcon_core.environment:checking '/home/kk/github/ros2_control_moveit_6-dor-arm/ros_ws/install/my_robot_bringup/bin'
[0.578s] Level 1:colcon.colcon_core.environment:checking '/home/kk/github/ros2_control_moveit_6-dor-arm/ros_ws/install/my_robot_bringup/lib/pkgconfig/my_robot_bringup.pc'
[0.579s] Level 1:colcon.colcon_core.environment:checking '/home/kk/github/ros2_control_moveit_6-dor-arm/ros_ws/install/my_robot_bringup/lib/python3.10/site-packages'
[0.579s] Level 1:colcon.colcon_core.environment:checking '/home/kk/github/ros2_control_moveit_6-dor-arm/ros_ws/install/my_robot_bringup/bin'
[0.579s] INFO:colcon.colcon_core.shell:Creating package script '/home/kk/github/ros2_control_moveit_6-dor-arm/ros_ws/install/my_robot_bringup/share/my_robot_bringup/package.ps1'
[0.579s] INFO:colcon.colcon_core.shell:Creating package descriptor '/home/kk/github/ros2_control_moveit_6-dor-arm/ros_ws/install/my_robot_bringup/share/my_robot_bringup/package.dsv'
[0.580s] INFO:colcon.colcon_core.shell:Creating package script '/home/kk/github/ros2_control_moveit_6-dor-arm/ros_ws/install/my_robot_bringup/share/my_robot_bringup/package.sh'
[0.580s] INFO:colcon.colcon_core.shell:Creating package script '/home/kk/github/ros2_control_moveit_6-dor-arm/ros_ws/install/my_robot_bringup/share/my_robot_bringup/package.bash'
[0.580s] INFO:colcon.colcon_core.shell:Creating package script '/home/kk/github/ros2_control_moveit_6-dor-arm/ros_ws/install/my_robot_bringup/share/my_robot_bringup/package.zsh'
[0.581s] Level 1:colcon.colcon_core.environment:create_file_with_runtime_dependencies(/home/kk/github/ros2_control_moveit_6-dor-arm/ros_ws/install/my_robot_bringup/share/colcon-core/packages/my_robot_bringup)
[0.581s] Level 1:colcon.colcon_core.environment:create_environment_scripts_only(my_robot_controller)
[0.582s] Level 1:colcon.colcon_core.environment:checking '/home/kk/github/ros2_control_moveit_6-dor-arm/ros_ws/install/my_robot_controller' for CMake module files
[0.582s] DEBUG:colcon.colcon_core.event_handler.log_command:Invoked command in '/home/kk/github/ros2_control_moveit_6-dor-arm/ros_ws/build/my_robot_controller' returned '0': CMAKE_PREFIX_PATH=/opt/ros/humble /usr/bin/cmake --install /home/kk/github/ros2_control_moveit_6-dor-arm/ros_ws/build/my_robot_controller
[0.582s] Level 1:colcon.colcon_core.environment:checking '/home/kk/github/ros2_control_moveit_6-dor-arm/ros_ws/install/my_robot_controller' for CMake config files
[0.582s] Level 1:colcon.colcon_core.shell:create_environment_hook('my_robot_controller', 'cmake_prefix_path')
[0.583s] INFO:colcon.colcon_core.shell:Creating environment hook '/home/kk/github/ros2_control_moveit_6-dor-arm/ros_ws/install/my_robot_controller/share/my_robot_controller/hook/cmake_prefix_path.ps1'
[0.583s] INFO:colcon.colcon_core.shell:Creating environment descriptor '/home/kk/github/ros2_control_moveit_6-dor-arm/ros_ws/install/my_robot_controller/share/my_robot_controller/hook/cmake_prefix_path.dsv'
[0.584s] INFO:colcon.colcon_core.shell:Creating environment hook '/home/kk/github/ros2_control_moveit_6-dor-arm/ros_ws/install/my_robot_controller/share/my_robot_controller/hook/cmake_prefix_path.sh'
[0.584s] Level 1:colcon.colcon_core.environment:checking '/home/kk/github/ros2_control_moveit_6-dor-arm/ros_ws/install/my_robot_controller/bin'
[0.584s] Level 1:colcon.colcon_core.environment:checking '/home/kk/github/ros2_control_moveit_6-dor-arm/ros_ws/install/my_robot_controller/lib/pkgconfig/my_robot_controller.pc'
[0.584s] Level 1:colcon.colcon_core.environment:checking '/home/kk/github/ros2_control_moveit_6-dor-arm/ros_ws/install/my_robot_controller/lib/python3.10/site-packages'
[0.585s] Level 1:colcon.colcon_core.environment:checking '/home/kk/github/ros2_control_moveit_6-dor-arm/ros_ws/install/my_robot_controller/bin'
[0.585s] INFO:colcon.colcon_core.shell:Creating package script '/home/kk/github/ros2_control_moveit_6-dor-arm/ros_ws/install/my_robot_controller/share/my_robot_controller/package.ps1'
[0.585s] INFO:colcon.colcon_core.shell:Creating package descriptor '/home/kk/github/ros2_control_moveit_6-dor-arm/ros_ws/install/my_robot_controller/share/my_robot_controller/package.dsv'
[0.585s] INFO:colcon.colcon_core.shell:Creating package script '/home/kk/github/ros2_control_moveit_6-dor-arm/ros_ws/install/my_robot_controller/share/my_robot_controller/package.sh'
[0.586s] INFO:colcon.colcon_core.shell:Creating package script '/home/kk/github/ros2_control_moveit_6-dor-arm/ros_ws/install/my_robot_controller/share/my_robot_controller/package.bash'
[0.586s] INFO:colcon.colcon_core.shell:Creating package script '/home/kk/github/ros2_control_moveit_6-dor-arm/ros_ws/install/my_robot_controller/share/my_robot_controller/package.zsh'
[0.586s] Level 1:colcon.colcon_core.environment:create_file_with_runtime_dependencies(/home/kk/github/ros2_control_moveit_6-dor-arm/ros_ws/install/my_robot_controller/share/colcon-core/packages/my_robot_controller)
[0.586s] Level 1:colcon.colcon_core.environment:create_environment_scripts_only(my_robot_controller)
[0.586s] Level 1:colcon.colcon_core.environment:checking '/home/kk/github/ros2_control_moveit_6-dor-arm/ros_ws/install/my_robot_controller' for CMake module files
[0.587s] Level 1:colcon.colcon_core.environment:checking '/home/kk/github/ros2_control_moveit_6-dor-arm/ros_ws/install/my_robot_controller' for CMake config files
[0.587s] Level 1:colcon.colcon_core.shell:create_environment_hook('my_robot_controller', 'cmake_prefix_path')
[0.587s] INFO:colcon.colcon_core.shell:Creating environment hook '/home/kk/github/ros2_control_moveit_6-dor-arm/ros_ws/install/my_robot_controller/share/my_robot_controller/hook/cmake_prefix_path.ps1'
[0.587s] INFO:colcon.colcon_core.shell:Creating environment descriptor '/home/kk/github/ros2_control_moveit_6-dor-arm/ros_ws/install/my_robot_controller/share/my_robot_controller/hook/cmake_prefix_path.dsv'
[0.587s] INFO:colcon.colcon_core.shell:Creating environment hook '/home/kk/github/ros2_control_moveit_6-dor-arm/ros_ws/install/my_robot_controller/share/my_robot_controller/hook/cmake_prefix_path.sh'
[0.588s] Level 1:colcon.colcon_core.environment:checking '/home/kk/github/ros2_control_moveit_6-dor-arm/ros_ws/install/my_robot_controller/bin'
[0.588s] Level 1:colcon.colcon_core.environment:checking '/home/kk/github/ros2_control_moveit_6-dor-arm/ros_ws/install/my_robot_controller/lib/pkgconfig/my_robot_controller.pc'
[0.588s] Level 1:colcon.colcon_core.environment:checking '/home/kk/github/ros2_control_moveit_6-dor-arm/ros_ws/install/my_robot_controller/lib/python3.10/site-packages'
[0.588s] Level 1:colcon.colcon_core.environment:checking '/home/kk/github/ros2_control_moveit_6-dor-arm/ros_ws/install/my_robot_controller/bin'
[0.588s] INFO:colcon.colcon_core.shell:Creating package script '/home/kk/github/ros2_control_moveit_6-dor-arm/ros_ws/install/my_robot_controller/share/my_robot_controller/package.ps1'
[0.589s] INFO:colcon.colcon_core.shell:Creating package descriptor '/home/kk/github/ros2_control_moveit_6-dor-arm/ros_ws/install/my_robot_controller/share/my_robot_controller/package.dsv'
[0.589s] INFO:colcon.colcon_core.shell:Creating package script '/home/kk/github/ros2_control_moveit_6-dor-arm/ros_ws/install/my_robot_controller/share/my_robot_controller/package.sh'
[0.589s] INFO:colcon.colcon_core.shell:Creating package script '/home/kk/github/ros2_control_moveit_6-dor-arm/ros_ws/install/my_robot_controller/share/my_robot_controller/package.bash'
[0.589s] INFO:colcon.colcon_core.shell:Creating package script '/home/kk/github/ros2_control_moveit_6-dor-arm/ros_ws/install/my_robot_controller/share/my_robot_controller/package.zsh'
[0.589s] Level 1:colcon.colcon_core.environment:create_file_with_runtime_dependencies(/home/kk/github/ros2_control_moveit_6-dor-arm/ros_ws/install/my_robot_controller/share/colcon-core/packages/my_robot_controller)
[0.590s] Level 1:colcon.colcon_core.environment:create_environment_scripts_only(my_robot_hardware_interface)
[0.590s] Level 1:colcon.colcon_core.environment:checking '/home/kk/github/ros2_control_moveit_6-dor-arm/ros_ws/install/my_robot_hardware_interface' for CMake module files
[0.591s] DEBUG:colcon.colcon_core.event_handler.log_command:Invoked command in '/home/kk/github/ros2_control_moveit_6-dor-arm/ros_ws/build/my_robot_hardware_interface' returned '0': CMAKE_PREFIX_PATH=/opt/ros/humble /usr/bin/cmake --install /home/kk/github/ros2_control_moveit_6-dor-arm/ros_ws/build/my_robot_hardware_interface
[0.591s] Level 1:colcon.colcon_core.environment:checking '/home/kk/github/ros2_control_moveit_6-dor-arm/ros_ws/install/my_robot_hardware_interface' for CMake config files
[0.591s] Level 1:colcon.colcon_core.shell:create_environment_hook('my_robot_hardware_interface', 'cmake_prefix_path')
[0.592s] INFO:colcon.colcon_core.shell:Creating environment hook '/home/kk/github/ros2_control_moveit_6-dor-arm/ros_ws/install/my_robot_hardware_interface/share/my_robot_hardware_interface/hook/cmake_prefix_path.ps1'
[0.592s] INFO:colcon.colcon_core.shell:Creating environment descriptor '/home/kk/github/ros2_control_moveit_6-dor-arm/ros_ws/install/my_robot_hardware_interface/share/my_robot_hardware_interface/hook/cmake_prefix_path.dsv'
[0.592s] INFO:colcon.colcon_core.shell:Creating environment hook '/home/kk/github/ros2_control_moveit_6-dor-arm/ros_ws/install/my_robot_hardware_interface/share/my_robot_hardware_interface/hook/cmake_prefix_path.sh'
[0.593s] Level 1:colcon.colcon_core.environment:checking '/home/kk/github/ros2_control_moveit_6-dor-arm/ros_ws/install/my_robot_hardware_interface/bin'
[0.593s] Level 1:colcon.colcon_core.environment:checking '/home/kk/github/ros2_control_moveit_6-dor-arm/ros_ws/install/my_robot_hardware_interface/lib/pkgconfig/my_robot_hardware_interface.pc'
[0.593s] Level 1:colcon.colcon_core.environment:checking '/home/kk/github/ros2_control_moveit_6-dor-arm/ros_ws/install/my_robot_hardware_interface/lib/python3.10/site-packages'
[0.593s] Level 1:colcon.colcon_core.environment:checking '/home/kk/github/ros2_control_moveit_6-dor-arm/ros_ws/install/my_robot_hardware_interface/bin'
[0.593s] INFO:colcon.colcon_core.shell:Creating package script '/home/kk/github/ros2_control_moveit_6-dor-arm/ros_ws/install/my_robot_hardware_interface/share/my_robot_hardware_interface/package.ps1'
[0.594s] INFO:colcon.colcon_core.shell:Creating package descriptor '/home/kk/github/ros2_control_moveit_6-dor-arm/ros_ws/install/my_robot_hardware_interface/share/my_robot_hardware_interface/package.dsv'
[0.594s] INFO:colcon.colcon_core.shell:Creating package script '/home/kk/github/ros2_control_moveit_6-dor-arm/ros_ws/install/my_robot_hardware_interface/share/my_robot_hardware_interface/package.sh'
[0.595s] INFO:colcon.colcon_core.shell:Creating package script '/home/kk/github/ros2_control_moveit_6-dor-arm/ros_ws/install/my_robot_hardware_interface/share/my_robot_hardware_interface/package.bash'
[0.595s] INFO:colcon.colcon_core.shell:Creating package script '/home/kk/github/ros2_control_moveit_6-dor-arm/ros_ws/install/my_robot_hardware_interface/share/my_robot_hardware_interface/package.zsh'
[0.595s] Level 1:colcon.colcon_core.environment:create_file_with_runtime_dependencies(/home/kk/github/ros2_control_moveit_6-dor-arm/ros_ws/install/my_robot_hardware_interface/share/colcon-core/packages/my_robot_hardware_interface)
[0.595s] Level 1:colcon.colcon_core.environment:create_environment_scripts_only(my_robot_hardware_interface)
[0.595s] Level 1:colcon.colcon_core.environment:checking '/home/kk/github/ros2_control_moveit_6-dor-arm/ros_ws/install/my_robot_hardware_interface' for CMake module files
[0.596s] Level 1:colcon.colcon_core.environment:checking '/home/kk/github/ros2_control_moveit_6-dor-arm/ros_ws/install/my_robot_hardware_interface' for CMake config files
[0.596s] Level 1:colcon.colcon_core.shell:create_environment_hook('my_robot_hardware_interface', 'cmake_prefix_path')
[0.596s] INFO:colcon.colcon_core.shell:Creating environment hook '/home/kk/github/ros2_control_moveit_6-dor-arm/ros_ws/install/my_robot_hardware_interface/share/my_robot_hardware_interface/hook/cmake_prefix_path.ps1'
[0.596s] INFO:colcon.colcon_core.shell:Creating environment descriptor '/home/kk/github/ros2_control_moveit_6-dor-arm/ros_ws/install/my_robot_hardware_interface/share/my_robot_hardware_interface/hook/cmake_prefix_path.dsv'
[0.596s] INFO:colcon.colcon_core.shell:Creating environment hook '/home/kk/github/ros2_control_moveit_6-dor-arm/ros_ws/install/my_robot_hardware_interface/share/my_robot_hardware_interface/hook/cmake_prefix_path.sh'
[0.597s] Level 1:colcon.colcon_core.environment:checking '/home/kk/github/ros2_control_moveit_6-dor-arm/ros_ws/install/my_robot_hardware_interface/bin'
[0.597s] Level 1:colcon.colcon_core.environment:checking '/home/kk/github/ros2_control_moveit_6-dor-arm/ros_ws/install/my_robot_hardware_interface/lib/pkgconfig/my_robot_hardware_interface.pc'
[0.597s] Level 1:colcon.colcon_core.environment:checking '/home/kk/github/ros2_control_moveit_6-dor-arm/ros_ws/install/my_robot_hardware_interface/lib/python3.10/site-packages'
[0.597s] Level 1:colcon.colcon_core.environment:checking '/home/kk/github/ros2_control_moveit_6-dor-arm/ros_ws/install/my_robot_hardware_interface/bin'
[0.597s] INFO:colcon.colcon_core.shell:Creating package script '/home/kk/github/ros2_control_moveit_6-dor-arm/ros_ws/install/my_robot_hardware_interface/share/my_robot_hardware_interface/package.ps1'
[0.598s] INFO:colcon.colcon_core.shell:Creating package descriptor '/home/kk/github/ros2_control_moveit_6-dor-arm/ros_ws/install/my_robot_hardware_interface/share/my_robot_hardware_interface/package.dsv'
[0.598s] INFO:colcon.colcon_core.shell:Creating package script '/home/kk/github/ros2_control_moveit_6-dor-arm/ros_ws/install/my_robot_hardware_interface/share/my_robot_hardware_interface/package.sh'
[0.598s] INFO:colcon.colcon_core.shell:Creating package script '/home/kk/github/ros2_control_moveit_6-dor-arm/ros_ws/install/my_robot_hardware_interface/share/my_robot_hardware_interface/package.bash'
[0.598s] INFO:colcon.colcon_core.shell:Creating package script '/home/kk/github/ros2_control_moveit_6-dor-arm/ros_ws/install/my_robot_hardware_interface/share/my_robot_hardware_interface/package.zsh'
[0.599s] Level 1:colcon.colcon_core.environment:create_file_with_runtime_dependencies(/home/kk/github/ros2_control_moveit_6-dor-arm/ros_ws/install/my_robot_hardware_interface/share/colcon-core/packages/my_robot_hardware_interface)
[0.701s] Level 1:colcon.colcon_core.environment:create_environment_scripts_only(my_robot_description)
[0.701s] Level 1:colcon.colcon_core.environment:checking '/home/kk/github/ros2_control_moveit_6-dor-arm/ros_ws/install/my_robot_description' for CMake module files
[0.701s] DEBUG:colcon.colcon_core.event_handler.log_command:Invoked command in '/home/kk/github/ros2_control_moveit_6-dor-arm/ros_ws/build/my_robot_description' returned '0': CMAKE_PREFIX_PATH=/opt/ros/humble /usr/bin/cmake --install /home/kk/github/ros2_control_moveit_6-dor-arm/ros_ws/build/my_robot_description
[0.702s] Level 1:colcon.colcon_core.environment:checking '/home/kk/github/ros2_control_moveit_6-dor-arm/ros_ws/install/my_robot_description' for CMake config files
[0.702s] Level 1:colcon.colcon_core.shell:create_environment_hook('my_robot_description', 'cmake_prefix_path')
[0.702s] INFO:colcon.colcon_core.shell:Creating environment hook '/home/kk/github/ros2_control_moveit_6-dor-arm/ros_ws/install/my_robot_description/share/my_robot_description/hook/cmake_prefix_path.ps1'
[0.702s] INFO:colcon.colcon_core.shell:Creating environment descriptor '/home/kk/github/ros2_control_moveit_6-dor-arm/ros_ws/install/my_robot_description/share/my_robot_description/hook/cmake_prefix_path.dsv'
[0.703s] INFO:colcon.colcon_core.shell:Creating environment hook '/home/kk/github/ros2_control_moveit_6-dor-arm/ros_ws/install/my_robot_description/share/my_robot_description/hook/cmake_prefix_path.sh'
[0.703s] Level 1:colcon.colcon_core.environment:checking '/home/kk/github/ros2_control_moveit_6-dor-arm/ros_ws/install/my_robot_description/bin'
[0.703s] Level 1:colcon.colcon_core.environment:checking '/home/kk/github/ros2_control_moveit_6-dor-arm/ros_ws/install/my_robot_description/lib/pkgconfig/my_robot_description.pc'
[0.703s] Level 1:colcon.colcon_core.environment:checking '/home/kk/github/ros2_control_moveit_6-dor-arm/ros_ws/install/my_robot_description/lib/python3.10/site-packages'
[0.704s] Level 1:colcon.colcon_core.environment:checking '/home/kk/github/ros2_control_moveit_6-dor-arm/ros_ws/install/my_robot_description/bin'
[0.704s] INFO:colcon.colcon_core.shell:Creating package script '/home/kk/github/ros2_control_moveit_6-dor-arm/ros_ws/install/my_robot_description/share/my_robot_description/package.ps1'
[0.705s] INFO:colcon.colcon_core.shell:Creating package descriptor '/home/kk/github/ros2_control_moveit_6-dor-arm/ros_ws/install/my_robot_description/share/my_robot_description/package.dsv'
[0.705s] INFO:colcon.colcon_core.shell:Creating package script '/home/kk/github/ros2_control_moveit_6-dor-arm/ros_ws/install/my_robot_description/share/my_robot_description/package.sh'
[0.705s] INFO:colcon.colcon_core.shell:Creating package script '/home/kk/github/ros2_control_moveit_6-dor-arm/ros_ws/install/my_robot_description/share/my_robot_description/package.bash'
[0.706s] INFO:colcon.colcon_core.shell:Creating package script '/home/kk/github/ros2_control_moveit_6-dor-arm/ros_ws/install/my_robot_description/share/my_robot_description/package.zsh'
[0.706s] Level 1:colcon.colcon_core.environment:create_file_with_runtime_dependencies(/home/kk/github/ros2_control_moveit_6-dor-arm/ros_ws/install/my_robot_description/share/colcon-core/packages/my_robot_description)
[0.707s] Level 1:colcon.colcon_core.environment:create_environment_scripts_only(my_robot_description)
[0.707s] Level 1:colcon.colcon_core.environment:checking '/home/kk/github/ros2_control_moveit_6-dor-arm/ros_ws/install/my_robot_description' for CMake module files
[0.708s] Level 1:colcon.colcon_core.environment:checking '/home/kk/github/ros2_control_moveit_6-dor-arm/ros_ws/install/my_robot_description' for CMake config files
[0.708s] Level 1:colcon.colcon_core.shell:create_environment_hook('my_robot_description', 'cmake_prefix_path')
[0.709s] INFO:colcon.colcon_core.shell:Creating environment hook '/home/kk/github/ros2_control_moveit_6-dor-arm/ros_ws/install/my_robot_description/share/my_robot_description/hook/cmake_prefix_path.ps1'
[0.709s] INFO:colcon.colcon_core.shell:Creating environment descriptor '/home/kk/github/ros2_control_moveit_6-dor-arm/ros_ws/install/my_robot_description/share/my_robot_description/hook/cmake_prefix_path.dsv'
[0.709s] INFO:colcon.colcon_core.shell:Creating environment hook '/home/kk/github/ros2_control_moveit_6-dor-arm/ros_ws/install/my_robot_description/share/my_robot_description/hook/cmake_prefix_path.sh'
[0.710s] Level 1:colcon.colcon_core.environment:checking '/home/kk/github/ros2_control_moveit_6-dor-arm/ros_ws/install/my_robot_description/bin'
[0.710s] Level 1:colcon.colcon_core.environment:checking '/home/kk/github/ros2_control_moveit_6-dor-arm/ros_ws/install/my_robot_description/lib/pkgconfig/my_robot_description.pc'
[0.710s] Level 1:colcon.colcon_core.environment:checking '/home/kk/github/ros2_control_moveit_6-dor-arm/ros_ws/install/my_robot_description/lib/python3.10/site-packages'
[0.711s] Level 1:colcon.colcon_core.environment:checking '/home/kk/github/ros2_control_moveit_6-dor-arm/ros_ws/install/my_robot_description/bin'
[0.711s] INFO:colcon.colcon_core.shell:Creating package script '/home/kk/github/ros2_control_moveit_6-dor-arm/ros_ws/install/my_robot_description/share/my_robot_description/package.ps1'
[0.712s] INFO:colcon.colcon_core.shell:Creating package descriptor '/home/kk/github/ros2_control_moveit_6-dor-arm/ros_ws/install/my_robot_description/share/my_robot_description/package.dsv'
[0.713s] INFO:colcon.colcon_core.shell:Creating package script '/home/kk/github/ros2_control_moveit_6-dor-arm/ros_ws/install/my_robot_description/share/my_robot_description/package.sh'
[0.714s] INFO:colcon.colcon_core.shell:Creating package script '/home/kk/github/ros2_control_moveit_6-dor-arm/ros_ws/install/my_robot_description/share/my_robot_description/package.bash'
[0.714s] INFO:colcon.colcon_core.shell:Creating package script '/home/kk/github/ros2_control_moveit_6-dor-arm/ros_ws/install/my_robot_description/share/my_robot_description/package.zsh'
[0.715s] Level 1:colcon.colcon_core.environment:create_file_with_runtime_dependencies(/home/kk/github/ros2_control_moveit_6-dor-arm/ros_ws/install/my_robot_description/share/colcon-core/packages/my_robot_description)
[0.715s] INFO:colcon.colcon_ros.task.ament_cmake.build:Building ROS package in '/home/kk/github/ros2_control_moveit_6-dor-arm/ros_ws/src/my_robot_moveit_config' with build type 'ament_cmake'
[0.715s] INFO:colcon.colcon_cmake.task.cmake.build:Building CMake package in '/home/kk/github/ros2_control_moveit_6-dor-arm/ros_ws/src/my_robot_moveit_config'
[0.715s] INFO:colcon.colcon_core.shell:Skip shell extension 'powershell' for command environment: Not usable outside of PowerShell
[0.715s] DEBUG:colcon.colcon_core.shell:Skip shell extension 'dsv' for command environment
[0.725s] DEBUG:colcon.colcon_core.event_handler.log_command:Invoking command in '/home/kk/github/ros2_control_moveit_6-dor-arm/ros_ws/build/my_robot_moveit_config': AMENT_PREFIX_PATH=/home/kk/github/ros2_control_moveit_6-dor-arm/ros_ws/install/my_robot_description:${AMENT_PREFIX_PATH} CMAKE_PREFIX_PATH=/home/kk/github/ros2_control_moveit_6-dor-arm/ros_ws/install/my_robot_description:/opt/ros/humble /usr/bin/cmake /home/kk/github/ros2_control_moveit_6-dor-arm/ros_ws/src/my_robot_moveit_config -DAMENT_CMAKE_SYMLINK_INSTALL=1 -DCMAKE_INSTALL_PREFIX=/home/kk/github/ros2_control_moveit_6-dor-arm/ros_ws/install/my_robot_moveit_config
[0.874s] DEBUG:colcon.colcon_core.event_handler.log_command:Invoked command in '/home/kk/github/ros2_control_moveit_6-dor-arm/ros_ws/build/my_robot_moveit_config' returned '0': AMENT_PREFIX_PATH=/home/kk/github/ros2_control_moveit_6-dor-arm/ros_ws/install/my_robot_description:${AMENT_PREFIX_PATH} CMAKE_PREFIX_PATH=/home/kk/github/ros2_control_moveit_6-dor-arm/ros_ws/install/my_robot_description:/opt/ros/humble /usr/bin/cmake /home/kk/github/ros2_control_moveit_6-dor-arm/ros_ws/src/my_robot_moveit_config -DAMENT_CMAKE_SYMLINK_INSTALL=1 -DCMAKE_INSTALL_PREFIX=/home/kk/github/ros2_control_moveit_6-dor-arm/ros_ws/install/my_robot_moveit_config
[0.875s] DEBUG:colcon.colcon_core.event_handler.log_command:Invoking command in '/home/kk/github/ros2_control_moveit_6-dor-arm/ros_ws/build/my_robot_moveit_config': AMENT_PREFIX_PATH=/home/kk/github/ros2_control_moveit_6-dor-arm/ros_ws/install/my_robot_description:${AMENT_PREFIX_PATH} CMAKE_PREFIX_PATH=/home/kk/github/ros2_control_moveit_6-dor-arm/ros_ws/install/my_robot_description:/opt/ros/humble /usr/bin/cmake --build /home/kk/github/ros2_control_moveit_6-dor-arm/ros_ws/build/my_robot_moveit_config -- -j16 -l16
[0.909s] DEBUG:colcon.colcon_core.event_handler.log_command:Invoked command in '/home/kk/github/ros2_control_moveit_6-dor-arm/ros_ws/build/my_robot_moveit_config' returned '0': AMENT_PREFIX_PATH=/home/kk/github/ros2_control_moveit_6-dor-arm/ros_ws/install/my_robot_description:${AMENT_PREFIX_PATH} CMAKE_PREFIX_PATH=/home/kk/github/ros2_control_moveit_6-dor-arm/ros_ws/install/my_robot_description:/opt/ros/humble /usr/bin/cmake --build /home/kk/github/ros2_control_moveit_6-dor-arm/ros_ws/build/my_robot_moveit_config -- -j16 -l16
[0.910s] DEBUG:colcon.colcon_core.event_handler.log_command:Invoking command in '/home/kk/github/ros2_control_moveit_6-dor-arm/ros_ws/build/my_robot_moveit_config': AMENT_PREFIX_PATH=/home/kk/github/ros2_control_moveit_6-dor-arm/ros_ws/install/my_robot_description:${AMENT_PREFIX_PATH} CMAKE_PREFIX_PATH=/home/kk/github/ros2_control_moveit_6-dor-arm/ros_ws/install/my_robot_description:/opt/ros/humble /usr/bin/cmake --install /home/kk/github/ros2_control_moveit_6-dor-arm/ros_ws/build/my_robot_moveit_config
[1.224s] Level 1:colcon.colcon_core.environment:create_environment_scripts_only(my_robot_moveit_config)
[1.224s] Level 1:colcon.colcon_core.environment:checking '/home/kk/github/ros2_control_moveit_6-dor-arm/ros_ws/install/my_robot_moveit_config' for CMake module files
[1.225s] DEBUG:colcon.colcon_core.event_handler.log_command:Invoked command in '/home/kk/github/ros2_control_moveit_6-dor-arm/ros_ws/build/my_robot_moveit_config' returned '0': AMENT_PREFIX_PATH=/home/kk/github/ros2_control_moveit_6-dor-arm/ros_ws/install/my_robot_description:${AMENT_PREFIX_PATH} CMAKE_PREFIX_PATH=/home/kk/github/ros2_control_moveit_6-dor-arm/ros_ws/install/my_robot_description:/opt/ros/humble /usr/bin/cmake --install /home/kk/github/ros2_control_moveit_6-dor-arm/ros_ws/build/my_robot_moveit_config
[1.225s] Level 1:colcon.colcon_core.environment:checking '/home/kk/github/ros2_control_moveit_6-dor-arm/ros_ws/install/my_robot_moveit_config' for CMake config files
[1.225s] Level 1:colcon.colcon_core.shell:create_environment_hook('my_robot_moveit_config', 'cmake_prefix_path')
[1.226s] INFO:colcon.colcon_core.shell:Creating environment hook '/home/kk/github/ros2_control_moveit_6-dor-arm/ros_ws/install/my_robot_moveit_config/share/my_robot_moveit_config/hook/cmake_prefix_path.ps1'
[1.226s] INFO:colcon.colcon_core.shell:Creating environment descriptor '/home/kk/github/ros2_control_moveit_6-dor-arm/ros_ws/install/my_robot_moveit_config/share/my_robot_moveit_config/hook/cmake_prefix_path.dsv'
[1.226s] INFO:colcon.colcon_core.shell:Creating environment hook '/home/kk/github/ros2_control_moveit_6-dor-arm/ros_ws/install/my_robot_moveit_config/share/my_robot_moveit_config/hook/cmake_prefix_path.sh'
[1.226s] Level 1:colcon.colcon_core.environment:checking '/home/kk/github/ros2_control_moveit_6-dor-arm/ros_ws/install/my_robot_moveit_config/bin'
[1.227s] Level 1:colcon.colcon_core.environment:checking '/home/kk/github/ros2_control_moveit_6-dor-arm/ros_ws/install/my_robot_moveit_config/lib/pkgconfig/my_robot_moveit_config.pc'
[1.227s] Level 1:colcon.colcon_core.environment:checking '/home/kk/github/ros2_control_moveit_6-dor-arm/ros_ws/install/my_robot_moveit_config/lib/python3.10/site-packages'
[1.227s] Level 1:colcon.colcon_core.environment:checking '/home/kk/github/ros2_control_moveit_6-dor-arm/ros_ws/install/my_robot_moveit_config/bin'
[1.227s] INFO:colcon.colcon_core.shell:Creating package script '/home/kk/github/ros2_control_moveit_6-dor-arm/ros_ws/install/my_robot_moveit_config/share/my_robot_moveit_config/package.ps1'
[1.227s] INFO:colcon.colcon_core.shell:Creating package descriptor '/home/kk/github/ros2_control_moveit_6-dor-arm/ros_ws/install/my_robot_moveit_config/share/my_robot_moveit_config/package.dsv'
[1.228s] INFO:colcon.colcon_core.shell:Creating package script '/home/kk/github/ros2_control_moveit_6-dor-arm/ros_ws/install/my_robot_moveit_config/share/my_robot_moveit_config/package.sh'
[1.228s] INFO:colcon.colcon_core.shell:Creating package script '/home/kk/github/ros2_control_moveit_6-dor-arm/ros_ws/install/my_robot_moveit_config/share/my_robot_moveit_config/package.bash'
[1.228s] INFO:colcon.colcon_core.shell:Creating package script '/home/kk/github/ros2_control_moveit_6-dor-arm/ros_ws/install/my_robot_moveit_config/share/my_robot_moveit_config/package.zsh'
[1.229s] Level 1:colcon.colcon_core.environment:create_file_with_runtime_dependencies(/home/kk/github/ros2_control_moveit_6-dor-arm/ros_ws/install/my_robot_moveit_config/share/colcon-core/packages/my_robot_moveit_config)
[1.229s] Level 1:colcon.colcon_core.environment:create_environment_scripts_only(my_robot_moveit_config)
[1.229s] Level 1:colcon.colcon_core.environment:checking '/home/kk/github/ros2_control_moveit_6-dor-arm/ros_ws/install/my_robot_moveit_config' for CMake module files
[1.229s] Level 1:colcon.colcon_core.environment:checking '/home/kk/github/ros2_control_moveit_6-dor-arm/ros_ws/install/my_robot_moveit_config' for CMake config files
[1.230s] Level 1:colcon.colcon_core.shell:create_environment_hook('my_robot_moveit_config', 'cmake_prefix_path')
[1.230s] INFO:colcon.colcon_core.shell:Creating environment hook '/home/kk/github/ros2_control_moveit_6-dor-arm/ros_ws/install/my_robot_moveit_config/share/my_robot_moveit_config/hook/cmake_prefix_path.ps1'
[1.230s] INFO:colcon.colcon_core.shell:Creating environment descriptor '/home/kk/github/ros2_control_moveit_6-dor-arm/ros_ws/install/my_robot_moveit_config/share/my_robot_moveit_config/hook/cmake_prefix_path.dsv'
[1.230s] INFO:colcon.colcon_core.shell:Creating environment hook '/home/kk/github/ros2_control_moveit_6-dor-arm/ros_ws/install/my_robot_moveit_config/share/my_robot_moveit_config/hook/cmake_prefix_path.sh'
[1.230s] Level 1:colcon.colcon_core.environment:checking '/home/kk/github/ros2_control_moveit_6-dor-arm/ros_ws/install/my_robot_moveit_config/bin'
[1.231s] Level 1:colcon.colcon_core.environment:checking '/home/kk/github/ros2_control_moveit_6-dor-arm/ros_ws/install/my_robot_moveit_config/lib/pkgconfig/my_robot_moveit_config.pc'
[1.231s] Level 1:colcon.colcon_core.environment:checking '/home/kk/github/ros2_control_moveit_6-dor-arm/ros_ws/install/my_robot_moveit_config/lib/python3.10/site-packages'
[1.231s] Level 1:colcon.colcon_core.environment:checking '/home/kk/github/ros2_control_moveit_6-dor-arm/ros_ws/install/my_robot_moveit_config/bin'
[1.231s] INFO:colcon.colcon_core.shell:Creating package script '/home/kk/github/ros2_control_moveit_6-dor-arm/ros_ws/install/my_robot_moveit_config/share/my_robot_moveit_config/package.ps1'
[1.231s] INFO:colcon.colcon_core.shell:Creating package descriptor '/home/kk/github/ros2_control_moveit_6-dor-arm/ros_ws/install/my_robot_moveit_config/share/my_robot_moveit_config/package.dsv'
[1.232s] INFO:colcon.colcon_core.shell:Creating package script '/home/kk/github/ros2_control_moveit_6-dor-arm/ros_ws/install/my_robot_moveit_config/share/my_robot_moveit_config/package.sh'
[1.232s] INFO:colcon.colcon_core.shell:Creating package script '/home/kk/github/ros2_control_moveit_6-dor-arm/ros_ws/install/my_robot_moveit_config/share/my_robot_moveit_config/package.bash'
[1.232s] INFO:colcon.colcon_core.shell:Creating package script '/home/kk/github/ros2_control_moveit_6-dor-arm/ros_ws/install/my_robot_moveit_config/share/my_robot_moveit_config/package.zsh'
[1.232s] Level 1:colcon.colcon_core.environment:create_file_with_runtime_dependencies(/home/kk/github/ros2_control_moveit_6-dor-arm/ros_ws/install/my_robot_moveit_config/share/colcon-core/packages/my_robot_moveit_config)
[1.232s] DEBUG:colcon.colcon_parallel_executor.executor.parallel:closing loop
[1.233s] DEBUG:colcon.colcon_parallel_executor.executor.parallel:loop closed
[1.233s] DEBUG:colcon.colcon_parallel_executor.executor.parallel:run_until_complete finished with '0'
[1.233s] DEBUG:colcon.colcon_core.event_reactor:joining thread
[1.240s] INFO:colcon.colcon_core.plugin_system:Skipping extension 'colcon_notification.desktop_notification.terminal_notifier': Not used on non-Darwin systems
[1.240s] INFO:colcon.colcon_core.plugin_system:Skipping extension 'colcon_notification.desktop_notification.win32': Not used on non-Windows systems
[1.240s] INFO:colcon.colcon_notification.desktop_notification:Sending desktop notification using 'notify2'
[1.249s] DEBUG:colcon.colcon_core.event_reactor:joined thread
[1.250s] INFO:colcon.colcon_core.shell:Creating prefix script '/home/kk/github/ros2_control_moveit_6-dor-arm/ros_ws/install/local_setup.ps1'
[1.251s] INFO:colcon.colcon_core.shell:Creating prefix util module '/home/kk/github/ros2_control_moveit_6-dor-arm/ros_ws/install/_local_setup_util_ps1.py'
[1.252s] INFO:colcon.colcon_core.shell:Creating prefix chain script '/home/kk/github/ros2_control_moveit_6-dor-arm/ros_ws/install/setup.ps1'
[1.252s] INFO:colcon.colcon_core.shell:Creating prefix script '/home/kk/github/ros2_control_moveit_6-dor-arm/ros_ws/install/local_setup.sh'
[1.253s] INFO:colcon.colcon_core.shell:Creating prefix util module '/home/kk/github/ros2_control_moveit_6-dor-arm/ros_ws/install/_local_setup_util_sh.py'
[1.253s] INFO:colcon.colcon_core.shell:Creating prefix chain script '/home/kk/github/ros2_control_moveit_6-dor-arm/ros_ws/install/setup.sh'
[1.254s] INFO:colcon.colcon_core.shell:Creating prefix script '/home/kk/github/ros2_control_moveit_6-dor-arm/ros_ws/install/local_setup.bash'
[1.254s] INFO:colcon.colcon_core.shell:Creating prefix chain script '/home/kk/github/ros2_control_moveit_6-dor-arm/ros_ws/install/setup.bash'
[1.255s] INFO:colcon.colcon_core.shell:Creating prefix script '/home/kk/github/ros2_control_moveit_6-dor-arm/ros_ws/install/local_setup.zsh'
[1.255s] INFO:colcon.colcon_core.shell:Creating prefix chain script '/home/kk/github/ros2_control_moveit_6-dor-arm/ros_ws/install/setup.zsh'
