[0.015s] Invoking command in '/home/kk/github/ros2_control_moveit_6-dor-arm/ros_ws/build/my_robot_moveit_config': CMAKE_PREFIX_PATH=/home/kk/github/ros2_control_moveit_6-dor-arm/ros_ws/install/my_robot_description:/home/kk/github/ros2_control_moveit_6-dor-arm/ros_ws/install/my_robot_moveit_config:/home/kk/github/ros2_control_moveit_6-dor-arm/ros_ws/install/my_robot_hardware_interface:/home/kk/github/ros2_control_moveit_6-dor-arm/ros_ws/install/my_robot_controller:/home/kk/github/ros2_control_moveit_6-dor-arm/ros_ws/install/my_robot_bringup:/home/kk/github/ros2_control_moveit_6-dor-arm/ros_ws/src/install/my_robot_moveit_config:/home/kk/github/ros2_control_moveit_6-dor-arm/ros_ws/src/install/my_robot_hardware_interface:/home/kk/github/ros2_control_moveit_6-dor-arm/ros_ws/src/install/my_robot_description:/home/kk/github/ros2_control_moveit_6-dor-arm/ros_ws/src/install/my_robot_controller:/home/kk/github/ros2_control_moveit_6-dor-arm/ros_ws/src/install/my_robot_bringup:/opt/ros/humble /usr/bin/cmake /home/kk/github/ros2_control_moveit_6-dor-arm/ros_ws/src/my_robot_moveit_config -DCMAKE_INSTALL_PREFIX=/home/kk/github/ros2_control_moveit_6-dor-arm/ros_ws/install/my_robot_moveit_config
[0.063s] -- The C compiler identification is GNU 12.5.0
[0.108s] -- The CXX compiler identification is GNU 12.5.0
[0.114s] -- Detecting C compiler ABI info
[0.170s] -- Detecting C compiler ABI info - done
[0.174s] -- Check for working C compiler: /usr/bin/cc - skipped
[0.174s] -- Detecting C compile features
[0.174s] -- Detecting C compile features - done
[0.176s] -- Detecting CXX compiler ABI info
[0.246s] -- Detecting CXX compiler ABI info - done
[0.256s] -- Check for working CXX compiler: /usr/bin/c++ - skipped
[0.256s] -- Detecting CXX compile features
[0.256s] -- Detecting CXX compile features - done
[0.259s] -- Found ament_cmake: 1.3.14 (/opt/ros/humble/share/ament_cmake/cmake)
[0.370s] -- Found Python3: /usr/bin/python3 (found version "3.10.13") found components: Interpreter 
[0.496s] -- Configuring done
[0.498s] -- Generating done
[0.499s] -- Build files have been written to: /home/kk/github/ros2_control_moveit_6-dor-arm/ros_ws/build/my_robot_moveit_config
[0.505s] Invoked command in '/home/kk/github/ros2_control_moveit_6-dor-arm/ros_ws/build/my_robot_moveit_config' returned '0': CMAKE_PREFIX_PATH=/home/kk/github/ros2_control_moveit_6-dor-arm/ros_ws/install/my_robot_description:/home/kk/github/ros2_control_moveit_6-dor-arm/ros_ws/install/my_robot_moveit_config:/home/kk/github/ros2_control_moveit_6-dor-arm/ros_ws/install/my_robot_hardware_interface:/home/kk/github/ros2_control_moveit_6-dor-arm/ros_ws/install/my_robot_controller:/home/kk/github/ros2_control_moveit_6-dor-arm/ros_ws/install/my_robot_bringup:/home/kk/github/ros2_control_moveit_6-dor-arm/ros_ws/src/install/my_robot_moveit_config:/home/kk/github/ros2_control_moveit_6-dor-arm/ros_ws/src/install/my_robot_hardware_interface:/home/kk/github/ros2_control_moveit_6-dor-arm/ros_ws/src/install/my_robot_description:/home/kk/github/ros2_control_moveit_6-dor-arm/ros_ws/src/install/my_robot_controller:/home/kk/github/ros2_control_moveit_6-dor-arm/ros_ws/src/install/my_robot_bringup:/opt/ros/humble /usr/bin/cmake /home/kk/github/ros2_control_moveit_6-dor-arm/ros_ws/src/my_robot_moveit_config -DCMAKE_INSTALL_PREFIX=/home/kk/github/ros2_control_moveit_6-dor-arm/ros_ws/install/my_robot_moveit_config
[0.506s] Invoking command in '/home/kk/github/ros2_control_moveit_6-dor-arm/ros_ws/build/my_robot_moveit_config': CMAKE_PREFIX_PATH=/home/kk/github/ros2_control_moveit_6-dor-arm/ros_ws/install/my_robot_description:/home/kk/github/ros2_control_moveit_6-dor-arm/ros_ws/install/my_robot_moveit_config:/home/kk/github/ros2_control_moveit_6-dor-arm/ros_ws/install/my_robot_hardware_interface:/home/kk/github/ros2_control_moveit_6-dor-arm/ros_ws/install/my_robot_controller:/home/kk/github/ros2_control_moveit_6-dor-arm/ros_ws/install/my_robot_bringup:/home/kk/github/ros2_control_moveit_6-dor-arm/ros_ws/src/install/my_robot_moveit_config:/home/kk/github/ros2_control_moveit_6-dor-arm/ros_ws/src/install/my_robot_hardware_interface:/home/kk/github/ros2_control_moveit_6-dor-arm/ros_ws/src/install/my_robot_description:/home/kk/github/ros2_control_moveit_6-dor-arm/ros_ws/src/install/my_robot_controller:/home/kk/github/ros2_control_moveit_6-dor-arm/ros_ws/src/install/my_robot_bringup:/opt/ros/humble /usr/bin/cmake --build /home/kk/github/ros2_control_moveit_6-dor-arm/ros_ws/build/my_robot_moveit_config -- -j16 -l16
[0.545s] Invoked command in '/home/kk/github/ros2_control_moveit_6-dor-arm/ros_ws/build/my_robot_moveit_config' returned '0': CMAKE_PREFIX_PATH=/home/kk/github/ros2_control_moveit_6-dor-arm/ros_ws/install/my_robot_description:/home/kk/github/ros2_control_moveit_6-dor-arm/ros_ws/install/my_robot_moveit_config:/home/kk/github/ros2_control_moveit_6-dor-arm/ros_ws/install/my_robot_hardware_interface:/home/kk/github/ros2_control_moveit_6-dor-arm/ros_ws/install/my_robot_controller:/home/kk/github/ros2_control_moveit_6-dor-arm/ros_ws/install/my_robot_bringup:/home/kk/github/ros2_control_moveit_6-dor-arm/ros_ws/src/install/my_robot_moveit_config:/home/kk/github/ros2_control_moveit_6-dor-arm/ros_ws/src/install/my_robot_hardware_interface:/home/kk/github/ros2_control_moveit_6-dor-arm/ros_ws/src/install/my_robot_description:/home/kk/github/ros2_control_moveit_6-dor-arm/ros_ws/src/install/my_robot_controller:/home/kk/github/ros2_control_moveit_6-dor-arm/ros_ws/src/install/my_robot_bringup:/opt/ros/humble /usr/bin/cmake --build /home/kk/github/ros2_control_moveit_6-dor-arm/ros_ws/build/my_robot_moveit_config -- -j16 -l16
[0.546s] Invoking command in '/home/kk/github/ros2_control_moveit_6-dor-arm/ros_ws/build/my_robot_moveit_config': CMAKE_PREFIX_PATH=/home/kk/github/ros2_control_moveit_6-dor-arm/ros_ws/install/my_robot_description:/home/kk/github/ros2_control_moveit_6-dor-arm/ros_ws/install/my_robot_moveit_config:/home/kk/github/ros2_control_moveit_6-dor-arm/ros_ws/install/my_robot_hardware_interface:/home/kk/github/ros2_control_moveit_6-dor-arm/ros_ws/install/my_robot_controller:/home/kk/github/ros2_control_moveit_6-dor-arm/ros_ws/install/my_robot_bringup:/home/kk/github/ros2_control_moveit_6-dor-arm/ros_ws/src/install/my_robot_moveit_config:/home/kk/github/ros2_control_moveit_6-dor-arm/ros_ws/src/install/my_robot_hardware_interface:/home/kk/github/ros2_control_moveit_6-dor-arm/ros_ws/src/install/my_robot_description:/home/kk/github/ros2_control_moveit_6-dor-arm/ros_ws/src/install/my_robot_controller:/home/kk/github/ros2_control_moveit_6-dor-arm/ros_ws/src/install/my_robot_bringup:/opt/ros/humble /usr/bin/cmake --install /home/kk/github/ros2_control_moveit_6-dor-arm/ros_ws/build/my_robot_moveit_config
[0.554s] -- Install configuration: ""
[0.554s] -- Installing: /home/kk/github/ros2_control_moveit_6-dor-arm/ros_ws/install/my_robot_moveit_config/share/ament_index/resource_index/package_run_dependencies/my_robot_moveit_config
[0.554s] -- Installing: /home/kk/github/ros2_control_moveit_6-dor-arm/ros_ws/install/my_robot_moveit_config/share/ament_index/resource_index/parent_prefix_path/my_robot_moveit_config
[0.554s] -- Installing: /home/kk/github/ros2_control_moveit_6-dor-arm/ros_ws/install/my_robot_moveit_config/share/my_robot_moveit_config/environment/ament_prefix_path.sh
[0.554s] -- Installing: /home/kk/github/ros2_control_moveit_6-dor-arm/ros_ws/install/my_robot_moveit_config/share/my_robot_moveit_config/environment/ament_prefix_path.dsv
[0.554s] -- Installing: /home/kk/github/ros2_control_moveit_6-dor-arm/ros_ws/install/my_robot_moveit_config/share/my_robot_moveit_config/environment/path.sh
[0.554s] -- Installing: /home/kk/github/ros2_control_moveit_6-dor-arm/ros_ws/install/my_robot_moveit_config/share/my_robot_moveit_config/environment/path.dsv
[0.554s] -- Installing: /home/kk/github/ros2_control_moveit_6-dor-arm/ros_ws/install/my_robot_moveit_config/share/my_robot_moveit_config/local_setup.bash
[0.554s] -- Installing: /home/kk/github/ros2_control_moveit_6-dor-arm/ros_ws/install/my_robot_moveit_config/share/my_robot_moveit_config/local_setup.sh
[0.554s] -- Installing: /home/kk/github/ros2_control_moveit_6-dor-arm/ros_ws/install/my_robot_moveit_config/share/my_robot_moveit_config/local_setup.zsh
[0.555s] -- Installing: /home/kk/github/ros2_control_moveit_6-dor-arm/ros_ws/install/my_robot_moveit_config/share/my_robot_moveit_config/local_setup.dsv
[0.555s] -- Installing: /home/kk/github/ros2_control_moveit_6-dor-arm/ros_ws/install/my_robot_moveit_config/share/my_robot_moveit_config/package.dsv
[0.555s] -- Installing: /home/kk/github/ros2_control_moveit_6-dor-arm/ros_ws/install/my_robot_moveit_config/share/ament_index/resource_index/packages/my_robot_moveit_config
[0.555s] -- Installing: /home/kk/github/ros2_control_moveit_6-dor-arm/ros_ws/install/my_robot_moveit_config/share/my_robot_moveit_config/cmake/my_robot_moveit_configConfig.cmake
[0.555s] -- Installing: /home/kk/github/ros2_control_moveit_6-dor-arm/ros_ws/install/my_robot_moveit_config/share/my_robot_moveit_config/cmake/my_robot_moveit_configConfig-version.cmake
[0.555s] -- Installing: /home/kk/github/ros2_control_moveit_6-dor-arm/ros_ws/install/my_robot_moveit_config/share/my_robot_moveit_config/package.xml
[0.555s] -- Installing: /home/kk/github/ros2_control_moveit_6-dor-arm/ros_ws/install/my_robot_moveit_config/share/my_robot_moveit_config/launch
[0.555s] -- Installing: /home/kk/github/ros2_control_moveit_6-dor-arm/ros_ws/install/my_robot_moveit_config/share/my_robot_moveit_config/launch/static_virtual_joint_tfs.launch.py
[0.555s] -- Installing: /home/kk/github/ros2_control_moveit_6-dor-arm/ros_ws/install/my_robot_moveit_config/share/my_robot_moveit_config/launch/demo.launch.py
[0.555s] -- Installing: /home/kk/github/ros2_control_moveit_6-dor-arm/ros_ws/install/my_robot_moveit_config/share/my_robot_moveit_config/launch/warehouse_db.launch.py
[0.556s] -- Installing: /home/kk/github/ros2_control_moveit_6-dor-arm/ros_ws/install/my_robot_moveit_config/share/my_robot_moveit_config/launch/moveit_rviz.launch.py
[0.556s] -- Installing: /home/kk/github/ros2_control_moveit_6-dor-arm/ros_ws/install/my_robot_moveit_config/share/my_robot_moveit_config/launch/spawn_controllers.launch.py
[0.556s] -- Installing: /home/kk/github/ros2_control_moveit_6-dor-arm/ros_ws/install/my_robot_moveit_config/share/my_robot_moveit_config/launch/move_group.launch.py
[0.556s] -- Installing: /home/kk/github/ros2_control_moveit_6-dor-arm/ros_ws/install/my_robot_moveit_config/share/my_robot_moveit_config/launch/setup_assistant.launch.py
[0.556s] -- Installing: /home/kk/github/ros2_control_moveit_6-dor-arm/ros_ws/install/my_robot_moveit_config/share/my_robot_moveit_config/launch/rsp.launch.py
[0.556s] -- Installing: /home/kk/github/ros2_control_moveit_6-dor-arm/ros_ws/install/my_robot_moveit_config/share/my_robot_moveit_config/config
[0.556s] -- Installing: /home/kk/github/ros2_control_moveit_6-dor-arm/ros_ws/install/my_robot_moveit_config/share/my_robot_moveit_config/config/joint_limits.yaml
[0.556s] -- Installing: /home/kk/github/ros2_control_moveit_6-dor-arm/ros_ws/install/my_robot_moveit_config/share/my_robot_moveit_config/config/ros2_controllers.yaml
[0.556s] -- Installing: /home/kk/github/ros2_control_moveit_6-dor-arm/ros_ws/install/my_robot_moveit_config/share/my_robot_moveit_config/config/moveit.rviz
[0.556s] -- Installing: /home/kk/github/ros2_control_moveit_6-dor-arm/ros_ws/install/my_robot_moveit_config/share/my_robot_moveit_config/config/pilz_cartesian_limits.yaml
[0.556s] -- Installing: /home/kk/github/ros2_control_moveit_6-dor-arm/ros_ws/install/my_robot_moveit_config/share/my_robot_moveit_config/config/kinematics.yaml
[0.556s] -- Installing: /home/kk/github/ros2_control_moveit_6-dor-arm/ros_ws/install/my_robot_moveit_config/share/my_robot_moveit_config/config/my_robot_description.srdf
[0.557s] -- Installing: /home/kk/github/ros2_control_moveit_6-dor-arm/ros_ws/install/my_robot_moveit_config/share/my_robot_moveit_config/config/my_robot_description.urdf.xacro
[0.557s] -- Installing: /home/kk/github/ros2_control_moveit_6-dor-arm/ros_ws/install/my_robot_moveit_config/share/my_robot_moveit_config/config/moveit_controllers.yaml
[0.557s] -- Installing: /home/kk/github/ros2_control_moveit_6-dor-arm/ros_ws/install/my_robot_moveit_config/share/my_robot_moveit_config/config/my_robot_description.ros2_control.xacro
[0.557s] -- Installing: /home/kk/github/ros2_control_moveit_6-dor-arm/ros_ws/install/my_robot_moveit_config/share/my_robot_moveit_config/config/initial_positions.yaml
[0.557s] -- Installing: /home/kk/github/ros2_control_moveit_6-dor-arm/ros_ws/install/my_robot_moveit_config/share/my_robot_moveit_config/.setup_assistant
[0.559s] Invoked command in '/home/kk/github/ros2_control_moveit_6-dor-arm/ros_ws/build/my_robot_moveit_config' returned '0': CMAKE_PREFIX_PATH=/home/kk/github/ros2_control_moveit_6-dor-arm/ros_ws/install/my_robot_description:/home/kk/github/ros2_control_moveit_6-dor-arm/ros_ws/install/my_robot_moveit_config:/home/kk/github/ros2_control_moveit_6-dor-arm/ros_ws/install/my_robot_hardware_interface:/home/kk/github/ros2_control_moveit_6-dor-arm/ros_ws/install/my_robot_controller:/home/kk/github/ros2_control_moveit_6-dor-arm/ros_ws/install/my_robot_bringup:/home/kk/github/ros2_control_moveit_6-dor-arm/ros_ws/src/install/my_robot_moveit_config:/home/kk/github/ros2_control_moveit_6-dor-arm/ros_ws/src/install/my_robot_hardware_interface:/home/kk/github/ros2_control_moveit_6-dor-arm/ros_ws/src/install/my_robot_description:/home/kk/github/ros2_control_moveit_6-dor-arm/ros_ws/src/install/my_robot_controller:/home/kk/github/ros2_control_moveit_6-dor-arm/ros_ws/src/install/my_robot_bringup:/opt/ros/humble /usr/bin/cmake --install /home/kk/github/ros2_control_moveit_6-dor-arm/ros_ws/build/my_robot_moveit_config
