[ 50%] [32mBuilding CXX object CMakeFiles/my_robot_controller.dir/src/my_custom_controller.cpp.o[0m
[100%] [32m[1mLinking CXX shared library libmy_robot_controller.so[0m
[100%] Built target my_robot_controller
-- Install configuration: ""
-- Up-to-date: /home/kk/github/ros2_control_moveit_6-dor-arm/ros_ws/install/my_robot_controller/share/my_robot_controller/my_robot_controller.xml
-- Up-to-date: /home/kk/github/ros2_control_moveit_6-dor-arm/ros_ws/install/my_robot_controller/include
-- Up-to-date: /home/kk/github/ros2_control_moveit_6-dor-arm/ros_ws/install/my_robot_controller/include/my_robot_controller
-- Up-to-date: /home/kk/github/ros2_control_moveit_6-dor-arm/ros_ws/install/my_robot_controller/include/my_robot_controller/my_custom_controller.hpp
-- Installing: /home/kk/github/ros2_control_moveit_6-dor-arm/ros_ws/install/my_robot_controller/lib/libmy_robot_controller.so
-- Set runtime path of "/home/kk/github/ros2_control_moveit_6-dor-arm/ros_ws/install/my_robot_controller/lib/libmy_robot_controller.so" to ""
-- Up-to-date: /home/kk/github/ros2_control_moveit_6-dor-arm/ros_ws/install/my_robot_controller/share/my_robot_controller/environment/library_path.sh
-- Up-to-date: /home/kk/github/ros2_control_moveit_6-dor-arm/ros_ws/install/my_robot_controller/share/my_robot_controller/environment/library_path.dsv
-- Up-to-date: /home/kk/github/ros2_control_moveit_6-dor-arm/ros_ws/install/my_robot_controller/share/ament_index/resource_index/package_run_dependencies/my_robot_controller
-- Up-to-date: /home/kk/github/ros2_control_moveit_6-dor-arm/ros_ws/install/my_robot_controller/share/ament_index/resource_index/parent_prefix_path/my_robot_controller
-- Up-to-date: /home/kk/github/ros2_control_moveit_6-dor-arm/ros_ws/install/my_robot_controller/share/my_robot_controller/environment/ament_prefix_path.sh
-- Up-to-date: /home/kk/github/ros2_control_moveit_6-dor-arm/ros_ws/install/my_robot_controller/share/my_robot_controller/environment/ament_prefix_path.dsv
-- Up-to-date: /home/kk/github/ros2_control_moveit_6-dor-arm/ros_ws/install/my_robot_controller/share/my_robot_controller/environment/path.sh
-- Up-to-date: /home/kk/github/ros2_control_moveit_6-dor-arm/ros_ws/install/my_robot_controller/share/my_robot_controller/environment/path.dsv
-- Up-to-date: /home/kk/github/ros2_control_moveit_6-dor-arm/ros_ws/install/my_robot_controller/share/my_robot_controller/local_setup.bash
-- Up-to-date: /home/kk/github/ros2_control_moveit_6-dor-arm/ros_ws/install/my_robot_controller/share/my_robot_controller/local_setup.sh
-- Up-to-date: /home/kk/github/ros2_control_moveit_6-dor-arm/ros_ws/install/my_robot_controller/share/my_robot_controller/local_setup.zsh
-- Up-to-date: /home/kk/github/ros2_control_moveit_6-dor-arm/ros_ws/install/my_robot_controller/share/my_robot_controller/local_setup.dsv
-- Installing: /home/kk/github/ros2_control_moveit_6-dor-arm/ros_ws/install/my_robot_controller/share/my_robot_controller/package.dsv
-- Up-to-date: /home/kk/github/ros2_control_moveit_6-dor-arm/ros_ws/install/my_robot_controller/share/ament_index/resource_index/packages/my_robot_controller
-- Up-to-date: /home/kk/github/ros2_control_moveit_6-dor-arm/ros_ws/install/my_robot_controller/share/ament_index/resource_index/controller_interface__pluginlib__plugin/my_robot_controller
-- Up-to-date: /home/kk/github/ros2_control_moveit_6-dor-arm/ros_ws/install/my_robot_controller/share/my_robot_controller/cmake/export_my_robot_controllerExport.cmake
-- Up-to-date: /home/kk/github/ros2_control_moveit_6-dor-arm/ros_ws/install/my_robot_controller/share/my_robot_controller/cmake/export_my_robot_controllerExport-noconfig.cmake
-- Up-to-date: /home/kk/github/ros2_control_moveit_6-dor-arm/ros_ws/install/my_robot_controller/share/my_robot_controller/cmake/ament_cmake_export_targets-extras.cmake
-- Up-to-date: /home/kk/github/ros2_control_moveit_6-dor-arm/ros_ws/install/my_robot_controller/share/my_robot_controller/cmake/ament_cmake_export_dependencies-extras.cmake
-- Up-to-date: /home/kk/github/ros2_control_moveit_6-dor-arm/ros_ws/install/my_robot_controller/share/my_robot_controller/cmake/my_robot_controllerConfig.cmake
-- Up-to-date: /home/kk/github/ros2_control_moveit_6-dor-arm/ros_ws/install/my_robot_controller/share/my_robot_controller/cmake/my_robot_controllerConfig-version.cmake
-- Up-to-date: /home/kk/github/ros2_control_moveit_6-dor-arm/ros_ws/install/my_robot_controller/share/my_robot_controller/package.xml
