[0.013s] Invoking command in '/home/kk/github/ros2_control_moveit_6-dor-arm/ros_ws/build/my_robot_controller': CMAKE_PREFIX_PATH=${CMAKE_PREFIX_PATH}:/opt/ros/humble /usr/bin/cmake --build /home/kk/github/ros2_control_moveit_6-dor-arm/ros_ws/build/my_robot_controller -- -j16 -l16
[0.071s] [ 50%] [32mBuilding CXX object CMakeFiles/my_robot_controller.dir/src/my_custom_controller.cpp.o[0m
[3.585s] [100%] [32m[1mLinking CXX shared library libmy_robot_controller.so[0m
[3.738s] [100%] Built target my_robot_controller
[3.750s] Invoked command in '/home/kk/github/ros2_control_moveit_6-dor-arm/ros_ws/build/my_robot_controller' returned '0': CMAKE_PREFIX_PATH=${CMAKE_PREFIX_PATH}:/opt/ros/humble /usr/bin/cmake --build /home/kk/github/ros2_control_moveit_6-dor-arm/ros_ws/build/my_robot_controller -- -j16 -l16
[3.752s] Invoking command in '/home/kk/github/ros2_control_moveit_6-dor-arm/ros_ws/build/my_robot_controller': CMAKE_PREFIX_PATH=${CMAKE_PREFIX_PATH}:/opt/ros/humble /usr/bin/cmake --install /home/kk/github/ros2_control_moveit_6-dor-arm/ros_ws/build/my_robot_controller
[3.759s] -- Install configuration: ""
[3.759s] -- Up-to-date: /home/kk/github/ros2_control_moveit_6-dor-arm/ros_ws/install/my_robot_controller/share/my_robot_controller/my_robot_controller.xml
[3.759s] -- Up-to-date: /home/kk/github/ros2_control_moveit_6-dor-arm/ros_ws/install/my_robot_controller/include
[3.759s] -- Up-to-date: /home/kk/github/ros2_control_moveit_6-dor-arm/ros_ws/install/my_robot_controller/include/my_robot_controller
[3.759s] -- Up-to-date: /home/kk/github/ros2_control_moveit_6-dor-arm/ros_ws/install/my_robot_controller/include/my_robot_controller/my_custom_controller.hpp
[3.759s] -- Installing: /home/kk/github/ros2_control_moveit_6-dor-arm/ros_ws/install/my_robot_controller/lib/libmy_robot_controller.so
[3.761s] -- Set runtime path of "/home/kk/github/ros2_control_moveit_6-dor-arm/ros_ws/install/my_robot_controller/lib/libmy_robot_controller.so" to ""
[3.761s] -- Up-to-date: /home/kk/github/ros2_control_moveit_6-dor-arm/ros_ws/install/my_robot_controller/share/my_robot_controller/environment/library_path.sh
[3.761s] -- Up-to-date: /home/kk/github/ros2_control_moveit_6-dor-arm/ros_ws/install/my_robot_controller/share/my_robot_controller/environment/library_path.dsv
[3.761s] -- Up-to-date: /home/kk/github/ros2_control_moveit_6-dor-arm/ros_ws/install/my_robot_controller/share/ament_index/resource_index/package_run_dependencies/my_robot_controller
[3.762s] -- Up-to-date: /home/kk/github/ros2_control_moveit_6-dor-arm/ros_ws/install/my_robot_controller/share/ament_index/resource_index/parent_prefix_path/my_robot_controller
[3.762s] -- Up-to-date: /home/kk/github/ros2_control_moveit_6-dor-arm/ros_ws/install/my_robot_controller/share/my_robot_controller/environment/ament_prefix_path.sh
[3.762s] -- Up-to-date: /home/kk/github/ros2_control_moveit_6-dor-arm/ros_ws/install/my_robot_controller/share/my_robot_controller/environment/ament_prefix_path.dsv
[3.762s] -- Up-to-date: /home/kk/github/ros2_control_moveit_6-dor-arm/ros_ws/install/my_robot_controller/share/my_robot_controller/environment/path.sh
[3.762s] -- Up-to-date: /home/kk/github/ros2_control_moveit_6-dor-arm/ros_ws/install/my_robot_controller/share/my_robot_controller/environment/path.dsv
[3.762s] -- Up-to-date: /home/kk/github/ros2_control_moveit_6-dor-arm/ros_ws/install/my_robot_controller/share/my_robot_controller/local_setup.bash
[3.762s] -- Up-to-date: /home/kk/github/ros2_control_moveit_6-dor-arm/ros_ws/install/my_robot_controller/share/my_robot_controller/local_setup.sh
[3.762s] -- Up-to-date: /home/kk/github/ros2_control_moveit_6-dor-arm/ros_ws/install/my_robot_controller/share/my_robot_controller/local_setup.zsh
[3.762s] -- Up-to-date: /home/kk/github/ros2_control_moveit_6-dor-arm/ros_ws/install/my_robot_controller/share/my_robot_controller/local_setup.dsv
[3.762s] -- Installing: /home/kk/github/ros2_control_moveit_6-dor-arm/ros_ws/install/my_robot_controller/share/my_robot_controller/package.dsv
[3.762s] -- Up-to-date: /home/kk/github/ros2_control_moveit_6-dor-arm/ros_ws/install/my_robot_controller/share/ament_index/resource_index/packages/my_robot_controller
[3.762s] -- Up-to-date: /home/kk/github/ros2_control_moveit_6-dor-arm/ros_ws/install/my_robot_controller/share/ament_index/resource_index/controller_interface__pluginlib__plugin/my_robot_controller
[3.762s] -- Up-to-date: /home/kk/github/ros2_control_moveit_6-dor-arm/ros_ws/install/my_robot_controller/share/my_robot_controller/cmake/export_my_robot_controllerExport.cmake
[3.762s] -- Up-to-date: /home/kk/github/ros2_control_moveit_6-dor-arm/ros_ws/install/my_robot_controller/share/my_robot_controller/cmake/export_my_robot_controllerExport-noconfig.cmake
[3.762s] -- Up-to-date: /home/kk/github/ros2_control_moveit_6-dor-arm/ros_ws/install/my_robot_controller/share/my_robot_controller/cmake/ament_cmake_export_targets-extras.cmake
[3.762s] -- Up-to-date: /home/kk/github/ros2_control_moveit_6-dor-arm/ros_ws/install/my_robot_controller/share/my_robot_controller/cmake/ament_cmake_export_dependencies-extras.cmake
[3.762s] -- Up-to-date: /home/kk/github/ros2_control_moveit_6-dor-arm/ros_ws/install/my_robot_controller/share/my_robot_controller/cmake/my_robot_controllerConfig.cmake
[3.762s] -- Up-to-date: /home/kk/github/ros2_control_moveit_6-dor-arm/ros_ws/install/my_robot_controller/share/my_robot_controller/cmake/my_robot_controllerConfig-version.cmake
[3.762s] -- Up-to-date: /home/kk/github/ros2_control_moveit_6-dor-arm/ros_ws/install/my_robot_controller/share/my_robot_controller/package.xml
[3.764s] Invoked command in '/home/kk/github/ros2_control_moveit_6-dor-arm/ros_ws/build/my_robot_controller' returned '0': CMAKE_PREFIX_PATH=${CMAKE_PREFIX_PATH}:/opt/ros/humble /usr/bin/cmake --install /home/kk/github/ros2_control_moveit_6-dor-arm/ros_ws/build/my_robot_controller
