[0.010s] Invoking command in '/home/kk/github/ros2_control_moveit_6-dor-arm/ros_ws/build/my_robot_moveit_config': AMENT_PREFIX_PATH=/home/kk/github/ros2_control_moveit_6-dor-arm/ros_ws/install/my_robot_hardware_interface:/home/kk/github/ros2_control_moveit_6-dor-arm/ros_ws/install/my_robot_description:/home/kk/github/ros2_control_moveit_6-dor-arm/ros_ws/install/my_robot_controller:${AMENT_PREFIX_PATH} CMAKE_PREFIX_PATH=/home/kk/github/ros2_control_moveit_6-dor-arm/ros_ws/install/my_robot_hardware_interface:/home/kk/github/ros2_control_moveit_6-dor-arm/ros_ws/install/my_robot_description:/home/kk/github/ros2_control_moveit_6-dor-arm/ros_ws/install/my_robot_controller:/opt/ros/humble LD_LIBRARY_PATH=/home/kk/github/ros2_control_moveit_6-dor-arm/ros_ws/install/my_robot_hardware_interface/lib:/home/kk/github/ros2_control_moveit_6-dor-arm/ros_ws/install/my_robot_controller/lib:${LD_LIBRARY_PATH} /usr/bin/cmake /home/kk/github/ros2_control_moveit_6-dor-arm/ros_ws/src/my_robot_moveit_config -DCMAKE_INSTALL_PREFIX=/home/kk/github/ros2_control_moveit_6-dor-arm/ros_ws/install/my_robot_moveit_config
[0.058s] -- The C compiler identification is GNU 12.5.0
[0.105s] -- The CXX compiler identification is GNU 12.5.0
[0.112s] -- Detecting C compiler ABI info
[0.176s] -- Detecting C compiler ABI info - done
[0.180s] -- Check for working C compiler: /usr/bin/cc - skipped
[0.180s] -- Detecting C compile features
[0.180s] -- Detecting C compile features - done
[0.182s] -- Detecting CXX compiler ABI info
[0.263s] -- Detecting CXX compiler ABI info - done
[0.268s] -- Check for working CXX compiler: /usr/bin/c++ - skipped
[0.268s] -- Detecting CXX compile features
[0.268s] -- Detecting CXX compile features - done
[0.271s] -- Found ament_cmake: 1.3.14 (/opt/ros/humble/share/ament_cmake/cmake)
[0.385s] -- Found Python3: /usr/bin/python3 (found version "3.10.13") found components: Interpreter 
[0.522s] -- Configuring done
[0.524s] -- Generating done
[0.525s] -- Build files have been written to: /home/kk/github/ros2_control_moveit_6-dor-arm/ros_ws/build/my_robot_moveit_config
[0.530s] Invoked command in '/home/kk/github/ros2_control_moveit_6-dor-arm/ros_ws/build/my_robot_moveit_config' returned '0': AMENT_PREFIX_PATH=/home/kk/github/ros2_control_moveit_6-dor-arm/ros_ws/install/my_robot_hardware_interface:/home/kk/github/ros2_control_moveit_6-dor-arm/ros_ws/install/my_robot_description:/home/kk/github/ros2_control_moveit_6-dor-arm/ros_ws/install/my_robot_controller:${AMENT_PREFIX_PATH} CMAKE_PREFIX_PATH=/home/kk/github/ros2_control_moveit_6-dor-arm/ros_ws/install/my_robot_hardware_interface:/home/kk/github/ros2_control_moveit_6-dor-arm/ros_ws/install/my_robot_description:/home/kk/github/ros2_control_moveit_6-dor-arm/ros_ws/install/my_robot_controller:/opt/ros/humble LD_LIBRARY_PATH=/home/kk/github/ros2_control_moveit_6-dor-arm/ros_ws/install/my_robot_hardware_interface/lib:/home/kk/github/ros2_control_moveit_6-dor-arm/ros_ws/install/my_robot_controller/lib:${LD_LIBRARY_PATH} /usr/bin/cmake /home/kk/github/ros2_control_moveit_6-dor-arm/ros_ws/src/my_robot_moveit_config -DCMAKE_INSTALL_PREFIX=/home/kk/github/ros2_control_moveit_6-dor-arm/ros_ws/install/my_robot_moveit_config
[0.532s] Invoking command in '/home/kk/github/ros2_control_moveit_6-dor-arm/ros_ws/build/my_robot_moveit_config': AMENT_PREFIX_PATH=/home/kk/github/ros2_control_moveit_6-dor-arm/ros_ws/install/my_robot_hardware_interface:/home/kk/github/ros2_control_moveit_6-dor-arm/ros_ws/install/my_robot_description:/home/kk/github/ros2_control_moveit_6-dor-arm/ros_ws/install/my_robot_controller:${AMENT_PREFIX_PATH} CMAKE_PREFIX_PATH=/home/kk/github/ros2_control_moveit_6-dor-arm/ros_ws/install/my_robot_hardware_interface:/home/kk/github/ros2_control_moveit_6-dor-arm/ros_ws/install/my_robot_description:/home/kk/github/ros2_control_moveit_6-dor-arm/ros_ws/install/my_robot_controller:/opt/ros/humble LD_LIBRARY_PATH=/home/kk/github/ros2_control_moveit_6-dor-arm/ros_ws/install/my_robot_hardware_interface/lib:/home/kk/github/ros2_control_moveit_6-dor-arm/ros_ws/install/my_robot_controller/lib:${LD_LIBRARY_PATH} /usr/bin/cmake --build /home/kk/github/ros2_control_moveit_6-dor-arm/ros_ws/build/my_robot_moveit_config -- -j16 -l16
[0.573s] Invoked command in '/home/kk/github/ros2_control_moveit_6-dor-arm/ros_ws/build/my_robot_moveit_config' returned '0': AMENT_PREFIX_PATH=/home/kk/github/ros2_control_moveit_6-dor-arm/ros_ws/install/my_robot_hardware_interface:/home/kk/github/ros2_control_moveit_6-dor-arm/ros_ws/install/my_robot_description:/home/kk/github/ros2_control_moveit_6-dor-arm/ros_ws/install/my_robot_controller:${AMENT_PREFIX_PATH} CMAKE_PREFIX_PATH=/home/kk/github/ros2_control_moveit_6-dor-arm/ros_ws/install/my_robot_hardware_interface:/home/kk/github/ros2_control_moveit_6-dor-arm/ros_ws/install/my_robot_description:/home/kk/github/ros2_control_moveit_6-dor-arm/ros_ws/install/my_robot_controller:/opt/ros/humble LD_LIBRARY_PATH=/home/kk/github/ros2_control_moveit_6-dor-arm/ros_ws/install/my_robot_hardware_interface/lib:/home/kk/github/ros2_control_moveit_6-dor-arm/ros_ws/install/my_robot_controller/lib:${LD_LIBRARY_PATH} /usr/bin/cmake --build /home/kk/github/ros2_control_moveit_6-dor-arm/ros_ws/build/my_robot_moveit_config -- -j16 -l16
[0.574s] Invoking command in '/home/kk/github/ros2_control_moveit_6-dor-arm/ros_ws/build/my_robot_moveit_config': AMENT_PREFIX_PATH=/home/kk/github/ros2_control_moveit_6-dor-arm/ros_ws/install/my_robot_hardware_interface:/home/kk/github/ros2_control_moveit_6-dor-arm/ros_ws/install/my_robot_description:/home/kk/github/ros2_control_moveit_6-dor-arm/ros_ws/install/my_robot_controller:${AMENT_PREFIX_PATH} CMAKE_PREFIX_PATH=/home/kk/github/ros2_control_moveit_6-dor-arm/ros_ws/install/my_robot_hardware_interface:/home/kk/github/ros2_control_moveit_6-dor-arm/ros_ws/install/my_robot_description:/home/kk/github/ros2_control_moveit_6-dor-arm/ros_ws/install/my_robot_controller:/opt/ros/humble LD_LIBRARY_PATH=/home/kk/github/ros2_control_moveit_6-dor-arm/ros_ws/install/my_robot_hardware_interface/lib:/home/kk/github/ros2_control_moveit_6-dor-arm/ros_ws/install/my_robot_controller/lib:${LD_LIBRARY_PATH} /usr/bin/cmake --install /home/kk/github/ros2_control_moveit_6-dor-arm/ros_ws/build/my_robot_moveit_config
[0.581s] -- Install configuration: ""
[0.582s] -- Installing: /home/kk/github/ros2_control_moveit_6-dor-arm/ros_ws/install/my_robot_moveit_config/share/ament_index/resource_index/package_run_dependencies/my_robot_moveit_config
[0.582s] -- Installing: /home/kk/github/ros2_control_moveit_6-dor-arm/ros_ws/install/my_robot_moveit_config/share/ament_index/resource_index/parent_prefix_path/my_robot_moveit_config
[0.582s] -- Installing: /home/kk/github/ros2_control_moveit_6-dor-arm/ros_ws/install/my_robot_moveit_config/share/my_robot_moveit_config/environment/ament_prefix_path.sh
[0.582s] -- Installing: /home/kk/github/ros2_control_moveit_6-dor-arm/ros_ws/install/my_robot_moveit_config/share/my_robot_moveit_config/environment/ament_prefix_path.dsv
[0.582s] -- Installing: /home/kk/github/ros2_control_moveit_6-dor-arm/ros_ws/install/my_robot_moveit_config/share/my_robot_moveit_config/environment/path.sh
[0.582s] -- Installing: /home/kk/github/ros2_control_moveit_6-dor-arm/ros_ws/install/my_robot_moveit_config/share/my_robot_moveit_config/environment/path.dsv
[0.582s] -- Installing: /home/kk/github/ros2_control_moveit_6-dor-arm/ros_ws/install/my_robot_moveit_config/share/my_robot_moveit_config/local_setup.bash
[0.582s] -- Installing: /home/kk/github/ros2_control_moveit_6-dor-arm/ros_ws/install/my_robot_moveit_config/share/my_robot_moveit_config/local_setup.sh
[0.582s] -- Installing: /home/kk/github/ros2_control_moveit_6-dor-arm/ros_ws/install/my_robot_moveit_config/share/my_robot_moveit_config/local_setup.zsh
[0.583s] -- Installing: /home/kk/github/ros2_control_moveit_6-dor-arm/ros_ws/install/my_robot_moveit_config/share/my_robot_moveit_config/local_setup.dsv
[0.583s] -- Installing: /home/kk/github/ros2_control_moveit_6-dor-arm/ros_ws/install/my_robot_moveit_config/share/my_robot_moveit_config/package.dsv
[0.583s] -- Installing: /home/kk/github/ros2_control_moveit_6-dor-arm/ros_ws/install/my_robot_moveit_config/share/ament_index/resource_index/packages/my_robot_moveit_config
[0.583s] -- Installing: /home/kk/github/ros2_control_moveit_6-dor-arm/ros_ws/install/my_robot_moveit_config/share/my_robot_moveit_config/cmake/my_robot_moveit_configConfig.cmake
[0.583s] -- Installing: /home/kk/github/ros2_control_moveit_6-dor-arm/ros_ws/install/my_robot_moveit_config/share/my_robot_moveit_config/cmake/my_robot_moveit_configConfig-version.cmake
[0.583s] -- Installing: /home/kk/github/ros2_control_moveit_6-dor-arm/ros_ws/install/my_robot_moveit_config/share/my_robot_moveit_config/package.xml
[0.583s] -- Installing: /home/kk/github/ros2_control_moveit_6-dor-arm/ros_ws/install/my_robot_moveit_config/share/my_robot_moveit_config/launch
[0.583s] -- Installing: /home/kk/github/ros2_control_moveit_6-dor-arm/ros_ws/install/my_robot_moveit_config/share/my_robot_moveit_config/launch/static_virtual_joint_tfs.launch.py
[0.583s] -- Installing: /home/kk/github/ros2_control_moveit_6-dor-arm/ros_ws/install/my_robot_moveit_config/share/my_robot_moveit_config/launch/demo.launch.py
[0.583s] -- Installing: /home/kk/github/ros2_control_moveit_6-dor-arm/ros_ws/install/my_robot_moveit_config/share/my_robot_moveit_config/launch/warehouse_db.launch.py
[0.584s] -- Installing: /home/kk/github/ros2_control_moveit_6-dor-arm/ros_ws/install/my_robot_moveit_config/share/my_robot_moveit_config/launch/moveit_rviz.launch.py
[0.584s] -- Installing: /home/kk/github/ros2_control_moveit_6-dor-arm/ros_ws/install/my_robot_moveit_config/share/my_robot_moveit_config/launch/spawn_controllers.launch.py
[0.584s] -- Installing: /home/kk/github/ros2_control_moveit_6-dor-arm/ros_ws/install/my_robot_moveit_config/share/my_robot_moveit_config/launch/move_group.launch.py
[0.584s] -- Installing: /home/kk/github/ros2_control_moveit_6-dor-arm/ros_ws/install/my_robot_moveit_config/share/my_robot_moveit_config/launch/setup_assistant.launch.py
[0.584s] -- Installing: /home/kk/github/ros2_control_moveit_6-dor-arm/ros_ws/install/my_robot_moveit_config/share/my_robot_moveit_config/launch/rsp.launch.py
[0.584s] -- Installing: /home/kk/github/ros2_control_moveit_6-dor-arm/ros_ws/install/my_robot_moveit_config/share/my_robot_moveit_config/config
[0.584s] -- Installing: /home/kk/github/ros2_control_moveit_6-dor-arm/ros_ws/install/my_robot_moveit_config/share/my_robot_moveit_config/config/joint_limits.yaml
[0.584s] -- Installing: /home/kk/github/ros2_control_moveit_6-dor-arm/ros_ws/install/my_robot_moveit_config/share/my_robot_moveit_config/config/ros2_controllers.yaml
[0.584s] -- Installing: /home/kk/github/ros2_control_moveit_6-dor-arm/ros_ws/install/my_robot_moveit_config/share/my_robot_moveit_config/config/moveit.rviz
[0.584s] -- Installing: /home/kk/github/ros2_control_moveit_6-dor-arm/ros_ws/install/my_robot_moveit_config/share/my_robot_moveit_config/config/pilz_cartesian_limits.yaml
[0.584s] -- Installing: /home/kk/github/ros2_control_moveit_6-dor-arm/ros_ws/install/my_robot_moveit_config/share/my_robot_moveit_config/config/kinematics.yaml
[0.584s] -- Installing: /home/kk/github/ros2_control_moveit_6-dor-arm/ros_ws/install/my_robot_moveit_config/share/my_robot_moveit_config/config/my_robot_description.srdf
[0.584s] -- Installing: /home/kk/github/ros2_control_moveit_6-dor-arm/ros_ws/install/my_robot_moveit_config/share/my_robot_moveit_config/config/my_robot_description.urdf.xacro
[0.585s] -- Installing: /home/kk/github/ros2_control_moveit_6-dor-arm/ros_ws/install/my_robot_moveit_config/share/my_robot_moveit_config/config/moveit_controllers.yaml
[0.585s] -- Installing: /home/kk/github/ros2_control_moveit_6-dor-arm/ros_ws/install/my_robot_moveit_config/share/my_robot_moveit_config/config/my_robot_description.ros2_control.xacro
[0.585s] -- Installing: /home/kk/github/ros2_control_moveit_6-dor-arm/ros_ws/install/my_robot_moveit_config/share/my_robot_moveit_config/config/initial_positions.yaml
[0.585s] -- Installing: /home/kk/github/ros2_control_moveit_6-dor-arm/ros_ws/install/my_robot_moveit_config/share/my_robot_moveit_config/.setup_assistant
[0.587s] Invoked command in '/home/kk/github/ros2_control_moveit_6-dor-arm/ros_ws/build/my_robot_moveit_config' returned '0': AMENT_PREFIX_PATH=/home/kk/github/ros2_control_moveit_6-dor-arm/ros_ws/install/my_robot_hardware_interface:/home/kk/github/ros2_control_moveit_6-dor-arm/ros_ws/install/my_robot_description:/home/kk/github/ros2_control_moveit_6-dor-arm/ros_ws/install/my_robot_controller:${AMENT_PREFIX_PATH} CMAKE_PREFIX_PATH=/home/kk/github/ros2_control_moveit_6-dor-arm/ros_ws/install/my_robot_hardware_interface:/home/kk/github/ros2_control_moveit_6-dor-arm/ros_ws/install/my_robot_description:/home/kk/github/ros2_control_moveit_6-dor-arm/ros_ws/install/my_robot_controller:/opt/ros/humble LD_LIBRARY_PATH=/home/kk/github/ros2_control_moveit_6-dor-arm/ros_ws/install/my_robot_hardware_interface/lib:/home/kk/github/ros2_control_moveit_6-dor-arm/ros_ws/install/my_robot_controller/lib:${LD_LIBRARY_PATH} /usr/bin/cmake --install /home/kk/github/ros2_control_moveit_6-dor-arm/ros_ws/build/my_robot_moveit_config
