[0.013s] Invoking command in '/home/kk/github/ros2_control_moveit_6-dor-arm/ros_ws/build/my_robot_hardware_interface': CMAKE_PREFIX_PATH=${CMAKE_PREFIX_PATH}:/opt/ros/humble /usr/bin/cmake /home/kk/github/ros2_control_moveit_6-dor-arm/ros_ws/src/my_robot_hardware_interface -DCMAKE_INSTALL_PREFIX=/home/kk/github/ros2_control_moveit_6-dor-arm/ros_ws/install/my_robot_hardware_interface
[0.058s] -- The C compiler identification is GNU 12.5.0
[0.104s] -- The CXX compiler identification is GNU 12.5.0
[0.111s] -- Detecting C compiler ABI info
[0.170s] -- Detecting C compiler ABI info - done
[0.175s] -- Check for working C compiler: /usr/bin/cc - skipped
[0.175s] -- Detecting C compile features
[0.175s] -- Detecting C compile features - done
[0.177s] -- Detecting CXX compiler ABI info
[0.241s] -- Detecting CXX compiler ABI info - done
[0.248s] -- Check for working CXX compiler: /usr/bin/c++ - skipped
[0.248s] -- Detecting CXX compile features
[0.248s] -- Detecting CXX compile features - done
[0.251s] -- Found ament_cmake: 1.3.14 (/opt/ros/humble/share/ament_cmake/cmake)
[0.368s] -- Found Python3: /usr/bin/python3 (found version "3.10.13") found components: Interpreter 
[0.449s] -- Found ament_lint_auto: 0.12.15 (/opt/ros/humble/share/ament_lint_auto/cmake)
[0.508s] -- Added test 'cppcheck' to perform static code analysis on C / C++ code
[0.508s] -- Configured cppcheck include dirs: 
[0.508s] -- Configured cppcheck exclude dirs and/or files: 
[0.509s] -- Added test 'lint_cmake' to check CMake code style
[0.510s] -- Added test 'uncrustify' to check C / C++ code style
[0.510s] -- Configured uncrustify additional arguments: 
[0.510s] -- Added test 'xmllint' to check XML markup files
[0.511s] -- Configuring done
[0.514s] -- Generating done
[0.516s] -- Build files have been written to: /home/kk/github/ros2_control_moveit_6-dor-arm/ros_ws/build/my_robot_hardware_interface
[0.520s] Invoked command in '/home/kk/github/ros2_control_moveit_6-dor-arm/ros_ws/build/my_robot_hardware_interface' returned '0': CMAKE_PREFIX_PATH=${CMAKE_PREFIX_PATH}:/opt/ros/humble /usr/bin/cmake /home/kk/github/ros2_control_moveit_6-dor-arm/ros_ws/src/my_robot_hardware_interface -DCMAKE_INSTALL_PREFIX=/home/kk/github/ros2_control_moveit_6-dor-arm/ros_ws/install/my_robot_hardware_interface
[0.522s] Invoking command in '/home/kk/github/ros2_control_moveit_6-dor-arm/ros_ws/build/my_robot_hardware_interface': CMAKE_PREFIX_PATH=${CMAKE_PREFIX_PATH}:/opt/ros/humble /usr/bin/cmake --build /home/kk/github/ros2_control_moveit_6-dor-arm/ros_ws/build/my_robot_hardware_interface -- -j16 -l16
[0.553s] Invoked command in '/home/kk/github/ros2_control_moveit_6-dor-arm/ros_ws/build/my_robot_hardware_interface' returned '0': CMAKE_PREFIX_PATH=${CMAKE_PREFIX_PATH}:/opt/ros/humble /usr/bin/cmake --build /home/kk/github/ros2_control_moveit_6-dor-arm/ros_ws/build/my_robot_hardware_interface -- -j16 -l16
[0.555s] Invoking command in '/home/kk/github/ros2_control_moveit_6-dor-arm/ros_ws/build/my_robot_hardware_interface': CMAKE_PREFIX_PATH=${CMAKE_PREFIX_PATH}:/opt/ros/humble /usr/bin/cmake --install /home/kk/github/ros2_control_moveit_6-dor-arm/ros_ws/build/my_robot_hardware_interface
[0.561s] -- Install configuration: ""
[0.561s] -- Installing: /home/kk/github/ros2_control_moveit_6-dor-arm/ros_ws/install/my_robot_hardware_interface/share/ament_index/resource_index/package_run_dependencies/my_robot_hardware_interface
[0.561s] -- Installing: /home/kk/github/ros2_control_moveit_6-dor-arm/ros_ws/install/my_robot_hardware_interface/share/ament_index/resource_index/parent_prefix_path/my_robot_hardware_interface
[0.562s] -- Installing: /home/kk/github/ros2_control_moveit_6-dor-arm/ros_ws/install/my_robot_hardware_interface/share/my_robot_hardware_interface/environment/ament_prefix_path.sh
[0.562s] -- Installing: /home/kk/github/ros2_control_moveit_6-dor-arm/ros_ws/install/my_robot_hardware_interface/share/my_robot_hardware_interface/environment/ament_prefix_path.dsv
[0.562s] -- Installing: /home/kk/github/ros2_control_moveit_6-dor-arm/ros_ws/install/my_robot_hardware_interface/share/my_robot_hardware_interface/environment/path.sh
[0.562s] -- Installing: /home/kk/github/ros2_control_moveit_6-dor-arm/ros_ws/install/my_robot_hardware_interface/share/my_robot_hardware_interface/environment/path.dsv
[0.563s] -- Installing: /home/kk/github/ros2_control_moveit_6-dor-arm/ros_ws/install/my_robot_hardware_interface/share/my_robot_hardware_interface/local_setup.bash
[0.563s] -- Installing: /home/kk/github/ros2_control_moveit_6-dor-arm/ros_ws/install/my_robot_hardware_interface/share/my_robot_hardware_interface/local_setup.sh
[0.563s] -- Installing: /home/kk/github/ros2_control_moveit_6-dor-arm/ros_ws/install/my_robot_hardware_interface/share/my_robot_hardware_interface/local_setup.zsh
[0.563s] -- Installing: /home/kk/github/ros2_control_moveit_6-dor-arm/ros_ws/install/my_robot_hardware_interface/share/my_robot_hardware_interface/local_setup.dsv
[0.563s] -- Installing: /home/kk/github/ros2_control_moveit_6-dor-arm/ros_ws/install/my_robot_hardware_interface/share/my_robot_hardware_interface/package.dsv
[0.563s] -- Installing: /home/kk/github/ros2_control_moveit_6-dor-arm/ros_ws/install/my_robot_hardware_interface/share/ament_index/resource_index/packages/my_robot_hardware_interface
[0.563s] -- Installing: /home/kk/github/ros2_control_moveit_6-dor-arm/ros_ws/install/my_robot_hardware_interface/share/my_robot_hardware_interface/cmake/my_robot_hardware_interfaceConfig.cmake
[0.563s] -- Installing: /home/kk/github/ros2_control_moveit_6-dor-arm/ros_ws/install/my_robot_hardware_interface/share/my_robot_hardware_interface/cmake/my_robot_hardware_interfaceConfig-version.cmake
[0.563s] -- Installing: /home/kk/github/ros2_control_moveit_6-dor-arm/ros_ws/install/my_robot_hardware_interface/share/my_robot_hardware_interface/package.xml
[0.583s] Invoked command in '/home/kk/github/ros2_control_moveit_6-dor-arm/ros_ws/build/my_robot_hardware_interface' returned '0': CMAKE_PREFIX_PATH=${CMAKE_PREFIX_PATH}:/opt/ros/humble /usr/bin/cmake --install /home/kk/github/ros2_control_moveit_6-dor-arm/ros_ws/build/my_robot_hardware_interface
