[0.014s] Invoking command in '/home/kk/github/ros2_control_moveit_6-dor-arm/ros_ws/build/my_robot_description': CMAKE_PREFIX_PATH=${CMAKE_PREFIX_PATH}:/opt/ros/humble /usr/bin/cmake /home/kk/github/ros2_control_moveit_6-dor-arm/ros_ws/src/my_robot_description -DCMAKE_INSTALL_PREFIX=/home/kk/github/ros2_control_moveit_6-dor-arm/ros_ws/install/my_robot_description
[0.067s] -- The C compiler identification is GNU 12.5.0
[0.112s] -- The CXX compiler identification is GNU 12.5.0
[0.120s] -- Detecting C compiler ABI info
[0.180s] -- Detecting C compiler ABI info - done
[0.185s] -- Check for working C compiler: /usr/bin/cc - skipped
[0.185s] -- Detecting C compile features
[0.185s] -- Detecting C compile features - done
[0.187s] -- Detecting CXX compiler ABI info
[0.251s] -- Detecting CXX compiler ABI info - done
[0.256s] -- Check for working CXX compiler: /usr/bin/c++ - skipped
[0.256s] -- Detecting CXX compile features
[0.257s] -- Detecting CXX compile features - done
[0.260s] -- Found ament_cmake: 1.3.14 (/opt/ros/humble/share/ament_cmake/cmake)
[0.376s] -- Found Python3: /usr/bin/python3 (found version "3.10.13") found components: Interpreter 
[0.504s] -- Configuring done
[0.506s] -- Generating done
[0.507s] -- Build files have been written to: /home/kk/github/ros2_control_moveit_6-dor-arm/ros_ws/build/my_robot_description
[0.511s] Invoked command in '/home/kk/github/ros2_control_moveit_6-dor-arm/ros_ws/build/my_robot_description' returned '0': CMAKE_PREFIX_PATH=${CMAKE_PREFIX_PATH}:/opt/ros/humble /usr/bin/cmake /home/kk/github/ros2_control_moveit_6-dor-arm/ros_ws/src/my_robot_description -DCMAKE_INSTALL_PREFIX=/home/kk/github/ros2_control_moveit_6-dor-arm/ros_ws/install/my_robot_description
[0.513s] Invoking command in '/home/kk/github/ros2_control_moveit_6-dor-arm/ros_ws/build/my_robot_description': CMAKE_PREFIX_PATH=${CMAKE_PREFIX_PATH}:/opt/ros/humble /usr/bin/cmake --build /home/kk/github/ros2_control_moveit_6-dor-arm/ros_ws/build/my_robot_description -- -j16 -l16
[0.547s] Invoked command in '/home/kk/github/ros2_control_moveit_6-dor-arm/ros_ws/build/my_robot_description' returned '0': CMAKE_PREFIX_PATH=${CMAKE_PREFIX_PATH}:/opt/ros/humble /usr/bin/cmake --build /home/kk/github/ros2_control_moveit_6-dor-arm/ros_ws/build/my_robot_description -- -j16 -l16
[0.554s] Invoking command in '/home/kk/github/ros2_control_moveit_6-dor-arm/ros_ws/build/my_robot_description': CMAKE_PREFIX_PATH=${CMAKE_PREFIX_PATH}:/opt/ros/humble /usr/bin/cmake --install /home/kk/github/ros2_control_moveit_6-dor-arm/ros_ws/build/my_robot_description
[0.560s] -- Install configuration: ""
[0.560s] -- Installing: /home/kk/github/ros2_control_moveit_6-dor-arm/ros_ws/install/my_robot_description/share/my_robot_description/launch
[0.560s] -- Installing: /home/kk/github/ros2_control_moveit_6-dor-arm/ros_ws/install/my_robot_description/share/my_robot_description/launch/display.launch.py
[0.560s] -- Installing: /home/kk/github/ros2_control_moveit_6-dor-arm/ros_ws/install/my_robot_description/share/my_robot_description/launch/display_gazebo.launch.py
[0.560s] -- Installing: /home/kk/github/ros2_control_moveit_6-dor-arm/ros_ws/install/my_robot_description/share/my_robot_description/config
[0.560s] -- Installing: /home/kk/github/ros2_control_moveit_6-dor-arm/ros_ws/install/my_robot_description/share/my_robot_description/rviz
[0.561s] -- Installing: /home/kk/github/ros2_control_moveit_6-dor-arm/ros_ws/install/my_robot_description/share/my_robot_description/rviz/my_robot_description.rviz
[0.561s] -- Installing: /home/kk/github/ros2_control_moveit_6-dor-arm/ros_ws/install/my_robot_description/share/my_robot_description/urdf
[0.561s] -- Installing: /home/kk/github/ros2_control_moveit_6-dor-arm/ros_ws/install/my_robot_description/share/my_robot_description/urdf/mock_components
[0.561s] -- Installing: /home/kk/github/ros2_control_moveit_6-dor-arm/ros_ws/install/my_robot_description/share/my_robot_description/urdf/mock_components/my_robot_description.urdf.xacro
[0.561s] -- Installing: /home/kk/github/ros2_control_moveit_6-dor-arm/ros_ws/install/my_robot_description/share/my_robot_description/urdf/mock_components/my_robot_description.ros2_control.xacro
[0.561s] -- Installing: /home/kk/github/ros2_control_moveit_6-dor-arm/ros_ws/install/my_robot_description/share/my_robot_description/urdf/meshes
[0.561s] -- Installing: /home/kk/github/ros2_control_moveit_6-dor-arm/ros_ws/install/my_robot_description/share/my_robot_description/urdf/meshes/Link_6.STL
[0.562s] -- Installing: /home/kk/github/ros2_control_moveit_6-dor-arm/ros_ws/install/my_robot_description/share/my_robot_description/urdf/meshes/Gripper.STL
[0.562s] -- Installing: /home/kk/github/ros2_control_moveit_6-dor-arm/ros_ws/install/my_robot_description/share/my_robot_description/urdf/meshes/Link_4.STL
[0.563s] -- Installing: /home/kk/github/ros2_control_moveit_6-dor-arm/ros_ws/install/my_robot_description/share/my_robot_description/urdf/meshes/Link_0.STL
[0.564s] -- Installing: /home/kk/github/ros2_control_moveit_6-dor-arm/ros_ws/install/my_robot_description/share/my_robot_description/urdf/meshes/Link_1.STL
[0.565s] -- Installing: /home/kk/github/ros2_control_moveit_6-dor-arm/ros_ws/install/my_robot_description/share/my_robot_description/urdf/meshes/Link_2.STL
[0.567s] -- Installing: /home/kk/github/ros2_control_moveit_6-dor-arm/ros_ws/install/my_robot_description/share/my_robot_description/urdf/meshes/Link_3.STL
[0.568s] -- Installing: /home/kk/github/ros2_control_moveit_6-dor-arm/ros_ws/install/my_robot_description/share/my_robot_description/urdf/meshes/Link_5.STL
[0.569s] -- Installing: /home/kk/github/ros2_control_moveit_6-dor-arm/ros_ws/install/my_robot_description/share/my_robot_description/urdf/arm_description.urdf
[0.569s] -- Installing: /home/kk/github/ros2_control_moveit_6-dor-arm/ros_ws/install/my_robot_description/share/my_robot_description/urdf/gazebo
[0.570s] -- Installing: /home/kk/github/ros2_control_moveit_6-dor-arm/ros_ws/install/my_robot_description/share/my_robot_description/urdf/gazebo/my_robot_description.urdf.xacro
[0.570s] -- Installing: /home/kk/github/ros2_control_moveit_6-dor-arm/ros_ws/install/my_robot_description/share/my_robot_description/urdf/gazebo/my_robot_description.ros2_control.xacro
[0.570s] -- Installing: /home/kk/github/ros2_control_moveit_6-dor-arm/ros_ws/install/my_robot_description/share/ament_index/resource_index/package_run_dependencies/my_robot_description
[0.570s] -- Installing: /home/kk/github/ros2_control_moveit_6-dor-arm/ros_ws/install/my_robot_description/share/ament_index/resource_index/parent_prefix_path/my_robot_description
[0.570s] -- Installing: /home/kk/github/ros2_control_moveit_6-dor-arm/ros_ws/install/my_robot_description/share/my_robot_description/environment/ament_prefix_path.sh
[0.570s] -- Installing: /home/kk/github/ros2_control_moveit_6-dor-arm/ros_ws/install/my_robot_description/share/my_robot_description/environment/ament_prefix_path.dsv
[0.571s] -- Installing: /home/kk/github/ros2_control_moveit_6-dor-arm/ros_ws/install/my_robot_description/share/my_robot_description/environment/path.sh
[0.571s] -- Installing: /home/kk/github/ros2_control_moveit_6-dor-arm/ros_ws/install/my_robot_description/share/my_robot_description/environment/path.dsv
[0.571s] -- Installing: /home/kk/github/ros2_control_moveit_6-dor-arm/ros_ws/install/my_robot_description/share/my_robot_description/local_setup.bash
[0.571s] -- Installing: /home/kk/github/ros2_control_moveit_6-dor-arm/ros_ws/install/my_robot_description/share/my_robot_description/local_setup.sh
[0.571s] -- Installing: /home/kk/github/ros2_control_moveit_6-dor-arm/ros_ws/install/my_robot_description/share/my_robot_description/local_setup.zsh
[0.571s] -- Installing: /home/kk/github/ros2_control_moveit_6-dor-arm/ros_ws/install/my_robot_description/share/my_robot_description/local_setup.dsv
[0.571s] -- Installing: /home/kk/github/ros2_control_moveit_6-dor-arm/ros_ws/install/my_robot_description/share/my_robot_description/package.dsv
[0.572s] -- Installing: /home/kk/github/ros2_control_moveit_6-dor-arm/ros_ws/install/my_robot_description/share/ament_index/resource_index/packages/my_robot_description
[0.572s] -- Installing: /home/kk/github/ros2_control_moveit_6-dor-arm/ros_ws/install/my_robot_description/share/my_robot_description/cmake/my_robot_descriptionConfig.cmake
[0.572s] -- Installing: /home/kk/github/ros2_control_moveit_6-dor-arm/ros_ws/install/my_robot_description/share/my_robot_description/cmake/my_robot_descriptionConfig-version.cmake
[0.572s] -- Installing: /home/kk/github/ros2_control_moveit_6-dor-arm/ros_ws/install/my_robot_description/share/my_robot_description/package.xml
[0.582s] Invoked command in '/home/kk/github/ros2_control_moveit_6-dor-arm/ros_ws/build/my_robot_description' returned '0': CMAKE_PREFIX_PATH=${CMAKE_PREFIX_PATH}:/opt/ros/humble /usr/bin/cmake --install /home/kk/github/ros2_control_moveit_6-dor-arm/ros_ws/build/my_robot_description
