[0.012s] Invoking command in '/home/kk/github/ros2_control_moveit_6-dor-arm/ros_ws/build/my_robot_controller': CMAKE_PREFIX_PATH=/opt/ros/humble /usr/bin/cmake /home/kk/github/ros2_control_moveit_6-dor-arm/ros_ws/src/my_robot_controller -DCMAKE_INSTALL_PREFIX=/home/kk/github/ros2_control_moveit_6-dor-arm/ros_ws/install/my_robot_controller
[0.057s] -- The C compiler identification is GNU 12.5.0
[0.101s] -- The CXX compiler identification is GNU 12.5.0
[0.106s] -- Detecting C compiler ABI info
[0.163s] -- Detecting C compiler ABI info - done
[0.167s] -- Check for working C compiler: /usr/bin/cc - skipped
[0.167s] -- Detecting C compile features
[0.168s] -- Detecting C compile features - done
[0.170s] -- Detecting CXX compiler ABI info
[0.235s] -- Detecting CXX compiler ABI info - done
[0.242s] -- Check for working CXX compiler: /usr/bin/c++ - skipped
[0.242s] -- Detecting CXX compile features
[0.243s] -- Detecting CXX compile features - done
[0.246s] -- Found ament_cmake: 1.3.14 (/opt/ros/humble/share/ament_cmake/cmake)
[0.355s] -- Found Python3: /usr/bin/python3 (found version "3.10.13") found components: Interpreter 
[0.424s] -- Found controller_interface: 2.53.1 (/opt/ros/humble/share/controller_interface/cmake)
[0.463s] -- Found rosidl_generator_c: 3.1.8 (/opt/ros/humble/share/rosidl_generator_c/cmake)
[0.468s] -- Found rosidl_adapter: 3.1.8 (/opt/ros/humble/share/rosidl_adapter/cmake)
[0.476s] -- Found rosidl_generator_cpp: 3.1.8 (/opt/ros/humble/share/rosidl_generator_cpp/cmake)
[0.487s] -- Using all available rosidl_typesupport_c: rosidl_typesupport_fastrtps_c;rosidl_typesupport_introspection_c
[0.503s] -- Using all available rosidl_typesupport_cpp: rosidl_typesupport_fastrtps_cpp;rosidl_typesupport_introspection_cpp
[0.651s] -- Found rmw_implementation_cmake: 6.1.2 (/opt/ros/humble/share/rmw_implementation_cmake/cmake)
[0.652s] -- Found rmw_cyclonedds_cpp: 1.3.4 (/opt/ros/humble/share/rmw_cyclonedds_cpp/cmake)
[0.666s] -- Using RMW implementation 'rmw_cyclonedds_cpp' as default
[0.673s] -- Looking for pthread.h
[0.735s] -- Looking for pthread.h - found
[0.735s] -- Performing Test CMAKE_HAVE_LIBC_PTHREAD
[0.800s] -- Performing Test CMAKE_HAVE_LIBC_PTHREAD - Success
[0.801s] -- Found Threads: TRUE  
[0.844s] -- Found rclcpp_action: 16.0.19 (/opt/ros/humble/share/rclcpp_action/cmake)
[0.906s] -- Configuring done
[0.915s] -- Generating done
[0.919s] -- Build files have been written to: /home/kk/github/ros2_control_moveit_6-dor-arm/ros_ws/build/my_robot_controller
[0.929s] Invoked command in '/home/kk/github/ros2_control_moveit_6-dor-arm/ros_ws/build/my_robot_controller' returned '0': CMAKE_PREFIX_PATH=/opt/ros/humble /usr/bin/cmake /home/kk/github/ros2_control_moveit_6-dor-arm/ros_ws/src/my_robot_controller -DCMAKE_INSTALL_PREFIX=/home/kk/github/ros2_control_moveit_6-dor-arm/ros_ws/install/my_robot_controller
[0.929s] Invoking command in '/home/kk/github/ros2_control_moveit_6-dor-arm/ros_ws/build/my_robot_controller': CMAKE_PREFIX_PATH=/opt/ros/humble /usr/bin/cmake --build /home/kk/github/ros2_control_moveit_6-dor-arm/ros_ws/build/my_robot_controller -- -j16 -l16
[0.972s] [ 50%] [32mBuilding CXX object CMakeFiles/my_robot_controller.dir/src/my_custom_controller.cpp.o[0m
[4.508s] [100%] [32m[1mLinking CXX shared library libmy_robot_controller.so[0m
[4.660s] [100%] Built target my_robot_controller
[4.673s] Invoked command in '/home/kk/github/ros2_control_moveit_6-dor-arm/ros_ws/build/my_robot_controller' returned '0': CMAKE_PREFIX_PATH=/opt/ros/humble /usr/bin/cmake --build /home/kk/github/ros2_control_moveit_6-dor-arm/ros_ws/build/my_robot_controller -- -j16 -l16
[4.675s] Invoking command in '/home/kk/github/ros2_control_moveit_6-dor-arm/ros_ws/build/my_robot_controller': CMAKE_PREFIX_PATH=/opt/ros/humble /usr/bin/cmake --install /home/kk/github/ros2_control_moveit_6-dor-arm/ros_ws/build/my_robot_controller
[4.682s] -- Install configuration: ""
[4.682s] -- Installing: /home/kk/github/ros2_control_moveit_6-dor-arm/ros_ws/install/my_robot_controller/share/my_robot_controller/my_robot_controller.xml
[4.682s] -- Installing: /home/kk/github/ros2_control_moveit_6-dor-arm/ros_ws/install/my_robot_controller/include
[4.682s] -- Installing: /home/kk/github/ros2_control_moveit_6-dor-arm/ros_ws/install/my_robot_controller/include/my_robot_controller
[4.682s] -- Installing: /home/kk/github/ros2_control_moveit_6-dor-arm/ros_ws/install/my_robot_controller/include/my_robot_controller/my_custom_controller.hpp
[4.682s] -- Installing: /home/kk/github/ros2_control_moveit_6-dor-arm/ros_ws/install/my_robot_controller/lib/libmy_robot_controller.so
[4.684s] -- Set runtime path of "/home/kk/github/ros2_control_moveit_6-dor-arm/ros_ws/install/my_robot_controller/lib/libmy_robot_controller.so" to ""
[4.684s] -- Installing: /home/kk/github/ros2_control_moveit_6-dor-arm/ros_ws/install/my_robot_controller/share/my_robot_controller/environment/library_path.sh
[4.684s] -- Installing: /home/kk/github/ros2_control_moveit_6-dor-arm/ros_ws/install/my_robot_controller/share/my_robot_controller/environment/library_path.dsv
[4.684s] -- Installing: /home/kk/github/ros2_control_moveit_6-dor-arm/ros_ws/install/my_robot_controller/share/ament_index/resource_index/package_run_dependencies/my_robot_controller
[4.684s] -- Installing: /home/kk/github/ros2_control_moveit_6-dor-arm/ros_ws/install/my_robot_controller/share/ament_index/resource_index/parent_prefix_path/my_robot_controller
[4.684s] -- Installing: /home/kk/github/ros2_control_moveit_6-dor-arm/ros_ws/install/my_robot_controller/share/my_robot_controller/environment/ament_prefix_path.sh
[4.685s] -- Installing: /home/kk/github/ros2_control_moveit_6-dor-arm/ros_ws/install/my_robot_controller/share/my_robot_controller/environment/ament_prefix_path.dsv
[4.685s] -- Installing: /home/kk/github/ros2_control_moveit_6-dor-arm/ros_ws/install/my_robot_controller/share/my_robot_controller/environment/path.sh
[4.685s] -- Installing: /home/kk/github/ros2_control_moveit_6-dor-arm/ros_ws/install/my_robot_controller/share/my_robot_controller/environment/path.dsv
[4.685s] -- Installing: /home/kk/github/ros2_control_moveit_6-dor-arm/ros_ws/install/my_robot_controller/share/my_robot_controller/local_setup.bash
[4.685s] -- Installing: /home/kk/github/ros2_control_moveit_6-dor-arm/ros_ws/install/my_robot_controller/share/my_robot_controller/local_setup.sh
[4.685s] -- Installing: /home/kk/github/ros2_control_moveit_6-dor-arm/ros_ws/install/my_robot_controller/share/my_robot_controller/local_setup.zsh
[4.685s] -- Installing: /home/kk/github/ros2_control_moveit_6-dor-arm/ros_ws/install/my_robot_controller/share/my_robot_controller/local_setup.dsv
[4.685s] -- Installing: /home/kk/github/ros2_control_moveit_6-dor-arm/ros_ws/install/my_robot_controller/share/my_robot_controller/package.dsv
[4.686s] -- Installing: /home/kk/github/ros2_control_moveit_6-dor-arm/ros_ws/install/my_robot_controller/share/ament_index/resource_index/packages/my_robot_controller
[4.686s] -- Installing: /home/kk/github/ros2_control_moveit_6-dor-arm/ros_ws/install/my_robot_controller/share/ament_index/resource_index/controller_interface__pluginlib__plugin/my_robot_controller
[4.686s] -- Installing: /home/kk/github/ros2_control_moveit_6-dor-arm/ros_ws/install/my_robot_controller/share/my_robot_controller/cmake/export_my_robot_controllerExport.cmake
[4.686s] -- Installing: /home/kk/github/ros2_control_moveit_6-dor-arm/ros_ws/install/my_robot_controller/share/my_robot_controller/cmake/export_my_robot_controllerExport-noconfig.cmake
[4.686s] -- Installing: /home/kk/github/ros2_control_moveit_6-dor-arm/ros_ws/install/my_robot_controller/share/my_robot_controller/cmake/ament_cmake_export_targets-extras.cmake
[4.686s] -- Installing: /home/kk/github/ros2_control_moveit_6-dor-arm/ros_ws/install/my_robot_controller/share/my_robot_controller/cmake/ament_cmake_export_dependencies-extras.cmake
[4.687s] -- Installing: /home/kk/github/ros2_control_moveit_6-dor-arm/ros_ws/install/my_robot_controller/share/my_robot_controller/cmake/my_robot_controllerConfig.cmake
[4.687s] -- Installing: /home/kk/github/ros2_control_moveit_6-dor-arm/ros_ws/install/my_robot_controller/share/my_robot_controller/cmake/my_robot_controllerConfig-version.cmake
[4.687s] -- Installing: /home/kk/github/ros2_control_moveit_6-dor-arm/ros_ws/install/my_robot_controller/share/my_robot_controller/package.xml
[4.689s] Invoked command in '/home/kk/github/ros2_control_moveit_6-dor-arm/ros_ws/build/my_robot_controller' returned '0': CMAKE_PREFIX_PATH=/opt/ros/humble /usr/bin/cmake --install /home/kk/github/ros2_control_moveit_6-dor-arm/ros_ws/build/my_robot_controller
