[0.067s] DEBUG:colcon:Command line arguments: ['/usr/bin/colcon', 'build']
[0.067s] DEBUG:colcon:Parsed command line arguments: Namespace(log_base=None, log_level=None, verb_name='build', build_base='build', install_base='install', merge_install=False, symlink_install=False, test_result_base=None, continue_on_error=False, executor='parallel', parallel_workers=16, event_handlers=None, ignore_user_meta=False, metas=['./colcon.meta'], base_paths=['.'], packages_ignore=None, packages_ignore_regex=None, paths=None, packages_up_to=None, packages_up_to_regex=None, packages_above=None, packages_above_and_dependencies=None, packages_above_depth=None, packages_select_by_dep=None, packages_skip_by_dep=None, packages_skip_up_to=None, packages_select_build_failed=False, packages_skip_build_finished=False, packages_select_test_failures=False, packages_skip_test_passed=False, packages_select=None, packages_skip=None, packages_select_regex=None, packages_skip_regex=None, packages_start=None, packages_end=None, allow_overriding=[], cmake_args=None, cmake_target=None, cmake_target_skip_unavailable=False, cmake_clean_cache=False, cmake_clean_first=False, cmake_force_configure=False, ament_cmake_args=None, catkin_cmake_args=None, catkin_skip_building_tests=False, verb_parser=<colcon_defaults.argument_parser.defaults.DefaultArgumentsDecorator object at 0x75343e745750>, verb_extension=<colcon_core.verb.build.BuildVerb object at 0x75343e744910>, main=<bound method BuildVerb.main of <colcon_core.verb.build.BuildVerb object at 0x75343e744910>>)
[0.173s] Level 1:colcon.colcon_core.package_discovery:discover_packages(colcon_meta) check parameters
[0.173s] Level 1:colcon.colcon_core.package_discovery:discover_packages(recursive) check parameters
[0.173s] Level 1:colcon.colcon_core.package_discovery:discover_packages(ignore) check parameters
[0.173s] Level 1:colcon.colcon_core.package_discovery:discover_packages(path) check parameters
[0.173s] Level 1:colcon.colcon_core.package_discovery:discover_packages(colcon_meta) discover
[0.173s] Level 1:colcon.colcon_core.package_discovery:discover_packages(recursive) discover
[0.173s] INFO:colcon.colcon_core.package_discovery:Crawling recursively for packages in '/home/kk/github/ros2_control_moveit_6-dor-arm/ros_ws'
[0.173s] Level 1:colcon.colcon_core.package_identification:_identify(.) by extensions ['ignore', 'ignore_ament_install']
[0.173s] Level 1:colcon.colcon_core.package_identification:_identify(.) by extension 'ignore'
[0.173s] Level 1:colcon.colcon_core.package_identification:_identify(.) by extension 'ignore_ament_install'
[0.173s] Level 1:colcon.colcon_core.package_identification:_identify(.) by extensions ['colcon_pkg']
[0.173s] Level 1:colcon.colcon_core.package_identification:_identify(.) by extension 'colcon_pkg'
[0.173s] Level 1:colcon.colcon_core.package_identification:_identify(.) by extensions ['colcon_meta']
[0.173s] Level 1:colcon.colcon_core.package_identification:_identify(.) by extension 'colcon_meta'
[0.173s] Level 1:colcon.colcon_core.package_identification:_identify(.) by extensions ['ros']
[0.173s] Level 1:colcon.colcon_core.package_identification:_identify(.) by extension 'ros'
[0.182s] Level 1:colcon.colcon_core.package_identification:_identify(.) by extensions ['cmake', 'python']
[0.182s] Level 1:colcon.colcon_core.package_identification:_identify(.) by extension 'cmake'
[0.182s] Level 1:colcon.colcon_core.package_identification:_identify(.) by extension 'python'
[0.182s] Level 1:colcon.colcon_core.package_identification:_identify(.) by extensions ['python_setup_py']
[0.182s] Level 1:colcon.colcon_core.package_identification:_identify(.) by extension 'python_setup_py'
[0.182s] Level 1:colcon.colcon_core.package_identification:_identify(build) by extensions ['ignore', 'ignore_ament_install']
[0.182s] Level 1:colcon.colcon_core.package_identification:_identify(build) by extension 'ignore'
[0.182s] Level 1:colcon.colcon_core.package_identification:_identify(build) ignored
[0.182s] Level 1:colcon.colcon_core.package_identification:_identify(install) by extensions ['ignore', 'ignore_ament_install']
[0.182s] Level 1:colcon.colcon_core.package_identification:_identify(install) by extension 'ignore'
[0.182s] Level 1:colcon.colcon_core.package_identification:_identify(install) ignored
[0.182s] Level 1:colcon.colcon_core.package_identification:_identify(log) by extensions ['ignore', 'ignore_ament_install']
[0.182s] Level 1:colcon.colcon_core.package_identification:_identify(log) by extension 'ignore'
[0.182s] Level 1:colcon.colcon_core.package_identification:_identify(log) ignored
[0.182s] Level 1:colcon.colcon_core.package_identification:_identify(src) by extensions ['ignore', 'ignore_ament_install']
[0.182s] Level 1:colcon.colcon_core.package_identification:_identify(src) by extension 'ignore'
[0.183s] Level 1:colcon.colcon_core.package_identification:_identify(src) by extension 'ignore_ament_install'
[0.183s] Level 1:colcon.colcon_core.package_identification:_identify(src) by extensions ['colcon_pkg']
[0.183s] Level 1:colcon.colcon_core.package_identification:_identify(src) by extension 'colcon_pkg'
[0.183s] Level 1:colcon.colcon_core.package_identification:_identify(src) by extensions ['colcon_meta']
[0.183s] Level 1:colcon.colcon_core.package_identification:_identify(src) by extension 'colcon_meta'
[0.183s] Level 1:colcon.colcon_core.package_identification:_identify(src) by extensions ['ros']
[0.183s] Level 1:colcon.colcon_core.package_identification:_identify(src) by extension 'ros'
[0.183s] Level 1:colcon.colcon_core.package_identification:_identify(src) by extensions ['cmake', 'python']
[0.183s] Level 1:colcon.colcon_core.package_identification:_identify(src) by extension 'cmake'
[0.183s] Level 1:colcon.colcon_core.package_identification:_identify(src) by extension 'python'
[0.183s] Level 1:colcon.colcon_core.package_identification:_identify(src) by extensions ['python_setup_py']
[0.183s] Level 1:colcon.colcon_core.package_identification:_identify(src) by extension 'python_setup_py'
[0.183s] Level 1:colcon.colcon_core.package_identification:_identify(src/my_robot_bringup) by extensions ['ignore', 'ignore_ament_install']
[0.183s] Level 1:colcon.colcon_core.package_identification:_identify(src/my_robot_bringup) by extension 'ignore'
[0.183s] Level 1:colcon.colcon_core.package_identification:_identify(src/my_robot_bringup) by extension 'ignore_ament_install'
[0.183s] Level 1:colcon.colcon_core.package_identification:_identify(src/my_robot_bringup) by extensions ['colcon_pkg']
[0.183s] Level 1:colcon.colcon_core.package_identification:_identify(src/my_robot_bringup) by extension 'colcon_pkg'
[0.183s] Level 1:colcon.colcon_core.package_identification:_identify(src/my_robot_bringup) by extensions ['colcon_meta']
[0.183s] Level 1:colcon.colcon_core.package_identification:_identify(src/my_robot_bringup) by extension 'colcon_meta'
[0.183s] Level 1:colcon.colcon_core.package_identification:_identify(src/my_robot_bringup) by extensions ['ros']
[0.183s] Level 1:colcon.colcon_core.package_identification:_identify(src/my_robot_bringup) by extension 'ros'
[0.185s] DEBUG:colcon.colcon_core.package_identification:Package 'src/my_robot_bringup' with type 'ros.ament_cmake' and name 'my_robot_bringup'
[0.185s] Level 1:colcon.colcon_core.package_identification:_identify(src/my_robot_controller) by extensions ['ignore', 'ignore_ament_install']
[0.185s] Level 1:colcon.colcon_core.package_identification:_identify(src/my_robot_controller) by extension 'ignore'
[0.185s] Level 1:colcon.colcon_core.package_identification:_identify(src/my_robot_controller) by extension 'ignore_ament_install'
[0.185s] Level 1:colcon.colcon_core.package_identification:_identify(src/my_robot_controller) by extensions ['colcon_pkg']
[0.185s] Level 1:colcon.colcon_core.package_identification:_identify(src/my_robot_controller) by extension 'colcon_pkg'
[0.185s] Level 1:colcon.colcon_core.package_identification:_identify(src/my_robot_controller) by extensions ['colcon_meta']
[0.185s] Level 1:colcon.colcon_core.package_identification:_identify(src/my_robot_controller) by extension 'colcon_meta'
[0.185s] Level 1:colcon.colcon_core.package_identification:_identify(src/my_robot_controller) by extensions ['ros']
[0.185s] Level 1:colcon.colcon_core.package_identification:_identify(src/my_robot_controller) by extension 'ros'
[0.185s] DEBUG:colcon.colcon_core.package_identification:Package 'src/my_robot_controller' with type 'ros.ament_cmake' and name 'my_robot_controller'
[0.186s] Level 1:colcon.colcon_core.package_identification:_identify(src/my_robot_description) by extensions ['ignore', 'ignore_ament_install']
[0.186s] Level 1:colcon.colcon_core.package_identification:_identify(src/my_robot_description) by extension 'ignore'
[0.186s] Level 1:colcon.colcon_core.package_identification:_identify(src/my_robot_description) by extension 'ignore_ament_install'
[0.186s] Level 1:colcon.colcon_core.package_identification:_identify(src/my_robot_description) by extensions ['colcon_pkg']
[0.186s] Level 1:colcon.colcon_core.package_identification:_identify(src/my_robot_description) by extension 'colcon_pkg'
[0.186s] Level 1:colcon.colcon_core.package_identification:_identify(src/my_robot_description) by extensions ['colcon_meta']
[0.186s] Level 1:colcon.colcon_core.package_identification:_identify(src/my_robot_description) by extension 'colcon_meta'
[0.186s] Level 1:colcon.colcon_core.package_identification:_identify(src/my_robot_description) by extensions ['ros']
[0.186s] Level 1:colcon.colcon_core.package_identification:_identify(src/my_robot_description) by extension 'ros'
[0.186s] DEBUG:colcon.colcon_core.package_identification:Package 'src/my_robot_description' with type 'ros.ament_cmake' and name 'my_robot_description'
[0.186s] Level 1:colcon.colcon_core.package_identification:_identify(src/my_robot_hardware_interface) by extensions ['ignore', 'ignore_ament_install']
[0.186s] Level 1:colcon.colcon_core.package_identification:_identify(src/my_robot_hardware_interface) by extension 'ignore'
[0.186s] Level 1:colcon.colcon_core.package_identification:_identify(src/my_robot_hardware_interface) by extension 'ignore_ament_install'
[0.186s] Level 1:colcon.colcon_core.package_identification:_identify(src/my_robot_hardware_interface) by extensions ['colcon_pkg']
[0.186s] Level 1:colcon.colcon_core.package_identification:_identify(src/my_robot_hardware_interface) by extension 'colcon_pkg'
[0.186s] Level 1:colcon.colcon_core.package_identification:_identify(src/my_robot_hardware_interface) by extensions ['colcon_meta']
[0.186s] Level 1:colcon.colcon_core.package_identification:_identify(src/my_robot_hardware_interface) by extension 'colcon_meta'
[0.186s] Level 1:colcon.colcon_core.package_identification:_identify(src/my_robot_hardware_interface) by extensions ['ros']
[0.186s] Level 1:colcon.colcon_core.package_identification:_identify(src/my_robot_hardware_interface) by extension 'ros'
[0.187s] DEBUG:colcon.colcon_core.package_identification:Package 'src/my_robot_hardware_interface' with type 'ros.ament_cmake' and name 'my_robot_hardware_interface'
[0.187s] Level 1:colcon.colcon_core.package_identification:_identify(src/my_robot_moveit_config) by extensions ['ignore', 'ignore_ament_install']
[0.187s] Level 1:colcon.colcon_core.package_identification:_identify(src/my_robot_moveit_config) by extension 'ignore'
[0.187s] Level 1:colcon.colcon_core.package_identification:_identify(src/my_robot_moveit_config) by extension 'ignore_ament_install'
[0.187s] Level 1:colcon.colcon_core.package_identification:_identify(src/my_robot_moveit_config) by extensions ['colcon_pkg']
[0.187s] Level 1:colcon.colcon_core.package_identification:_identify(src/my_robot_moveit_config) by extension 'colcon_pkg'
[0.187s] Level 1:colcon.colcon_core.package_identification:_identify(src/my_robot_moveit_config) by extensions ['colcon_meta']
[0.187s] Level 1:colcon.colcon_core.package_identification:_identify(src/my_robot_moveit_config) by extension 'colcon_meta'
[0.187s] Level 1:colcon.colcon_core.package_identification:_identify(src/my_robot_moveit_config) by extensions ['ros']
[0.187s] Level 1:colcon.colcon_core.package_identification:_identify(src/my_robot_moveit_config) by extension 'ros'
[0.188s] DEBUG:colcon.colcon_core.package_identification:Package 'src/my_robot_moveit_config' with type 'ros.ament_cmake' and name 'my_robot_moveit_config'
[0.188s] Level 1:colcon.colcon_core.package_discovery:discover_packages(recursive) using defaults
[0.188s] Level 1:colcon.colcon_core.package_discovery:discover_packages(ignore) discover
[0.188s] Level 1:colcon.colcon_core.package_discovery:discover_packages(ignore) using defaults
[0.188s] Level 1:colcon.colcon_core.package_discovery:discover_packages(path) discover
[0.188s] Level 1:colcon.colcon_core.package_discovery:discover_packages(path) using defaults
[0.213s] Level 1:colcon.colcon_core.package_discovery:discover_packages(prefix_path) check parameters
[0.213s] Level 1:colcon.colcon_core.package_discovery:discover_packages(prefix_path) discover
[0.214s] WARNING:colcon.colcon_core.prefix_path.colcon:The path '/home/kk/github/ros2_control_moveit_6-dor-arm/ros_ws/src/install' in the environment variable COLCON_PREFIX_PATH doesn't exist
[0.214s] WARNING:colcon.colcon_ros.prefix_path.ament:The path '/home/kk/github/ros2_control_moveit_6-dor-arm/ros_ws/src/install/my_robot_moveit_config' in the environment variable AMENT_PREFIX_PATH doesn't exist
[0.214s] WARNING:colcon.colcon_ros.prefix_path.ament:The path '/home/kk/github/ros2_control_moveit_6-dor-arm/ros_ws/src/install/my_robot_hardware_interface' in the environment variable AMENT_PREFIX_PATH doesn't exist
[0.214s] WARNING:colcon.colcon_ros.prefix_path.ament:The path '/home/kk/github/ros2_control_moveit_6-dor-arm/ros_ws/src/install/my_robot_description' in the environment variable AMENT_PREFIX_PATH doesn't exist
[0.214s] WARNING:colcon.colcon_ros.prefix_path.ament:The path '/home/kk/github/ros2_control_moveit_6-dor-arm/ros_ws/src/install/my_robot_controller' in the environment variable AMENT_PREFIX_PATH doesn't exist
[0.214s] WARNING:colcon.colcon_ros.prefix_path.ament:The path '/home/kk/github/ros2_control_moveit_6-dor-arm/ros_ws/src/install/my_robot_bringup' in the environment variable AMENT_PREFIX_PATH doesn't exist
[0.214s] WARNING:colcon.colcon_ros.prefix_path.catkin:The path '/home/kk/github/ros2_control_moveit_6-dor-arm/ros_ws/src/install/my_robot_moveit_config' in the environment variable CMAKE_PREFIX_PATH doesn't exist
[0.214s] WARNING:colcon.colcon_ros.prefix_path.catkin:The path '/home/kk/github/ros2_control_moveit_6-dor-arm/ros_ws/src/install/my_robot_hardware_interface' in the environment variable CMAKE_PREFIX_PATH doesn't exist
[0.214s] WARNING:colcon.colcon_ros.prefix_path.catkin:The path '/home/kk/github/ros2_control_moveit_6-dor-arm/ros_ws/src/install/my_robot_description' in the environment variable CMAKE_PREFIX_PATH doesn't exist
[0.214s] WARNING:colcon.colcon_ros.prefix_path.catkin:The path '/home/kk/github/ros2_control_moveit_6-dor-arm/ros_ws/src/install/my_robot_controller' in the environment variable CMAKE_PREFIX_PATH doesn't exist
[0.214s] WARNING:colcon.colcon_ros.prefix_path.catkin:The path '/home/kk/github/ros2_control_moveit_6-dor-arm/ros_ws/src/install/my_robot_bringup' in the environment variable CMAKE_PREFIX_PATH doesn't exist
[0.215s] DEBUG:colcon.colcon_installed_package_information.package_discovery:Found 5 installed packages in /home/kk/github/ros2_control_moveit_6-dor-arm/ros_ws/install
[0.216s] DEBUG:colcon.colcon_installed_package_information.package_discovery:Found 371 installed packages in /opt/ros/humble
[0.217s] Level 1:colcon.colcon_core.package_discovery:discover_packages(prefix_path) using defaults
[0.249s] Level 5:colcon.colcon_core.verb:set package 'my_robot_bringup' build argument 'cmake_args' from command line to 'None'
[0.249s] Level 5:colcon.colcon_core.verb:set package 'my_robot_bringup' build argument 'cmake_target' from command line to 'None'
[0.249s] Level 5:colcon.colcon_core.verb:set package 'my_robot_bringup' build argument 'cmake_target_skip_unavailable' from command line to 'False'
[0.249s] Level 5:colcon.colcon_core.verb:set package 'my_robot_bringup' build argument 'cmake_clean_cache' from command line to 'False'
[0.249s] Level 5:colcon.colcon_core.verb:set package 'my_robot_bringup' build argument 'cmake_clean_first' from command line to 'False'
[0.249s] Level 5:colcon.colcon_core.verb:set package 'my_robot_bringup' build argument 'cmake_force_configure' from command line to 'False'
[0.249s] Level 5:colcon.colcon_core.verb:set package 'my_robot_bringup' build argument 'ament_cmake_args' from command line to 'None'
[0.249s] Level 5:colcon.colcon_core.verb:set package 'my_robot_bringup' build argument 'catkin_cmake_args' from command line to 'None'
[0.249s] Level 5:colcon.colcon_core.verb:set package 'my_robot_bringup' build argument 'catkin_skip_building_tests' from command line to 'False'
[0.249s] DEBUG:colcon.colcon_core.verb:Building package 'my_robot_bringup' with the following arguments: {'ament_cmake_args': None, 'build_base': '/home/kk/github/ros2_control_moveit_6-dor-arm/ros_ws/build/my_robot_bringup', 'catkin_cmake_args': None, 'catkin_skip_building_tests': False, 'cmake_args': None, 'cmake_clean_cache': False, 'cmake_clean_first': False, 'cmake_force_configure': False, 'cmake_target': None, 'cmake_target_skip_unavailable': False, 'install_base': '/home/kk/github/ros2_control_moveit_6-dor-arm/ros_ws/install/my_robot_bringup', 'merge_install': False, 'path': '/home/kk/github/ros2_control_moveit_6-dor-arm/ros_ws/src/my_robot_bringup', 'symlink_install': False, 'test_result_base': None}
[0.249s] Level 5:colcon.colcon_core.verb:set package 'my_robot_controller' build argument 'cmake_args' from command line to 'None'
[0.249s] Level 5:colcon.colcon_core.verb:set package 'my_robot_controller' build argument 'cmake_target' from command line to 'None'
[0.249s] Level 5:colcon.colcon_core.verb:set package 'my_robot_controller' build argument 'cmake_target_skip_unavailable' from command line to 'False'
[0.249s] Level 5:colcon.colcon_core.verb:set package 'my_robot_controller' build argument 'cmake_clean_cache' from command line to 'False'
[0.249s] Level 5:colcon.colcon_core.verb:set package 'my_robot_controller' build argument 'cmake_clean_first' from command line to 'False'
[0.249s] Level 5:colcon.colcon_core.verb:set package 'my_robot_controller' build argument 'cmake_force_configure' from command line to 'False'
[0.249s] Level 5:colcon.colcon_core.verb:set package 'my_robot_controller' build argument 'ament_cmake_args' from command line to 'None'
[0.249s] Level 5:colcon.colcon_core.verb:set package 'my_robot_controller' build argument 'catkin_cmake_args' from command line to 'None'
[0.249s] Level 5:colcon.colcon_core.verb:set package 'my_robot_controller' build argument 'catkin_skip_building_tests' from command line to 'False'
[0.249s] DEBUG:colcon.colcon_core.verb:Building package 'my_robot_controller' with the following arguments: {'ament_cmake_args': None, 'build_base': '/home/kk/github/ros2_control_moveit_6-dor-arm/ros_ws/build/my_robot_controller', 'catkin_cmake_args': None, 'catkin_skip_building_tests': False, 'cmake_args': None, 'cmake_clean_cache': False, 'cmake_clean_first': False, 'cmake_force_configure': False, 'cmake_target': None, 'cmake_target_skip_unavailable': False, 'install_base': '/home/kk/github/ros2_control_moveit_6-dor-arm/ros_ws/install/my_robot_controller', 'merge_install': False, 'path': '/home/kk/github/ros2_control_moveit_6-dor-arm/ros_ws/src/my_robot_controller', 'symlink_install': False, 'test_result_base': None}
[0.250s] Level 5:colcon.colcon_core.verb:set package 'my_robot_description' build argument 'cmake_args' from command line to 'None'
[0.250s] Level 5:colcon.colcon_core.verb:set package 'my_robot_description' build argument 'cmake_target' from command line to 'None'
[0.250s] Level 5:colcon.colcon_core.verb:set package 'my_robot_description' build argument 'cmake_target_skip_unavailable' from command line to 'False'
[0.250s] Level 5:colcon.colcon_core.verb:set package 'my_robot_description' build argument 'cmake_clean_cache' from command line to 'False'
[0.250s] Level 5:colcon.colcon_core.verb:set package 'my_robot_description' build argument 'cmake_clean_first' from command line to 'False'
[0.250s] Level 5:colcon.colcon_core.verb:set package 'my_robot_description' build argument 'cmake_force_configure' from command line to 'False'
[0.250s] Level 5:colcon.colcon_core.verb:set package 'my_robot_description' build argument 'ament_cmake_args' from command line to 'None'
[0.250s] Level 5:colcon.colcon_core.verb:set package 'my_robot_description' build argument 'catkin_cmake_args' from command line to 'None'
[0.250s] Level 5:colcon.colcon_core.verb:set package 'my_robot_description' build argument 'catkin_skip_building_tests' from command line to 'False'
[0.250s] DEBUG:colcon.colcon_core.verb:Building package 'my_robot_description' with the following arguments: {'ament_cmake_args': None, 'build_base': '/home/kk/github/ros2_control_moveit_6-dor-arm/ros_ws/build/my_robot_description', 'catkin_cmake_args': None, 'catkin_skip_building_tests': False, 'cmake_args': None, 'cmake_clean_cache': False, 'cmake_clean_first': False, 'cmake_force_configure': False, 'cmake_target': None, 'cmake_target_skip_unavailable': False, 'install_base': '/home/kk/github/ros2_control_moveit_6-dor-arm/ros_ws/install/my_robot_description', 'merge_install': False, 'path': '/home/kk/github/ros2_control_moveit_6-dor-arm/ros_ws/src/my_robot_description', 'symlink_install': False, 'test_result_base': None}
[0.250s] Level 5:colcon.colcon_core.verb:set package 'my_robot_hardware_interface' build argument 'cmake_args' from command line to 'None'
[0.250s] Level 5:colcon.colcon_core.verb:set package 'my_robot_hardware_interface' build argument 'cmake_target' from command line to 'None'
[0.250s] Level 5:colcon.colcon_core.verb:set package 'my_robot_hardware_interface' build argument 'cmake_target_skip_unavailable' from command line to 'False'
[0.250s] Level 5:colcon.colcon_core.verb:set package 'my_robot_hardware_interface' build argument 'cmake_clean_cache' from command line to 'False'
[0.250s] Level 5:colcon.colcon_core.verb:set package 'my_robot_hardware_interface' build argument 'cmake_clean_first' from command line to 'False'
[0.250s] Level 5:colcon.colcon_core.verb:set package 'my_robot_hardware_interface' build argument 'cmake_force_configure' from command line to 'False'
[0.250s] Level 5:colcon.colcon_core.verb:set package 'my_robot_hardware_interface' build argument 'ament_cmake_args' from command line to 'None'
[0.250s] Level 5:colcon.colcon_core.verb:set package 'my_robot_hardware_interface' build argument 'catkin_cmake_args' from command line to 'None'
[0.250s] Level 5:colcon.colcon_core.verb:set package 'my_robot_hardware_interface' build argument 'catkin_skip_building_tests' from command line to 'False'
[0.250s] DEBUG:colcon.colcon_core.verb:Building package 'my_robot_hardware_interface' with the following arguments: {'ament_cmake_args': None, 'build_base': '/home/kk/github/ros2_control_moveit_6-dor-arm/ros_ws/build/my_robot_hardware_interface', 'catkin_cmake_args': None, 'catkin_skip_building_tests': False, 'cmake_args': None, 'cmake_clean_cache': False, 'cmake_clean_first': False, 'cmake_force_configure': False, 'cmake_target': None, 'cmake_target_skip_unavailable': False, 'install_base': '/home/kk/github/ros2_control_moveit_6-dor-arm/ros_ws/install/my_robot_hardware_interface', 'merge_install': False, 'path': '/home/kk/github/ros2_control_moveit_6-dor-arm/ros_ws/src/my_robot_hardware_interface', 'symlink_install': False, 'test_result_base': None}
[0.250s] Level 5:colcon.colcon_core.verb:set package 'my_robot_moveit_config' build argument 'cmake_args' from command line to 'None'
[0.250s] Level 5:colcon.colcon_core.verb:set package 'my_robot_moveit_config' build argument 'cmake_target' from command line to 'None'
[0.250s] Level 5:colcon.colcon_core.verb:set package 'my_robot_moveit_config' build argument 'cmake_target_skip_unavailable' from command line to 'False'
[0.250s] Level 5:colcon.colcon_core.verb:set package 'my_robot_moveit_config' build argument 'cmake_clean_cache' from command line to 'False'
[0.250s] Level 5:colcon.colcon_core.verb:set package 'my_robot_moveit_config' build argument 'cmake_clean_first' from command line to 'False'
[0.250s] Level 5:colcon.colcon_core.verb:set package 'my_robot_moveit_config' build argument 'cmake_force_configure' from command line to 'False'
[0.250s] Level 5:colcon.colcon_core.verb:set package 'my_robot_moveit_config' build argument 'ament_cmake_args' from command line to 'None'
[0.250s] Level 5:colcon.colcon_core.verb:set package 'my_robot_moveit_config' build argument 'catkin_cmake_args' from command line to 'None'
[0.250s] Level 5:colcon.colcon_core.verb:set package 'my_robot_moveit_config' build argument 'catkin_skip_building_tests' from command line to 'False'
[0.250s] DEBUG:colcon.colcon_core.verb:Building package 'my_robot_moveit_config' with the following arguments: {'ament_cmake_args': None, 'build_base': '/home/kk/github/ros2_control_moveit_6-dor-arm/ros_ws/build/my_robot_moveit_config', 'catkin_cmake_args': None, 'catkin_skip_building_tests': False, 'cmake_args': None, 'cmake_clean_cache': False, 'cmake_clean_first': False, 'cmake_force_configure': False, 'cmake_target': None, 'cmake_target_skip_unavailable': False, 'install_base': '/home/kk/github/ros2_control_moveit_6-dor-arm/ros_ws/install/my_robot_moveit_config', 'merge_install': False, 'path': '/home/kk/github/ros2_control_moveit_6-dor-arm/ros_ws/src/my_robot_moveit_config', 'symlink_install': False, 'test_result_base': None}
[0.250s] INFO:colcon.colcon_core.executor:Executing jobs using 'parallel' executor
[0.252s] DEBUG:colcon.colcon_parallel_executor.executor.parallel:run_until_complete
[0.252s] INFO:colcon.colcon_ros.task.ament_cmake.build:Building ROS package in '/home/kk/github/ros2_control_moveit_6-dor-arm/ros_ws/src/my_robot_description' with build type 'ament_cmake'
[0.252s] INFO:colcon.colcon_cmake.task.cmake.build:Building CMake package in '/home/kk/github/ros2_control_moveit_6-dor-arm/ros_ws/src/my_robot_description'
[0.254s] INFO:colcon.colcon_core.plugin_system:Skipping extension 'colcon_core.shell.bat': Not used on non-Windows systems
[0.254s] INFO:colcon.colcon_core.shell:Skip shell extension 'powershell' for command environment: Not usable outside of PowerShell
[0.254s] DEBUG:colcon.colcon_core.shell:Skip shell extension 'dsv' for command environment
[0.257s] INFO:colcon.colcon_ros.task.ament_cmake.build:Building ROS package in '/home/kk/github/ros2_control_moveit_6-dor-arm/ros_ws/src/my_robot_bringup' with build type 'ament_cmake'
[0.257s] INFO:colcon.colcon_cmake.task.cmake.build:Building CMake package in '/home/kk/github/ros2_control_moveit_6-dor-arm/ros_ws/src/my_robot_bringup'
[0.258s] INFO:colcon.colcon_core.shell:Skip shell extension 'powershell' for command environment: Not usable outside of PowerShell
[0.258s] DEBUG:colcon.colcon_core.shell:Skip shell extension 'dsv' for command environment
[0.260s] INFO:colcon.colcon_ros.task.ament_cmake.build:Building ROS package in '/home/kk/github/ros2_control_moveit_6-dor-arm/ros_ws/src/my_robot_controller' with build type 'ament_cmake'
[0.260s] INFO:colcon.colcon_cmake.task.cmake.build:Building CMake package in '/home/kk/github/ros2_control_moveit_6-dor-arm/ros_ws/src/my_robot_controller'
[0.261s] INFO:colcon.colcon_core.shell:Skip shell extension 'powershell' for command environment: Not usable outside of PowerShell
[0.261s] DEBUG:colcon.colcon_core.shell:Skip shell extension 'dsv' for command environment
[0.263s] INFO:colcon.colcon_ros.task.ament_cmake.build:Building ROS package in '/home/kk/github/ros2_control_moveit_6-dor-arm/ros_ws/src/my_robot_hardware_interface' with build type 'ament_cmake'
[0.264s] INFO:colcon.colcon_cmake.task.cmake.build:Building CMake package in '/home/kk/github/ros2_control_moveit_6-dor-arm/ros_ws/src/my_robot_hardware_interface'
[0.264s] INFO:colcon.colcon_core.shell:Skip shell extension 'powershell' for command environment: Not usable outside of PowerShell
[0.264s] DEBUG:colcon.colcon_core.shell:Skip shell extension 'dsv' for command environment
[0.272s] DEBUG:colcon.colcon_core.event_handler.log_command:Invoking command in '/home/kk/github/ros2_control_moveit_6-dor-arm/ros_ws/build/my_robot_description': CMAKE_PREFIX_PATH=${CMAKE_PREFIX_PATH}:/opt/ros/humble /usr/bin/cmake --build /home/kk/github/ros2_control_moveit_6-dor-arm/ros_ws/build/my_robot_description -- -j16 -l16
[0.274s] DEBUG:colcon.colcon_core.event_handler.log_command:Invoking command in '/home/kk/github/ros2_control_moveit_6-dor-arm/ros_ws/build/my_robot_bringup': CMAKE_PREFIX_PATH=${CMAKE_PREFIX_PATH}:/opt/ros/humble /usr/bin/cmake --build /home/kk/github/ros2_control_moveit_6-dor-arm/ros_ws/build/my_robot_bringup -- -j16 -l16
[0.277s] DEBUG:colcon.colcon_core.event_handler.log_command:Invoking command in '/home/kk/github/ros2_control_moveit_6-dor-arm/ros_ws/build/my_robot_controller': CMAKE_PREFIX_PATH=${CMAKE_PREFIX_PATH}:/opt/ros/humble /usr/bin/cmake --build /home/kk/github/ros2_control_moveit_6-dor-arm/ros_ws/build/my_robot_controller -- -j16 -l16
[0.280s] DEBUG:colcon.colcon_core.event_handler.log_command:Invoking command in '/home/kk/github/ros2_control_moveit_6-dor-arm/ros_ws/build/my_robot_hardware_interface': CMAKE_PREFIX_PATH=${CMAKE_PREFIX_PATH}:/opt/ros/humble /usr/bin/cmake --build /home/kk/github/ros2_control_moveit_6-dor-arm/ros_ws/build/my_robot_hardware_interface -- -j16 -l16
[0.304s] DEBUG:colcon.colcon_core.event_handler.log_command:Invoked command in '/home/kk/github/ros2_control_moveit_6-dor-arm/ros_ws/build/my_robot_bringup' returned '0': CMAKE_PREFIX_PATH=${CMAKE_PREFIX_PATH}:/opt/ros/humble /usr/bin/cmake --build /home/kk/github/ros2_control_moveit_6-dor-arm/ros_ws/build/my_robot_bringup -- -j16 -l16
[0.314s] DEBUG:colcon.colcon_core.event_handler.log_command:Invoking command in '/home/kk/github/ros2_control_moveit_6-dor-arm/ros_ws/build/my_robot_bringup': CMAKE_PREFIX_PATH=${CMAKE_PREFIX_PATH}:/opt/ros/humble /usr/bin/cmake --install /home/kk/github/ros2_control_moveit_6-dor-arm/ros_ws/build/my_robot_bringup
[0.314s] DEBUG:colcon.colcon_core.event_handler.log_command:Invoked command in '/home/kk/github/ros2_control_moveit_6-dor-arm/ros_ws/build/my_robot_controller' returned '0': CMAKE_PREFIX_PATH=${CMAKE_PREFIX_PATH}:/opt/ros/humble /usr/bin/cmake --build /home/kk/github/ros2_control_moveit_6-dor-arm/ros_ws/build/my_robot_controller -- -j16 -l16
[0.315s] DEBUG:colcon.colcon_core.event_handler.log_command:Invoking command in '/home/kk/github/ros2_control_moveit_6-dor-arm/ros_ws/build/my_robot_controller': CMAKE_PREFIX_PATH=${CMAKE_PREFIX_PATH}:/opt/ros/humble /usr/bin/cmake --install /home/kk/github/ros2_control_moveit_6-dor-arm/ros_ws/build/my_robot_controller
[0.316s] DEBUG:colcon.colcon_core.event_handler.log_command:Invoked command in '/home/kk/github/ros2_control_moveit_6-dor-arm/ros_ws/build/my_robot_hardware_interface' returned '0': CMAKE_PREFIX_PATH=${CMAKE_PREFIX_PATH}:/opt/ros/humble /usr/bin/cmake --build /home/kk/github/ros2_control_moveit_6-dor-arm/ros_ws/build/my_robot_hardware_interface -- -j16 -l16
[0.317s] DEBUG:colcon.colcon_core.event_handler.log_command:Invoking command in '/home/kk/github/ros2_control_moveit_6-dor-arm/ros_ws/build/my_robot_hardware_interface': CMAKE_PREFIX_PATH=${CMAKE_PREFIX_PATH}:/opt/ros/humble /usr/bin/cmake --install /home/kk/github/ros2_control_moveit_6-dor-arm/ros_ws/build/my_robot_hardware_interface
[0.322s] Level 1:colcon.colcon_core.environment:create_environment_scripts_only(my_robot_bringup)
[0.323s] DEBUG:colcon.colcon_core.event_handler.log_command:Invoked command in '/home/kk/github/ros2_control_moveit_6-dor-arm/ros_ws/build/my_robot_bringup' returned '0': CMAKE_PREFIX_PATH=${CMAKE_PREFIX_PATH}:/opt/ros/humble /usr/bin/cmake --install /home/kk/github/ros2_control_moveit_6-dor-arm/ros_ws/build/my_robot_bringup
[0.327s] Level 1:colcon.colcon_core.environment:checking '/home/kk/github/ros2_control_moveit_6-dor-arm/ros_ws/install/my_robot_bringup' for CMake module files
[0.327s] Level 1:colcon.colcon_core.environment:checking '/home/kk/github/ros2_control_moveit_6-dor-arm/ros_ws/install/my_robot_bringup' for CMake config files
[0.328s] Level 1:colcon.colcon_core.shell:create_environment_hook('my_robot_bringup', 'cmake_prefix_path')
[0.328s] INFO:colcon.colcon_core.shell:Creating environment hook '/home/kk/github/ros2_control_moveit_6-dor-arm/ros_ws/install/my_robot_bringup/share/my_robot_bringup/hook/cmake_prefix_path.ps1'
[0.328s] INFO:colcon.colcon_core.shell:Creating environment descriptor '/home/kk/github/ros2_control_moveit_6-dor-arm/ros_ws/install/my_robot_bringup/share/my_robot_bringup/hook/cmake_prefix_path.dsv'
[0.329s] INFO:colcon.colcon_core.shell:Creating environment hook '/home/kk/github/ros2_control_moveit_6-dor-arm/ros_ws/install/my_robot_bringup/share/my_robot_bringup/hook/cmake_prefix_path.sh'
[0.329s] Level 1:colcon.colcon_core.environment:checking '/home/kk/github/ros2_control_moveit_6-dor-arm/ros_ws/install/my_robot_bringup/bin'
[0.329s] Level 1:colcon.colcon_core.environment:checking '/home/kk/github/ros2_control_moveit_6-dor-arm/ros_ws/install/my_robot_bringup/lib/pkgconfig/my_robot_bringup.pc'
[0.330s] Level 1:colcon.colcon_core.environment:checking '/home/kk/github/ros2_control_moveit_6-dor-arm/ros_ws/install/my_robot_bringup/lib/python3.10/site-packages'
[0.330s] Level 1:colcon.colcon_core.environment:checking '/home/kk/github/ros2_control_moveit_6-dor-arm/ros_ws/install/my_robot_bringup/bin'
[0.330s] INFO:colcon.colcon_core.shell:Creating package script '/home/kk/github/ros2_control_moveit_6-dor-arm/ros_ws/install/my_robot_bringup/share/my_robot_bringup/package.ps1'
[0.331s] INFO:colcon.colcon_core.shell:Creating package descriptor '/home/kk/github/ros2_control_moveit_6-dor-arm/ros_ws/install/my_robot_bringup/share/my_robot_bringup/package.dsv'
[0.332s] INFO:colcon.colcon_core.shell:Creating package script '/home/kk/github/ros2_control_moveit_6-dor-arm/ros_ws/install/my_robot_bringup/share/my_robot_bringup/package.sh'
[0.332s] INFO:colcon.colcon_core.shell:Creating package script '/home/kk/github/ros2_control_moveit_6-dor-arm/ros_ws/install/my_robot_bringup/share/my_robot_bringup/package.bash'
[0.333s] INFO:colcon.colcon_core.shell:Creating package script '/home/kk/github/ros2_control_moveit_6-dor-arm/ros_ws/install/my_robot_bringup/share/my_robot_bringup/package.zsh'
[0.333s] Level 1:colcon.colcon_core.environment:create_file_with_runtime_dependencies(/home/kk/github/ros2_control_moveit_6-dor-arm/ros_ws/install/my_robot_bringup/share/colcon-core/packages/my_robot_bringup)
[0.333s] Level 1:colcon.colcon_core.environment:create_environment_scripts_only(my_robot_bringup)
[0.333s] Level 1:colcon.colcon_core.environment:checking '/home/kk/github/ros2_control_moveit_6-dor-arm/ros_ws/install/my_robot_bringup' for CMake module files
[0.334s] Level 1:colcon.colcon_core.environment:checking '/home/kk/github/ros2_control_moveit_6-dor-arm/ros_ws/install/my_robot_bringup' for CMake config files
[0.334s] Level 1:colcon.colcon_core.shell:create_environment_hook('my_robot_bringup', 'cmake_prefix_path')
[0.334s] INFO:colcon.colcon_core.shell:Creating environment hook '/home/kk/github/ros2_control_moveit_6-dor-arm/ros_ws/install/my_robot_bringup/share/my_robot_bringup/hook/cmake_prefix_path.ps1'
[0.334s] INFO:colcon.colcon_core.shell:Creating environment descriptor '/home/kk/github/ros2_control_moveit_6-dor-arm/ros_ws/install/my_robot_bringup/share/my_robot_bringup/hook/cmake_prefix_path.dsv'
[0.334s] INFO:colcon.colcon_core.shell:Creating environment hook '/home/kk/github/ros2_control_moveit_6-dor-arm/ros_ws/install/my_robot_bringup/share/my_robot_bringup/hook/cmake_prefix_path.sh'
[0.335s] Level 1:colcon.colcon_core.environment:checking '/home/kk/github/ros2_control_moveit_6-dor-arm/ros_ws/install/my_robot_bringup/bin'
[0.335s] Level 1:colcon.colcon_core.environment:checking '/home/kk/github/ros2_control_moveit_6-dor-arm/ros_ws/install/my_robot_bringup/lib/pkgconfig/my_robot_bringup.pc'
[0.335s] Level 1:colcon.colcon_core.environment:checking '/home/kk/github/ros2_control_moveit_6-dor-arm/ros_ws/install/my_robot_bringup/lib/python3.10/site-packages'
[0.335s] Level 1:colcon.colcon_core.environment:checking '/home/kk/github/ros2_control_moveit_6-dor-arm/ros_ws/install/my_robot_bringup/bin'
[0.335s] INFO:colcon.colcon_core.shell:Creating package script '/home/kk/github/ros2_control_moveit_6-dor-arm/ros_ws/install/my_robot_bringup/share/my_robot_bringup/package.ps1'
[0.336s] INFO:colcon.colcon_core.shell:Creating package descriptor '/home/kk/github/ros2_control_moveit_6-dor-arm/ros_ws/install/my_robot_bringup/share/my_robot_bringup/package.dsv'
[0.336s] INFO:colcon.colcon_core.shell:Creating package script '/home/kk/github/ros2_control_moveit_6-dor-arm/ros_ws/install/my_robot_bringup/share/my_robot_bringup/package.sh'
[0.336s] INFO:colcon.colcon_core.shell:Creating package script '/home/kk/github/ros2_control_moveit_6-dor-arm/ros_ws/install/my_robot_bringup/share/my_robot_bringup/package.bash'
[0.336s] INFO:colcon.colcon_core.shell:Creating package script '/home/kk/github/ros2_control_moveit_6-dor-arm/ros_ws/install/my_robot_bringup/share/my_robot_bringup/package.zsh'
[0.337s] Level 1:colcon.colcon_core.environment:create_file_with_runtime_dependencies(/home/kk/github/ros2_control_moveit_6-dor-arm/ros_ws/install/my_robot_bringup/share/colcon-core/packages/my_robot_bringup)
[0.337s] Level 1:colcon.colcon_core.environment:create_environment_scripts_only(my_robot_hardware_interface)
[0.338s] Level 1:colcon.colcon_core.environment:checking '/home/kk/github/ros2_control_moveit_6-dor-arm/ros_ws/install/my_robot_hardware_interface' for CMake module files
[0.338s] DEBUG:colcon.colcon_core.event_handler.log_command:Invoked command in '/home/kk/github/ros2_control_moveit_6-dor-arm/ros_ws/build/my_robot_hardware_interface' returned '0': CMAKE_PREFIX_PATH=${CMAKE_PREFIX_PATH}:/opt/ros/humble /usr/bin/cmake --install /home/kk/github/ros2_control_moveit_6-dor-arm/ros_ws/build/my_robot_hardware_interface
[0.338s] Level 1:colcon.colcon_core.environment:checking '/home/kk/github/ros2_control_moveit_6-dor-arm/ros_ws/install/my_robot_hardware_interface' for CMake config files
[0.339s] Level 1:colcon.colcon_core.shell:create_environment_hook('my_robot_hardware_interface', 'cmake_prefix_path')
[0.339s] INFO:colcon.colcon_core.shell:Creating environment hook '/home/kk/github/ros2_control_moveit_6-dor-arm/ros_ws/install/my_robot_hardware_interface/share/my_robot_hardware_interface/hook/cmake_prefix_path.ps1'
[0.339s] INFO:colcon.colcon_core.shell:Creating environment descriptor '/home/kk/github/ros2_control_moveit_6-dor-arm/ros_ws/install/my_robot_hardware_interface/share/my_robot_hardware_interface/hook/cmake_prefix_path.dsv'
[0.339s] INFO:colcon.colcon_core.shell:Creating environment hook '/home/kk/github/ros2_control_moveit_6-dor-arm/ros_ws/install/my_robot_hardware_interface/share/my_robot_hardware_interface/hook/cmake_prefix_path.sh'
[0.340s] Level 1:colcon.colcon_core.environment:checking '/home/kk/github/ros2_control_moveit_6-dor-arm/ros_ws/install/my_robot_hardware_interface/bin'
[0.340s] Level 1:colcon.colcon_core.environment:checking '/home/kk/github/ros2_control_moveit_6-dor-arm/ros_ws/install/my_robot_hardware_interface/lib/pkgconfig/my_robot_hardware_interface.pc'
[0.340s] Level 1:colcon.colcon_core.environment:checking '/home/kk/github/ros2_control_moveit_6-dor-arm/ros_ws/install/my_robot_hardware_interface/lib/python3.10/site-packages'
[0.340s] Level 1:colcon.colcon_core.environment:checking '/home/kk/github/ros2_control_moveit_6-dor-arm/ros_ws/install/my_robot_hardware_interface/bin'
[0.340s] INFO:colcon.colcon_core.shell:Creating package script '/home/kk/github/ros2_control_moveit_6-dor-arm/ros_ws/install/my_robot_hardware_interface/share/my_robot_hardware_interface/package.ps1'
[0.341s] INFO:colcon.colcon_core.shell:Creating package descriptor '/home/kk/github/ros2_control_moveit_6-dor-arm/ros_ws/install/my_robot_hardware_interface/share/my_robot_hardware_interface/package.dsv'
[0.341s] INFO:colcon.colcon_core.shell:Creating package script '/home/kk/github/ros2_control_moveit_6-dor-arm/ros_ws/install/my_robot_hardware_interface/share/my_robot_hardware_interface/package.sh'
[0.341s] INFO:colcon.colcon_core.shell:Creating package script '/home/kk/github/ros2_control_moveit_6-dor-arm/ros_ws/install/my_robot_hardware_interface/share/my_robot_hardware_interface/package.bash'
[0.341s] INFO:colcon.colcon_core.shell:Creating package script '/home/kk/github/ros2_control_moveit_6-dor-arm/ros_ws/install/my_robot_hardware_interface/share/my_robot_hardware_interface/package.zsh'
[0.341s] Level 1:colcon.colcon_core.environment:create_file_with_runtime_dependencies(/home/kk/github/ros2_control_moveit_6-dor-arm/ros_ws/install/my_robot_hardware_interface/share/colcon-core/packages/my_robot_hardware_interface)
[0.342s] Level 1:colcon.colcon_core.environment:create_environment_scripts_only(my_robot_hardware_interface)
[0.342s] Level 1:colcon.colcon_core.environment:checking '/home/kk/github/ros2_control_moveit_6-dor-arm/ros_ws/install/my_robot_hardware_interface' for CMake module files
[0.342s] Level 1:colcon.colcon_core.environment:checking '/home/kk/github/ros2_control_moveit_6-dor-arm/ros_ws/install/my_robot_hardware_interface' for CMake config files
[0.342s] Level 1:colcon.colcon_core.shell:create_environment_hook('my_robot_hardware_interface', 'cmake_prefix_path')
[0.342s] INFO:colcon.colcon_core.shell:Creating environment hook '/home/kk/github/ros2_control_moveit_6-dor-arm/ros_ws/install/my_robot_hardware_interface/share/my_robot_hardware_interface/hook/cmake_prefix_path.ps1'
[0.343s] INFO:colcon.colcon_core.shell:Creating environment descriptor '/home/kk/github/ros2_control_moveit_6-dor-arm/ros_ws/install/my_robot_hardware_interface/share/my_robot_hardware_interface/hook/cmake_prefix_path.dsv'
[0.343s] INFO:colcon.colcon_core.shell:Creating environment hook '/home/kk/github/ros2_control_moveit_6-dor-arm/ros_ws/install/my_robot_hardware_interface/share/my_robot_hardware_interface/hook/cmake_prefix_path.sh'
[0.343s] Level 1:colcon.colcon_core.environment:checking '/home/kk/github/ros2_control_moveit_6-dor-arm/ros_ws/install/my_robot_hardware_interface/bin'
[0.343s] Level 1:colcon.colcon_core.environment:checking '/home/kk/github/ros2_control_moveit_6-dor-arm/ros_ws/install/my_robot_hardware_interface/lib/pkgconfig/my_robot_hardware_interface.pc'
[0.344s] Level 1:colcon.colcon_core.environment:checking '/home/kk/github/ros2_control_moveit_6-dor-arm/ros_ws/install/my_robot_hardware_interface/lib/python3.10/site-packages'
[0.344s] Level 1:colcon.colcon_core.environment:checking '/home/kk/github/ros2_control_moveit_6-dor-arm/ros_ws/install/my_robot_hardware_interface/bin'
[0.344s] INFO:colcon.colcon_core.shell:Creating package script '/home/kk/github/ros2_control_moveit_6-dor-arm/ros_ws/install/my_robot_hardware_interface/share/my_robot_hardware_interface/package.ps1'
[0.345s] INFO:colcon.colcon_core.shell:Creating package descriptor '/home/kk/github/ros2_control_moveit_6-dor-arm/ros_ws/install/my_robot_hardware_interface/share/my_robot_hardware_interface/package.dsv'
[0.345s] INFO:colcon.colcon_core.shell:Creating package script '/home/kk/github/ros2_control_moveit_6-dor-arm/ros_ws/install/my_robot_hardware_interface/share/my_robot_hardware_interface/package.sh'
[0.346s] INFO:colcon.colcon_core.shell:Creating package script '/home/kk/github/ros2_control_moveit_6-dor-arm/ros_ws/install/my_robot_hardware_interface/share/my_robot_hardware_interface/package.bash'
[0.346s] INFO:colcon.colcon_core.shell:Creating package script '/home/kk/github/ros2_control_moveit_6-dor-arm/ros_ws/install/my_robot_hardware_interface/share/my_robot_hardware_interface/package.zsh'
[0.346s] Level 1:colcon.colcon_core.environment:create_file_with_runtime_dependencies(/home/kk/github/ros2_control_moveit_6-dor-arm/ros_ws/install/my_robot_hardware_interface/share/colcon-core/packages/my_robot_hardware_interface)
[0.346s] Level 1:colcon.colcon_core.environment:create_environment_scripts_only(my_robot_controller)
[0.347s] Level 1:colcon.colcon_core.environment:checking '/home/kk/github/ros2_control_moveit_6-dor-arm/ros_ws/install/my_robot_controller' for CMake module files
[0.347s] Level 1:colcon.colcon_core.environment:checking '/home/kk/github/ros2_control_moveit_6-dor-arm/ros_ws/install/my_robot_controller' for CMake config files
[0.347s] DEBUG:colcon.colcon_core.event_handler.log_command:Invoked command in '/home/kk/github/ros2_control_moveit_6-dor-arm/ros_ws/build/my_robot_controller' returned '0': CMAKE_PREFIX_PATH=${CMAKE_PREFIX_PATH}:/opt/ros/humble /usr/bin/cmake --install /home/kk/github/ros2_control_moveit_6-dor-arm/ros_ws/build/my_robot_controller
[0.347s] Level 1:colcon.colcon_core.shell:create_environment_hook('my_robot_controller', 'cmake_prefix_path')
[0.348s] INFO:colcon.colcon_core.shell:Creating environment hook '/home/kk/github/ros2_control_moveit_6-dor-arm/ros_ws/install/my_robot_controller/share/my_robot_controller/hook/cmake_prefix_path.ps1'
[0.348s] INFO:colcon.colcon_core.shell:Creating environment descriptor '/home/kk/github/ros2_control_moveit_6-dor-arm/ros_ws/install/my_robot_controller/share/my_robot_controller/hook/cmake_prefix_path.dsv'
[0.348s] INFO:colcon.colcon_core.shell:Creating environment hook '/home/kk/github/ros2_control_moveit_6-dor-arm/ros_ws/install/my_robot_controller/share/my_robot_controller/hook/cmake_prefix_path.sh'
[0.349s] Level 1:colcon.colcon_core.environment:checking '/home/kk/github/ros2_control_moveit_6-dor-arm/ros_ws/install/my_robot_controller/bin'
[0.349s] Level 1:colcon.colcon_core.environment:checking '/home/kk/github/ros2_control_moveit_6-dor-arm/ros_ws/install/my_robot_controller/lib/pkgconfig/my_robot_controller.pc'
[0.349s] Level 1:colcon.colcon_core.environment:checking '/home/kk/github/ros2_control_moveit_6-dor-arm/ros_ws/install/my_robot_controller/lib/python3.10/site-packages'
[0.349s] Level 1:colcon.colcon_core.environment:checking '/home/kk/github/ros2_control_moveit_6-dor-arm/ros_ws/install/my_robot_controller/bin'
[0.349s] INFO:colcon.colcon_core.shell:Creating package script '/home/kk/github/ros2_control_moveit_6-dor-arm/ros_ws/install/my_robot_controller/share/my_robot_controller/package.ps1'
[0.350s] INFO:colcon.colcon_core.shell:Creating package descriptor '/home/kk/github/ros2_control_moveit_6-dor-arm/ros_ws/install/my_robot_controller/share/my_robot_controller/package.dsv'
[0.350s] INFO:colcon.colcon_core.shell:Creating package script '/home/kk/github/ros2_control_moveit_6-dor-arm/ros_ws/install/my_robot_controller/share/my_robot_controller/package.sh'
[0.351s] INFO:colcon.colcon_core.shell:Creating package script '/home/kk/github/ros2_control_moveit_6-dor-arm/ros_ws/install/my_robot_controller/share/my_robot_controller/package.bash'
[0.351s] INFO:colcon.colcon_core.shell:Creating package script '/home/kk/github/ros2_control_moveit_6-dor-arm/ros_ws/install/my_robot_controller/share/my_robot_controller/package.zsh'
[0.351s] Level 1:colcon.colcon_core.environment:create_file_with_runtime_dependencies(/home/kk/github/ros2_control_moveit_6-dor-arm/ros_ws/install/my_robot_controller/share/colcon-core/packages/my_robot_controller)
[0.352s] Level 1:colcon.colcon_core.environment:create_environment_scripts_only(my_robot_controller)
[0.352s] Level 1:colcon.colcon_core.environment:checking '/home/kk/github/ros2_control_moveit_6-dor-arm/ros_ws/install/my_robot_controller' for CMake module files
[0.352s] Level 1:colcon.colcon_core.environment:checking '/home/kk/github/ros2_control_moveit_6-dor-arm/ros_ws/install/my_robot_controller' for CMake config files
[0.352s] Level 1:colcon.colcon_core.shell:create_environment_hook('my_robot_controller', 'cmake_prefix_path')
[0.352s] INFO:colcon.colcon_core.shell:Creating environment hook '/home/kk/github/ros2_control_moveit_6-dor-arm/ros_ws/install/my_robot_controller/share/my_robot_controller/hook/cmake_prefix_path.ps1'
[0.353s] INFO:colcon.colcon_core.shell:Creating environment descriptor '/home/kk/github/ros2_control_moveit_6-dor-arm/ros_ws/install/my_robot_controller/share/my_robot_controller/hook/cmake_prefix_path.dsv'
[0.353s] INFO:colcon.colcon_core.shell:Creating environment hook '/home/kk/github/ros2_control_moveit_6-dor-arm/ros_ws/install/my_robot_controller/share/my_robot_controller/hook/cmake_prefix_path.sh'
[0.353s] Level 1:colcon.colcon_core.environment:checking '/home/kk/github/ros2_control_moveit_6-dor-arm/ros_ws/install/my_robot_controller/bin'
[0.354s] Level 1:colcon.colcon_core.environment:checking '/home/kk/github/ros2_control_moveit_6-dor-arm/ros_ws/install/my_robot_controller/lib/pkgconfig/my_robot_controller.pc'
[0.354s] Level 1:colcon.colcon_core.environment:checking '/home/kk/github/ros2_control_moveit_6-dor-arm/ros_ws/install/my_robot_controller/lib/python3.10/site-packages'
[0.354s] Level 1:colcon.colcon_core.environment:checking '/home/kk/github/ros2_control_moveit_6-dor-arm/ros_ws/install/my_robot_controller/bin'
[0.354s] INFO:colcon.colcon_core.shell:Creating package script '/home/kk/github/ros2_control_moveit_6-dor-arm/ros_ws/install/my_robot_controller/share/my_robot_controller/package.ps1'
[0.355s] INFO:colcon.colcon_core.shell:Creating package descriptor '/home/kk/github/ros2_control_moveit_6-dor-arm/ros_ws/install/my_robot_controller/share/my_robot_controller/package.dsv'
[0.356s] INFO:colcon.colcon_core.shell:Creating package script '/home/kk/github/ros2_control_moveit_6-dor-arm/ros_ws/install/my_robot_controller/share/my_robot_controller/package.sh'
[0.356s] INFO:colcon.colcon_core.shell:Creating package script '/home/kk/github/ros2_control_moveit_6-dor-arm/ros_ws/install/my_robot_controller/share/my_robot_controller/package.bash'
[0.356s] INFO:colcon.colcon_core.shell:Creating package script '/home/kk/github/ros2_control_moveit_6-dor-arm/ros_ws/install/my_robot_controller/share/my_robot_controller/package.zsh'
[0.357s] Level 1:colcon.colcon_core.environment:create_file_with_runtime_dependencies(/home/kk/github/ros2_control_moveit_6-dor-arm/ros_ws/install/my_robot_controller/share/colcon-core/packages/my_robot_controller)
[0.465s] DEBUG:colcon.colcon_core.event_handler.log_command:Invoked command in '/home/kk/github/ros2_control_moveit_6-dor-arm/ros_ws/build/my_robot_description' returned '0': CMAKE_PREFIX_PATH=${CMAKE_PREFIX_PATH}:/opt/ros/humble /usr/bin/cmake --build /home/kk/github/ros2_control_moveit_6-dor-arm/ros_ws/build/my_robot_description -- -j16 -l16
[0.466s] DEBUG:colcon.colcon_core.event_handler.log_command:Invoking command in '/home/kk/github/ros2_control_moveit_6-dor-arm/ros_ws/build/my_robot_description': CMAKE_PREFIX_PATH=${CMAKE_PREFIX_PATH}:/opt/ros/humble /usr/bin/cmake --install /home/kk/github/ros2_control_moveit_6-dor-arm/ros_ws/build/my_robot_description
[0.475s] Level 1:colcon.colcon_core.environment:create_environment_scripts_only(my_robot_description)
[0.476s] Level 1:colcon.colcon_core.environment:checking '/home/kk/github/ros2_control_moveit_6-dor-arm/ros_ws/install/my_robot_description' for CMake module files
[0.476s] DEBUG:colcon.colcon_core.event_handler.log_command:Invoked command in '/home/kk/github/ros2_control_moveit_6-dor-arm/ros_ws/build/my_robot_description' returned '0': CMAKE_PREFIX_PATH=${CMAKE_PREFIX_PATH}:/opt/ros/humble /usr/bin/cmake --install /home/kk/github/ros2_control_moveit_6-dor-arm/ros_ws/build/my_robot_description
[0.477s] Level 1:colcon.colcon_core.environment:checking '/home/kk/github/ros2_control_moveit_6-dor-arm/ros_ws/install/my_robot_description' for CMake config files
[0.477s] Level 1:colcon.colcon_core.shell:create_environment_hook('my_robot_description', 'cmake_prefix_path')
[0.477s] INFO:colcon.colcon_core.shell:Creating environment hook '/home/kk/github/ros2_control_moveit_6-dor-arm/ros_ws/install/my_robot_description/share/my_robot_description/hook/cmake_prefix_path.ps1'
[0.478s] INFO:colcon.colcon_core.shell:Creating environment descriptor '/home/kk/github/ros2_control_moveit_6-dor-arm/ros_ws/install/my_robot_description/share/my_robot_description/hook/cmake_prefix_path.dsv'
[0.478s] INFO:colcon.colcon_core.shell:Creating environment hook '/home/kk/github/ros2_control_moveit_6-dor-arm/ros_ws/install/my_robot_description/share/my_robot_description/hook/cmake_prefix_path.sh'
[0.478s] Level 1:colcon.colcon_core.environment:checking '/home/kk/github/ros2_control_moveit_6-dor-arm/ros_ws/install/my_robot_description/bin'
[0.478s] Level 1:colcon.colcon_core.environment:checking '/home/kk/github/ros2_control_moveit_6-dor-arm/ros_ws/install/my_robot_description/lib/pkgconfig/my_robot_description.pc'
[0.478s] Level 1:colcon.colcon_core.environment:checking '/home/kk/github/ros2_control_moveit_6-dor-arm/ros_ws/install/my_robot_description/lib/python3.10/site-packages'
[0.479s] Level 1:colcon.colcon_core.environment:checking '/home/kk/github/ros2_control_moveit_6-dor-arm/ros_ws/install/my_robot_description/bin'
[0.479s] INFO:colcon.colcon_core.shell:Creating package script '/home/kk/github/ros2_control_moveit_6-dor-arm/ros_ws/install/my_robot_description/share/my_robot_description/package.ps1'
[0.479s] INFO:colcon.colcon_core.shell:Creating package descriptor '/home/kk/github/ros2_control_moveit_6-dor-arm/ros_ws/install/my_robot_description/share/my_robot_description/package.dsv'
[0.480s] INFO:colcon.colcon_core.shell:Creating package script '/home/kk/github/ros2_control_moveit_6-dor-arm/ros_ws/install/my_robot_description/share/my_robot_description/package.sh'
[0.480s] INFO:colcon.colcon_core.shell:Creating package script '/home/kk/github/ros2_control_moveit_6-dor-arm/ros_ws/install/my_robot_description/share/my_robot_description/package.bash'
[0.480s] INFO:colcon.colcon_core.shell:Creating package script '/home/kk/github/ros2_control_moveit_6-dor-arm/ros_ws/install/my_robot_description/share/my_robot_description/package.zsh'
[0.480s] Level 1:colcon.colcon_core.environment:create_file_with_runtime_dependencies(/home/kk/github/ros2_control_moveit_6-dor-arm/ros_ws/install/my_robot_description/share/colcon-core/packages/my_robot_description)
[0.480s] Level 1:colcon.colcon_core.environment:create_environment_scripts_only(my_robot_description)
[0.481s] Level 1:colcon.colcon_core.environment:checking '/home/kk/github/ros2_control_moveit_6-dor-arm/ros_ws/install/my_robot_description' for CMake module files
[0.481s] Level 1:colcon.colcon_core.environment:checking '/home/kk/github/ros2_control_moveit_6-dor-arm/ros_ws/install/my_robot_description' for CMake config files
[0.481s] Level 1:colcon.colcon_core.shell:create_environment_hook('my_robot_description', 'cmake_prefix_path')
[0.481s] INFO:colcon.colcon_core.shell:Creating environment hook '/home/kk/github/ros2_control_moveit_6-dor-arm/ros_ws/install/my_robot_description/share/my_robot_description/hook/cmake_prefix_path.ps1'
[0.481s] INFO:colcon.colcon_core.shell:Creating environment descriptor '/home/kk/github/ros2_control_moveit_6-dor-arm/ros_ws/install/my_robot_description/share/my_robot_description/hook/cmake_prefix_path.dsv'
[0.482s] INFO:colcon.colcon_core.shell:Creating environment hook '/home/kk/github/ros2_control_moveit_6-dor-arm/ros_ws/install/my_robot_description/share/my_robot_description/hook/cmake_prefix_path.sh'
[0.482s] Level 1:colcon.colcon_core.environment:checking '/home/kk/github/ros2_control_moveit_6-dor-arm/ros_ws/install/my_robot_description/bin'
[0.482s] Level 1:colcon.colcon_core.environment:checking '/home/kk/github/ros2_control_moveit_6-dor-arm/ros_ws/install/my_robot_description/lib/pkgconfig/my_robot_description.pc'
[0.482s] Level 1:colcon.colcon_core.environment:checking '/home/kk/github/ros2_control_moveit_6-dor-arm/ros_ws/install/my_robot_description/lib/python3.10/site-packages'
[0.482s] Level 1:colcon.colcon_core.environment:checking '/home/kk/github/ros2_control_moveit_6-dor-arm/ros_ws/install/my_robot_description/bin'
[0.482s] INFO:colcon.colcon_core.shell:Creating package script '/home/kk/github/ros2_control_moveit_6-dor-arm/ros_ws/install/my_robot_description/share/my_robot_description/package.ps1'
[0.483s] INFO:colcon.colcon_core.shell:Creating package descriptor '/home/kk/github/ros2_control_moveit_6-dor-arm/ros_ws/install/my_robot_description/share/my_robot_description/package.dsv'
[0.483s] INFO:colcon.colcon_core.shell:Creating package script '/home/kk/github/ros2_control_moveit_6-dor-arm/ros_ws/install/my_robot_description/share/my_robot_description/package.sh'
[0.484s] INFO:colcon.colcon_core.shell:Creating package script '/home/kk/github/ros2_control_moveit_6-dor-arm/ros_ws/install/my_robot_description/share/my_robot_description/package.bash'
[0.484s] INFO:colcon.colcon_core.shell:Creating package script '/home/kk/github/ros2_control_moveit_6-dor-arm/ros_ws/install/my_robot_description/share/my_robot_description/package.zsh'
[0.484s] Level 1:colcon.colcon_core.environment:create_file_with_runtime_dependencies(/home/kk/github/ros2_control_moveit_6-dor-arm/ros_ws/install/my_robot_description/share/colcon-core/packages/my_robot_description)
[0.484s] INFO:colcon.colcon_ros.task.ament_cmake.build:Building ROS package in '/home/kk/github/ros2_control_moveit_6-dor-arm/ros_ws/src/my_robot_moveit_config' with build type 'ament_cmake'
[0.484s] INFO:colcon.colcon_cmake.task.cmake.build:Building CMake package in '/home/kk/github/ros2_control_moveit_6-dor-arm/ros_ws/src/my_robot_moveit_config'
[0.484s] INFO:colcon.colcon_core.shell:Skip shell extension 'powershell' for command environment: Not usable outside of PowerShell
[0.485s] DEBUG:colcon.colcon_core.shell:Skip shell extension 'dsv' for command environment
[0.493s] DEBUG:colcon.colcon_core.event_handler.log_command:Invoking command in '/home/kk/github/ros2_control_moveit_6-dor-arm/ros_ws/build/my_robot_moveit_config': CMAKE_PREFIX_PATH=/home/kk/github/ros2_control_moveit_6-dor-arm/ros_ws/install/my_robot_description:/home/kk/github/ros2_control_moveit_6-dor-arm/ros_ws/install/my_robot_moveit_config:/home/kk/github/ros2_control_moveit_6-dor-arm/ros_ws/install/my_robot_hardware_interface:/home/kk/github/ros2_control_moveit_6-dor-arm/ros_ws/install/my_robot_controller:/home/kk/github/ros2_control_moveit_6-dor-arm/ros_ws/install/my_robot_bringup:/home/kk/github/ros2_control_moveit_6-dor-arm/ros_ws/src/install/my_robot_moveit_config:/home/kk/github/ros2_control_moveit_6-dor-arm/ros_ws/src/install/my_robot_hardware_interface:/home/kk/github/ros2_control_moveit_6-dor-arm/ros_ws/src/install/my_robot_description:/home/kk/github/ros2_control_moveit_6-dor-arm/ros_ws/src/install/my_robot_controller:/home/kk/github/ros2_control_moveit_6-dor-arm/ros_ws/src/install/my_robot_bringup:/opt/ros/humble /usr/bin/cmake --build /home/kk/github/ros2_control_moveit_6-dor-arm/ros_ws/build/my_robot_moveit_config -- -j16 -l16
[0.529s] DEBUG:colcon.colcon_core.event_handler.log_command:Invoked command in '/home/kk/github/ros2_control_moveit_6-dor-arm/ros_ws/build/my_robot_moveit_config' returned '0': CMAKE_PREFIX_PATH=/home/kk/github/ros2_control_moveit_6-dor-arm/ros_ws/install/my_robot_description:/home/kk/github/ros2_control_moveit_6-dor-arm/ros_ws/install/my_robot_moveit_config:/home/kk/github/ros2_control_moveit_6-dor-arm/ros_ws/install/my_robot_hardware_interface:/home/kk/github/ros2_control_moveit_6-dor-arm/ros_ws/install/my_robot_controller:/home/kk/github/ros2_control_moveit_6-dor-arm/ros_ws/install/my_robot_bringup:/home/kk/github/ros2_control_moveit_6-dor-arm/ros_ws/src/install/my_robot_moveit_config:/home/kk/github/ros2_control_moveit_6-dor-arm/ros_ws/src/install/my_robot_hardware_interface:/home/kk/github/ros2_control_moveit_6-dor-arm/ros_ws/src/install/my_robot_description:/home/kk/github/ros2_control_moveit_6-dor-arm/ros_ws/src/install/my_robot_controller:/home/kk/github/ros2_control_moveit_6-dor-arm/ros_ws/src/install/my_robot_bringup:/opt/ros/humble /usr/bin/cmake --build /home/kk/github/ros2_control_moveit_6-dor-arm/ros_ws/build/my_robot_moveit_config -- -j16 -l16
[0.530s] DEBUG:colcon.colcon_core.event_handler.log_command:Invoking command in '/home/kk/github/ros2_control_moveit_6-dor-arm/ros_ws/build/my_robot_moveit_config': CMAKE_PREFIX_PATH=/home/kk/github/ros2_control_moveit_6-dor-arm/ros_ws/install/my_robot_description:/home/kk/github/ros2_control_moveit_6-dor-arm/ros_ws/install/my_robot_moveit_config:/home/kk/github/ros2_control_moveit_6-dor-arm/ros_ws/install/my_robot_hardware_interface:/home/kk/github/ros2_control_moveit_6-dor-arm/ros_ws/install/my_robot_controller:/home/kk/github/ros2_control_moveit_6-dor-arm/ros_ws/install/my_robot_bringup:/home/kk/github/ros2_control_moveit_6-dor-arm/ros_ws/src/install/my_robot_moveit_config:/home/kk/github/ros2_control_moveit_6-dor-arm/ros_ws/src/install/my_robot_hardware_interface:/home/kk/github/ros2_control_moveit_6-dor-arm/ros_ws/src/install/my_robot_description:/home/kk/github/ros2_control_moveit_6-dor-arm/ros_ws/src/install/my_robot_controller:/home/kk/github/ros2_control_moveit_6-dor-arm/ros_ws/src/install/my_robot_bringup:/opt/ros/humble /usr/bin/cmake --install /home/kk/github/ros2_control_moveit_6-dor-arm/ros_ws/build/my_robot_moveit_config
[0.539s] Level 1:colcon.colcon_core.environment:create_environment_scripts_only(my_robot_moveit_config)
[0.540s] Level 1:colcon.colcon_core.environment:checking '/home/kk/github/ros2_control_moveit_6-dor-arm/ros_ws/install/my_robot_moveit_config' for CMake module files
[0.540s] DEBUG:colcon.colcon_core.event_handler.log_command:Invoked command in '/home/kk/github/ros2_control_moveit_6-dor-arm/ros_ws/build/my_robot_moveit_config' returned '0': CMAKE_PREFIX_PATH=/home/kk/github/ros2_control_moveit_6-dor-arm/ros_ws/install/my_robot_description:/home/kk/github/ros2_control_moveit_6-dor-arm/ros_ws/install/my_robot_moveit_config:/home/kk/github/ros2_control_moveit_6-dor-arm/ros_ws/install/my_robot_hardware_interface:/home/kk/github/ros2_control_moveit_6-dor-arm/ros_ws/install/my_robot_controller:/home/kk/github/ros2_control_moveit_6-dor-arm/ros_ws/install/my_robot_bringup:/home/kk/github/ros2_control_moveit_6-dor-arm/ros_ws/src/install/my_robot_moveit_config:/home/kk/github/ros2_control_moveit_6-dor-arm/ros_ws/src/install/my_robot_hardware_interface:/home/kk/github/ros2_control_moveit_6-dor-arm/ros_ws/src/install/my_robot_description:/home/kk/github/ros2_control_moveit_6-dor-arm/ros_ws/src/install/my_robot_controller:/home/kk/github/ros2_control_moveit_6-dor-arm/ros_ws/src/install/my_robot_bringup:/opt/ros/humble /usr/bin/cmake --install /home/kk/github/ros2_control_moveit_6-dor-arm/ros_ws/build/my_robot_moveit_config
[0.540s] Level 1:colcon.colcon_core.environment:checking '/home/kk/github/ros2_control_moveit_6-dor-arm/ros_ws/install/my_robot_moveit_config' for CMake config files
[0.540s] Level 1:colcon.colcon_core.shell:create_environment_hook('my_robot_moveit_config', 'cmake_prefix_path')
[0.541s] INFO:colcon.colcon_core.shell:Creating environment hook '/home/kk/github/ros2_control_moveit_6-dor-arm/ros_ws/install/my_robot_moveit_config/share/my_robot_moveit_config/hook/cmake_prefix_path.ps1'
[0.541s] INFO:colcon.colcon_core.shell:Creating environment descriptor '/home/kk/github/ros2_control_moveit_6-dor-arm/ros_ws/install/my_robot_moveit_config/share/my_robot_moveit_config/hook/cmake_prefix_path.dsv'
[0.541s] INFO:colcon.colcon_core.shell:Creating environment hook '/home/kk/github/ros2_control_moveit_6-dor-arm/ros_ws/install/my_robot_moveit_config/share/my_robot_moveit_config/hook/cmake_prefix_path.sh'
[0.542s] Level 1:colcon.colcon_core.environment:checking '/home/kk/github/ros2_control_moveit_6-dor-arm/ros_ws/install/my_robot_moveit_config/bin'
[0.542s] Level 1:colcon.colcon_core.environment:checking '/home/kk/github/ros2_control_moveit_6-dor-arm/ros_ws/install/my_robot_moveit_config/lib/pkgconfig/my_robot_moveit_config.pc'
[0.542s] Level 1:colcon.colcon_core.environment:checking '/home/kk/github/ros2_control_moveit_6-dor-arm/ros_ws/install/my_robot_moveit_config/lib/python3.10/site-packages'
[0.542s] Level 1:colcon.colcon_core.environment:checking '/home/kk/github/ros2_control_moveit_6-dor-arm/ros_ws/install/my_robot_moveit_config/bin'
[0.542s] INFO:colcon.colcon_core.shell:Creating package script '/home/kk/github/ros2_control_moveit_6-dor-arm/ros_ws/install/my_robot_moveit_config/share/my_robot_moveit_config/package.ps1'
[0.543s] INFO:colcon.colcon_core.shell:Creating package descriptor '/home/kk/github/ros2_control_moveit_6-dor-arm/ros_ws/install/my_robot_moveit_config/share/my_robot_moveit_config/package.dsv'
[0.543s] INFO:colcon.colcon_core.shell:Creating package script '/home/kk/github/ros2_control_moveit_6-dor-arm/ros_ws/install/my_robot_moveit_config/share/my_robot_moveit_config/package.sh'
[0.543s] INFO:colcon.colcon_core.shell:Creating package script '/home/kk/github/ros2_control_moveit_6-dor-arm/ros_ws/install/my_robot_moveit_config/share/my_robot_moveit_config/package.bash'
[0.544s] INFO:colcon.colcon_core.shell:Creating package script '/home/kk/github/ros2_control_moveit_6-dor-arm/ros_ws/install/my_robot_moveit_config/share/my_robot_moveit_config/package.zsh'
[0.544s] Level 1:colcon.colcon_core.environment:create_file_with_runtime_dependencies(/home/kk/github/ros2_control_moveit_6-dor-arm/ros_ws/install/my_robot_moveit_config/share/colcon-core/packages/my_robot_moveit_config)
[0.544s] Level 1:colcon.colcon_core.environment:create_environment_scripts_only(my_robot_moveit_config)
[0.545s] Level 1:colcon.colcon_core.environment:checking '/home/kk/github/ros2_control_moveit_6-dor-arm/ros_ws/install/my_robot_moveit_config' for CMake module files
[0.545s] Level 1:colcon.colcon_core.environment:checking '/home/kk/github/ros2_control_moveit_6-dor-arm/ros_ws/install/my_robot_moveit_config' for CMake config files
[0.545s] Level 1:colcon.colcon_core.shell:create_environment_hook('my_robot_moveit_config', 'cmake_prefix_path')
[0.545s] INFO:colcon.colcon_core.shell:Creating environment hook '/home/kk/github/ros2_control_moveit_6-dor-arm/ros_ws/install/my_robot_moveit_config/share/my_robot_moveit_config/hook/cmake_prefix_path.ps1'
[0.546s] INFO:colcon.colcon_core.shell:Creating environment descriptor '/home/kk/github/ros2_control_moveit_6-dor-arm/ros_ws/install/my_robot_moveit_config/share/my_robot_moveit_config/hook/cmake_prefix_path.dsv'
[0.546s] INFO:colcon.colcon_core.shell:Creating environment hook '/home/kk/github/ros2_control_moveit_6-dor-arm/ros_ws/install/my_robot_moveit_config/share/my_robot_moveit_config/hook/cmake_prefix_path.sh'
[0.546s] Level 1:colcon.colcon_core.environment:checking '/home/kk/github/ros2_control_moveit_6-dor-arm/ros_ws/install/my_robot_moveit_config/bin'
[0.546s] Level 1:colcon.colcon_core.environment:checking '/home/kk/github/ros2_control_moveit_6-dor-arm/ros_ws/install/my_robot_moveit_config/lib/pkgconfig/my_robot_moveit_config.pc'
[0.547s] Level 1:colcon.colcon_core.environment:checking '/home/kk/github/ros2_control_moveit_6-dor-arm/ros_ws/install/my_robot_moveit_config/lib/python3.10/site-packages'
[0.547s] Level 1:colcon.colcon_core.environment:checking '/home/kk/github/ros2_control_moveit_6-dor-arm/ros_ws/install/my_robot_moveit_config/bin'
[0.547s] INFO:colcon.colcon_core.shell:Creating package script '/home/kk/github/ros2_control_moveit_6-dor-arm/ros_ws/install/my_robot_moveit_config/share/my_robot_moveit_config/package.ps1'
[0.548s] INFO:colcon.colcon_core.shell:Creating package descriptor '/home/kk/github/ros2_control_moveit_6-dor-arm/ros_ws/install/my_robot_moveit_config/share/my_robot_moveit_config/package.dsv'
[0.548s] INFO:colcon.colcon_core.shell:Creating package script '/home/kk/github/ros2_control_moveit_6-dor-arm/ros_ws/install/my_robot_moveit_config/share/my_robot_moveit_config/package.sh'
[0.548s] INFO:colcon.colcon_core.shell:Creating package script '/home/kk/github/ros2_control_moveit_6-dor-arm/ros_ws/install/my_robot_moveit_config/share/my_robot_moveit_config/package.bash'
[0.549s] INFO:colcon.colcon_core.shell:Creating package script '/home/kk/github/ros2_control_moveit_6-dor-arm/ros_ws/install/my_robot_moveit_config/share/my_robot_moveit_config/package.zsh'
[0.549s] Level 1:colcon.colcon_core.environment:create_file_with_runtime_dependencies(/home/kk/github/ros2_control_moveit_6-dor-arm/ros_ws/install/my_robot_moveit_config/share/colcon-core/packages/my_robot_moveit_config)
[0.549s] DEBUG:colcon.colcon_parallel_executor.executor.parallel:closing loop
[0.549s] DEBUG:colcon.colcon_parallel_executor.executor.parallel:loop closed
[0.549s] DEBUG:colcon.colcon_parallel_executor.executor.parallel:run_until_complete finished with '0'
[0.549s] DEBUG:colcon.colcon_core.event_reactor:joining thread
[0.555s] INFO:colcon.colcon_core.plugin_system:Skipping extension 'colcon_notification.desktop_notification.terminal_notifier': Not used on non-Darwin systems
[0.555s] INFO:colcon.colcon_core.plugin_system:Skipping extension 'colcon_notification.desktop_notification.win32': Not used on non-Windows systems
[0.555s] INFO:colcon.colcon_notification.desktop_notification:Sending desktop notification using 'notify2'
[0.562s] DEBUG:colcon.colcon_core.event_reactor:joined thread
[0.563s] INFO:colcon.colcon_core.shell:Creating prefix script '/home/kk/github/ros2_control_moveit_6-dor-arm/ros_ws/install/local_setup.ps1'
[0.564s] INFO:colcon.colcon_core.shell:Creating prefix util module '/home/kk/github/ros2_control_moveit_6-dor-arm/ros_ws/install/_local_setup_util_ps1.py'
[0.565s] INFO:colcon.colcon_core.shell:Creating prefix chain script '/home/kk/github/ros2_control_moveit_6-dor-arm/ros_ws/install/setup.ps1'
[0.566s] INFO:colcon.colcon_core.shell:Creating prefix script '/home/kk/github/ros2_control_moveit_6-dor-arm/ros_ws/install/local_setup.sh'
[0.566s] INFO:colcon.colcon_core.shell:Creating prefix util module '/home/kk/github/ros2_control_moveit_6-dor-arm/ros_ws/install/_local_setup_util_sh.py'
[0.566s] INFO:colcon.colcon_core.shell:Creating prefix chain script '/home/kk/github/ros2_control_moveit_6-dor-arm/ros_ws/install/setup.sh'
[0.567s] INFO:colcon.colcon_core.shell:Creating prefix script '/home/kk/github/ros2_control_moveit_6-dor-arm/ros_ws/install/local_setup.bash'
[0.567s] INFO:colcon.colcon_core.shell:Creating prefix chain script '/home/kk/github/ros2_control_moveit_6-dor-arm/ros_ws/install/setup.bash'
[0.568s] INFO:colcon.colcon_core.shell:Creating prefix script '/home/kk/github/ros2_control_moveit_6-dor-arm/ros_ws/install/local_setup.zsh'
[0.568s] INFO:colcon.colcon_core.shell:Creating prefix chain script '/home/kk/github/ros2_control_moveit_6-dor-arm/ros_ws/install/setup.zsh'
