[0.011s] Invoking command in '/home/kk/github/ros2_control_moveit_6-dor-arm/ros_ws/build/my_robot_hardware_interface': CMAKE_PREFIX_PATH=/opt/ros/humble /usr/bin/cmake /home/kk/github/ros2_control_moveit_6-dor-arm/ros_ws/src/my_robot_hardware_interface -DAMENT_CMAKE_SYMLINK_INSTALL=1 -DCMAKE_INSTALL_PREFIX=/home/kk/github/ros2_control_moveit_6-dor-arm/ros_ws/install/my_robot_hardware_interface
[0.020s] -- Found ament_cmake: 1.3.14 (/opt/ros/humble/share/ament_cmake/cmake)
[0.113s] -- Override CMake install command with custom implementation using symlinks instead of copying resources
[0.119s] -- Found ament_lint_auto: 0.12.15 (/opt/ros/humble/share/ament_lint_auto/cmake)
[0.173s] -- Added test 'cppcheck' to perform static code analysis on C / C++ code
[0.173s] -- Configured cppcheck include dirs: 
[0.173s] -- Configured cppcheck exclude dirs and/or files: 
[0.173s] -- Added test 'lint_cmake' to check CMake code style
[0.174s] -- Added test 'uncrustify' to check C / C++ code style
[0.174s] -- Configured uncrustify additional arguments: 
[0.174s] -- Added test 'xmllint' to check XML markup files
[0.175s] -- Configuring done
[0.178s] -- Generating done
[0.180s] -- Build files have been written to: /home/kk/github/ros2_control_moveit_6-dor-arm/ros_ws/build/my_robot_hardware_interface
[0.183s] Invoked command in '/home/kk/github/ros2_control_moveit_6-dor-arm/ros_ws/build/my_robot_hardware_interface' returned '0': CMAKE_PREFIX_PATH=/opt/ros/humble /usr/bin/cmake /home/kk/github/ros2_control_moveit_6-dor-arm/ros_ws/src/my_robot_hardware_interface -DAMENT_CMAKE_SYMLINK_INSTALL=1 -DCMAKE_INSTALL_PREFIX=/home/kk/github/ros2_control_moveit_6-dor-arm/ros_ws/install/my_robot_hardware_interface
[0.184s] Invoking command in '/home/kk/github/ros2_control_moveit_6-dor-arm/ros_ws/build/my_robot_hardware_interface': CMAKE_PREFIX_PATH=/opt/ros/humble /usr/bin/cmake --build /home/kk/github/ros2_control_moveit_6-dor-arm/ros_ws/build/my_robot_hardware_interface -- -j16 -l16
[0.215s] Invoked command in '/home/kk/github/ros2_control_moveit_6-dor-arm/ros_ws/build/my_robot_hardware_interface' returned '0': CMAKE_PREFIX_PATH=/opt/ros/humble /usr/bin/cmake --build /home/kk/github/ros2_control_moveit_6-dor-arm/ros_ws/build/my_robot_hardware_interface -- -j16 -l16
[0.216s] Invoking command in '/home/kk/github/ros2_control_moveit_6-dor-arm/ros_ws/build/my_robot_hardware_interface': CMAKE_PREFIX_PATH=/opt/ros/humble /usr/bin/cmake --install /home/kk/github/ros2_control_moveit_6-dor-arm/ros_ws/build/my_robot_hardware_interface
[0.222s] -- Install configuration: ""
[0.222s] -- Execute custom install script
[0.222s] -- Symlinking: /home/kk/github/ros2_control_moveit_6-dor-arm/ros_ws/install/my_robot_hardware_interface/share/ament_index/resource_index/package_run_dependencies/my_robot_hardware_interface
[0.229s] -- Symlinking: /home/kk/github/ros2_control_moveit_6-dor-arm/ros_ws/install/my_robot_hardware_interface/share/ament_index/resource_index/parent_prefix_path/my_robot_hardware_interface
[0.237s] -- Symlinking: /home/kk/github/ros2_control_moveit_6-dor-arm/ros_ws/install/my_robot_hardware_interface/share/my_robot_hardware_interface/environment/ament_prefix_path.sh
[0.244s] -- Symlinking: /home/kk/github/ros2_control_moveit_6-dor-arm/ros_ws/install/my_robot_hardware_interface/share/my_robot_hardware_interface/environment/ament_prefix_path.dsv
[0.252s] -- Symlinking: /home/kk/github/ros2_control_moveit_6-dor-arm/ros_ws/install/my_robot_hardware_interface/share/my_robot_hardware_interface/environment/path.sh
[0.260s] -- Symlinking: /home/kk/github/ros2_control_moveit_6-dor-arm/ros_ws/install/my_robot_hardware_interface/share/my_robot_hardware_interface/environment/path.dsv
[0.267s] -- Symlinking: /home/kk/github/ros2_control_moveit_6-dor-arm/ros_ws/install/my_robot_hardware_interface/share/my_robot_hardware_interface/local_setup.bash
[0.275s] -- Symlinking: /home/kk/github/ros2_control_moveit_6-dor-arm/ros_ws/install/my_robot_hardware_interface/share/my_robot_hardware_interface/local_setup.sh
[0.283s] -- Symlinking: /home/kk/github/ros2_control_moveit_6-dor-arm/ros_ws/install/my_robot_hardware_interface/share/my_robot_hardware_interface/local_setup.zsh
[0.291s] -- Symlinking: /home/kk/github/ros2_control_moveit_6-dor-arm/ros_ws/install/my_robot_hardware_interface/share/my_robot_hardware_interface/local_setup.dsv
[0.299s] -- Symlinking: /home/kk/github/ros2_control_moveit_6-dor-arm/ros_ws/install/my_robot_hardware_interface/share/my_robot_hardware_interface/package.dsv
[0.306s] -- Symlinking: /home/kk/github/ros2_control_moveit_6-dor-arm/ros_ws/install/my_robot_hardware_interface/share/ament_index/resource_index/packages/my_robot_hardware_interface
[0.314s] -- Symlinking: /home/kk/github/ros2_control_moveit_6-dor-arm/ros_ws/install/my_robot_hardware_interface/share/my_robot_hardware_interface/cmake/my_robot_hardware_interfaceConfig.cmake
[0.322s] -- Symlinking: /home/kk/github/ros2_control_moveit_6-dor-arm/ros_ws/install/my_robot_hardware_interface/share/my_robot_hardware_interface/cmake/my_robot_hardware_interfaceConfig-version.cmake
[0.330s] -- Symlinking: /home/kk/github/ros2_control_moveit_6-dor-arm/ros_ws/install/my_robot_hardware_interface/share/my_robot_hardware_interface/package.xml
[0.344s] Invoked command in '/home/kk/github/ros2_control_moveit_6-dor-arm/ros_ws/build/my_robot_hardware_interface' returned '0': CMAKE_PREFIX_PATH=/opt/ros/humble /usr/bin/cmake --install /home/kk/github/ros2_control_moveit_6-dor-arm/ros_ws/build/my_robot_hardware_interface
