[0.016s] Invoking command in '/home/kk/github/ros2_control_moveit_6-dor-arm/ros_ws/build/my_robot_bringup': CMAKE_PREFIX_PATH=${CMAKE_PREFIX_PATH}:/opt/ros/humble /usr/bin/cmake /home/kk/github/ros2_control_moveit_6-dor-arm/ros_ws/src/my_robot_bringup -DCMAKE_INSTALL_PREFIX=/home/kk/github/ros2_control_moveit_6-dor-arm/ros_ws/install/my_robot_bringup
[0.030s] -- Found ament_cmake: 1.3.14 (/opt/ros/humble/share/ament_cmake/cmake)
[0.129s] -- Override CMake install command with custom implementation using symlinks instead of copying resources
[0.191s] -- Configuring done
[0.195s] -- Generating done
[0.196s] -- Build files have been written to: /home/kk/github/ros2_control_moveit_6-dor-arm/ros_ws/build/my_robot_bringup
[0.200s] Invoked command in '/home/kk/github/ros2_control_moveit_6-dor-arm/ros_ws/build/my_robot_bringup' returned '0': CMAKE_PREFIX_PATH=${CMAKE_PREFIX_PATH}:/opt/ros/humble /usr/bin/cmake /home/kk/github/ros2_control_moveit_6-dor-arm/ros_ws/src/my_robot_bringup -DCMAKE_INSTALL_PREFIX=/home/kk/github/ros2_control_moveit_6-dor-arm/ros_ws/install/my_robot_bringup
[0.201s] Invoking command in '/home/kk/github/ros2_control_moveit_6-dor-arm/ros_ws/build/my_robot_bringup': CMAKE_PREFIX_PATH=${CMAKE_PREFIX_PATH}:/opt/ros/humble /usr/bin/cmake --build /home/kk/github/ros2_control_moveit_6-dor-arm/ros_ws/build/my_robot_bringup -- -j16 -l16
[0.242s] Invoked command in '/home/kk/github/ros2_control_moveit_6-dor-arm/ros_ws/build/my_robot_bringup' returned '0': CMAKE_PREFIX_PATH=${CMAKE_PREFIX_PATH}:/opt/ros/humble /usr/bin/cmake --build /home/kk/github/ros2_control_moveit_6-dor-arm/ros_ws/build/my_robot_bringup -- -j16 -l16
[0.244s] Invoking command in '/home/kk/github/ros2_control_moveit_6-dor-arm/ros_ws/build/my_robot_bringup': CMAKE_PREFIX_PATH=${CMAKE_PREFIX_PATH}:/opt/ros/humble /usr/bin/cmake --install /home/kk/github/ros2_control_moveit_6-dor-arm/ros_ws/build/my_robot_bringup
[0.251s] -- Install configuration: ""
[0.251s] -- Execute custom install script
[0.252s] -- Up-to-date symlink: /home/kk/github/ros2_control_moveit_6-dor-arm/ros_ws/install/my_robot_bringup/share/ament_index/resource_index/package_run_dependencies/my_robot_bringup
[0.252s] -- Up-to-date symlink: /home/kk/github/ros2_control_moveit_6-dor-arm/ros_ws/install/my_robot_bringup/share/ament_index/resource_index/parent_prefix_path/my_robot_bringup
[0.252s] -- Up-to-date symlink: /home/kk/github/ros2_control_moveit_6-dor-arm/ros_ws/install/my_robot_bringup/share/my_robot_bringup/environment/ament_prefix_path.sh
[0.252s] -- Up-to-date symlink: /home/kk/github/ros2_control_moveit_6-dor-arm/ros_ws/install/my_robot_bringup/share/my_robot_bringup/environment/ament_prefix_path.dsv
[0.253s] -- Up-to-date symlink: /home/kk/github/ros2_control_moveit_6-dor-arm/ros_ws/install/my_robot_bringup/share/my_robot_bringup/environment/path.sh
[0.253s] -- Up-to-date symlink: /home/kk/github/ros2_control_moveit_6-dor-arm/ros_ws/install/my_robot_bringup/share/my_robot_bringup/environment/path.dsv
[0.253s] -- Up-to-date symlink: /home/kk/github/ros2_control_moveit_6-dor-arm/ros_ws/install/my_robot_bringup/share/my_robot_bringup/local_setup.bash
[0.253s] -- Up-to-date symlink: /home/kk/github/ros2_control_moveit_6-dor-arm/ros_ws/install/my_robot_bringup/share/my_robot_bringup/local_setup.sh
[0.254s] -- Up-to-date symlink: /home/kk/github/ros2_control_moveit_6-dor-arm/ros_ws/install/my_robot_bringup/share/my_robot_bringup/local_setup.zsh
[0.254s] -- Up-to-date symlink: /home/kk/github/ros2_control_moveit_6-dor-arm/ros_ws/install/my_robot_bringup/share/my_robot_bringup/local_setup.dsv
[0.254s] -- Symlinking: /home/kk/github/ros2_control_moveit_6-dor-arm/ros_ws/install/my_robot_bringup/share/my_robot_bringup/package.dsv
[0.263s] -- Up-to-date symlink: /home/kk/github/ros2_control_moveit_6-dor-arm/ros_ws/install/my_robot_bringup/share/ament_index/resource_index/packages/my_robot_bringup
[0.263s] -- Up-to-date symlink: /home/kk/github/ros2_control_moveit_6-dor-arm/ros_ws/install/my_robot_bringup/share/my_robot_bringup/cmake/my_robot_bringupConfig.cmake
[0.263s] -- Up-to-date symlink: /home/kk/github/ros2_control_moveit_6-dor-arm/ros_ws/install/my_robot_bringup/share/my_robot_bringup/cmake/my_robot_bringupConfig-version.cmake
[0.264s] -- Up-to-date symlink: /home/kk/github/ros2_control_moveit_6-dor-arm/ros_ws/install/my_robot_bringup/share/my_robot_bringup/package.xml
[0.278s] Invoked command in '/home/kk/github/ros2_control_moveit_6-dor-arm/ros_ws/build/my_robot_bringup' returned '0': CMAKE_PREFIX_PATH=${CMAKE_PREFIX_PATH}:/opt/ros/humble /usr/bin/cmake --install /home/kk/github/ros2_control_moveit_6-dor-arm/ros_ws/build/my_robot_bringup
