[0.014s] Invoking command in '/home/kk/github/ros2_control_moveit_6-dor-arm/ros_ws/build/my_robot_hardware_interface': CMAKE_PREFIX_PATH=${CMAKE_PREFIX_PATH}:/opt/ros/humble /usr/bin/cmake /home/kk/github/ros2_control_moveit_6-dor-arm/ros_ws/src/my_robot_hardware_interface -DCMAKE_INSTALL_PREFIX=/home/kk/github/ros2_control_moveit_6-dor-arm/ros_ws/install/my_robot_hardware_interface
[0.023s] -- Found ament_cmake: 1.3.14 (/opt/ros/humble/share/ament_cmake/cmake)
[0.114s] -- Override CMake install command with custom implementation using symlinks instead of copying resources
[0.124s] -- Found hardware_interface: 2.53.1 (/opt/ros/humble/share/hardware_interface/cmake)
[0.182s] -- Found rosidl_generator_c: 3.1.8 (/opt/ros/humble/share/rosidl_generator_c/cmake)
[0.188s] -- Found rosidl_adapter: 3.1.8 (/opt/ros/humble/share/rosidl_adapter/cmake)
[0.199s] -- Found rosidl_generator_cpp: 3.1.8 (/opt/ros/humble/share/rosidl_generator_cpp/cmake)
[0.215s] -- Using all available rosidl_typesupport_c: rosidl_typesupport_fastrtps_c;rosidl_typesupport_introspection_c
[0.235s] -- Using all available rosidl_typesupport_cpp: rosidl_typesupport_fastrtps_cpp;rosidl_typesupport_introspection_cpp
[0.473s] -- Found rmw_implementation_cmake: 6.1.2 (/opt/ros/humble/share/rmw_implementation_cmake/cmake)
[0.477s] -- Found rmw_cyclonedds_cpp: 1.3.4 (/opt/ros/humble/share/rmw_cyclonedds_cpp/cmake)
[0.509s] -- Using RMW implementation 'rmw_cyclonedds_cpp' as default
[0.522s] -- Looking for pthread.h
[0.589s] -- Looking for pthread.h - found
[0.589s] -- Performing Test CMAKE_HAVE_LIBC_PTHREAD
[0.659s] -- Performing Test CMAKE_HAVE_LIBC_PTHREAD - Success
[0.660s] -- Found Threads: TRUE  
[0.764s] -- Configuring done
[0.776s] -- Generating done
[0.780s] -- Build files have been written to: /home/kk/github/ros2_control_moveit_6-dor-arm/ros_ws/build/my_robot_hardware_interface
[0.787s] Invoked command in '/home/kk/github/ros2_control_moveit_6-dor-arm/ros_ws/build/my_robot_hardware_interface' returned '0': CMAKE_PREFIX_PATH=${CMAKE_PREFIX_PATH}:/opt/ros/humble /usr/bin/cmake /home/kk/github/ros2_control_moveit_6-dor-arm/ros_ws/src/my_robot_hardware_interface -DCMAKE_INSTALL_PREFIX=/home/kk/github/ros2_control_moveit_6-dor-arm/ros_ws/install/my_robot_hardware_interface
[0.789s] Invoking command in '/home/kk/github/ros2_control_moveit_6-dor-arm/ros_ws/build/my_robot_hardware_interface': CMAKE_PREFIX_PATH=${CMAKE_PREFIX_PATH}:/opt/ros/humble /usr/bin/cmake --build /home/kk/github/ros2_control_moveit_6-dor-arm/ros_ws/build/my_robot_hardware_interface -- -j16 -l16
[0.839s] [ 50%] [32mBuilding CXX object CMakeFiles/my_robot_hardware_interface.dir/src/my_robot_hardware_interface.cpp.o[0m
[3.834s] [100%] [32m[1mLinking CXX shared library libmy_robot_hardware_interface.so[0m
[3.976s] [100%] Built target my_robot_hardware_interface
[3.989s] Invoked command in '/home/kk/github/ros2_control_moveit_6-dor-arm/ros_ws/build/my_robot_hardware_interface' returned '0': CMAKE_PREFIX_PATH=${CMAKE_PREFIX_PATH}:/opt/ros/humble /usr/bin/cmake --build /home/kk/github/ros2_control_moveit_6-dor-arm/ros_ws/build/my_robot_hardware_interface -- -j16 -l16
[3.990s] Invoking command in '/home/kk/github/ros2_control_moveit_6-dor-arm/ros_ws/build/my_robot_hardware_interface': CMAKE_PREFIX_PATH=${CMAKE_PREFIX_PATH}:/opt/ros/humble /usr/bin/cmake --install /home/kk/github/ros2_control_moveit_6-dor-arm/ros_ws/build/my_robot_hardware_interface
[3.998s] -- Install configuration: ""
[3.998s] -- Execute custom install script
[3.998s] -- Symlinking: /home/kk/github/ros2_control_moveit_6-dor-arm/ros_ws/install/my_robot_hardware_interface/lib/libmy_robot_hardware_interface.so
[4.008s] -- Symlinking: /home/kk/github/ros2_control_moveit_6-dor-arm/ros_ws/install/my_robot_hardware_interface/share/my_robot_hardware_interface/my_robot_hardware_interface.xml
[4.017s] -- Up-to-date symlink: /home/kk/github/ros2_control_moveit_6-dor-arm/ros_ws/install/my_robot_hardware_interface/share/ament_index/resource_index/package_run_dependencies/my_robot_hardware_interface
[4.017s] -- Up-to-date symlink: /home/kk/github/ros2_control_moveit_6-dor-arm/ros_ws/install/my_robot_hardware_interface/share/ament_index/resource_index/parent_prefix_path/my_robot_hardware_interface
[4.017s] -- Up-to-date symlink: /home/kk/github/ros2_control_moveit_6-dor-arm/ros_ws/install/my_robot_hardware_interface/share/my_robot_hardware_interface/environment/ament_prefix_path.sh
[4.017s] -- Up-to-date symlink: /home/kk/github/ros2_control_moveit_6-dor-arm/ros_ws/install/my_robot_hardware_interface/share/my_robot_hardware_interface/environment/ament_prefix_path.dsv
[4.017s] -- Up-to-date symlink: /home/kk/github/ros2_control_moveit_6-dor-arm/ros_ws/install/my_robot_hardware_interface/share/my_robot_hardware_interface/environment/path.sh
[4.018s] -- Up-to-date symlink: /home/kk/github/ros2_control_moveit_6-dor-arm/ros_ws/install/my_robot_hardware_interface/share/my_robot_hardware_interface/environment/path.dsv
[4.018s] -- Up-to-date symlink: /home/kk/github/ros2_control_moveit_6-dor-arm/ros_ws/install/my_robot_hardware_interface/share/my_robot_hardware_interface/local_setup.bash
[4.018s] -- Up-to-date symlink: /home/kk/github/ros2_control_moveit_6-dor-arm/ros_ws/install/my_robot_hardware_interface/share/my_robot_hardware_interface/local_setup.sh
[4.018s] -- Up-to-date symlink: /home/kk/github/ros2_control_moveit_6-dor-arm/ros_ws/install/my_robot_hardware_interface/share/my_robot_hardware_interface/local_setup.zsh
[4.019s] -- Up-to-date symlink: /home/kk/github/ros2_control_moveit_6-dor-arm/ros_ws/install/my_robot_hardware_interface/share/my_robot_hardware_interface/local_setup.dsv
[4.019s] -- Symlinking: /home/kk/github/ros2_control_moveit_6-dor-arm/ros_ws/install/my_robot_hardware_interface/share/my_robot_hardware_interface/package.dsv
[4.028s] -- Up-to-date symlink: /home/kk/github/ros2_control_moveit_6-dor-arm/ros_ws/install/my_robot_hardware_interface/share/ament_index/resource_index/packages/my_robot_hardware_interface
[4.028s] -- Up-to-date symlink: /home/kk/github/ros2_control_moveit_6-dor-arm/ros_ws/install/my_robot_hardware_interface/share/my_robot_hardware_interface/cmake/my_robot_hardware_interfaceConfig.cmake
[4.028s] -- Up-to-date symlink: /home/kk/github/ros2_control_moveit_6-dor-arm/ros_ws/install/my_robot_hardware_interface/share/my_robot_hardware_interface/cmake/my_robot_hardware_interfaceConfig-version.cmake
[4.028s] -- Up-to-date symlink: /home/kk/github/ros2_control_moveit_6-dor-arm/ros_ws/install/my_robot_hardware_interface/share/my_robot_hardware_interface/package.xml
[4.031s] Invoked command in '/home/kk/github/ros2_control_moveit_6-dor-arm/ros_ws/build/my_robot_hardware_interface' returned '0': CMAKE_PREFIX_PATH=${CMAKE_PREFIX_PATH}:/opt/ros/humble /usr/bin/cmake --install /home/kk/github/ros2_control_moveit_6-dor-arm/ros_ws/build/my_robot_hardware_interface
